Flow report for bias_card
Wed Oct 04 11:47:49 2006
Version 6.0 Build 202 06/20/2006 Service Pack 1 SJ Full Version


---------------------
; Table of Contents ;
---------------------
  1. Legal Notice
  2. Flow Summary
  3. Flow Settings
  4. Flow Non-Default Global Settings
  5. Flow Elapsed Time
  6. Flow Log



----------------
; Legal Notice ;
----------------
Copyright (C) 1991-2006 Altera Corporation
Your use of Altera Corporation's design tools, logic functions 
and other software and tools, and its AMPP partner logic 
functions, and any output files any of the foregoing 
(including device programming or simulation files), and any 
associated documentation or information are expressly subject 
to the terms and conditions of the Altera Program License 
Subscription Agreement, Altera MegaCore Function License 
Agreement, or other applicable license agreement, including, 
without limitation, that your use is for the sole purpose of 
programming logic devices manufactured by Altera and sold by 
Altera or its authorized distributors.  Please refer to the 
applicable agreement for further details.



+--------------------------------------------------------------------------+
; Flow Summary                                                             ;
+--------------------------+-----------------------------------------------+
; Flow Status              ; Analyzed - Wed Oct 04 11:47:49 2006           ;
; Quartus II Version       ; 6.0 Build 202 06/20/2006 SP 1 SJ Full Version ;
; Revision Name            ; bias_card                                     ;
; Top-level Entity Name    ; bias_card                                     ;
; Family                   ; Stratix                                       ;
; Device                   ; EP1S10F780C5                                  ;
; Timing Models            ; Final                                         ;
; Met timing requirements  ; Yes                                           ;
; Total logic elements     ; 2,240 / 10,570 ( 21 % )                       ;
; Total pins               ; 186 / 427 ( 44 % )                            ;
; Total virtual pins       ; 0                                             ;
; Total memory bits        ; 69,632 / 920,448 ( 8 % )                      ;
; DSP block 9-bit elements ; 0 / 48 ( 0 % )                                ;
; Total PLLs               ; 1 / 6 ( 17 % )                                ;
; Total DLLs               ; 0 / 2 ( 0 % )                                 ;
+--------------------------+-----------------------------------------------+


+-----------------------------------------+
; Flow Settings                           ;
+-------------------+---------------------+
; Option            ; Setting             ;
+-------------------+---------------------+
; Start date & time ; 10/04/2006 11:45:03 ;
; Main task         ; Compilation         ;
; Revision Name     ; bias_card           ;
+-------------------+---------------------+


+-----------------------------------------------------------------------------------------------------------+
; Flow Non-Default Global Settings                                                                          ;
+--------------------------------------------+---------------+---------------+-------------+----------------+
; Assignment Name                            ; Value         ; Default Value ; Entity Name ; Section Id     ;
+--------------------------------------------+---------------+---------------+-------------+----------------+
; AUTO_ENABLE_SMART_COMPILE                  ; Off           ; --            ; --          ; --             ;
; DO_COMBINED_ANALYSIS                       ; On            ; Off           ; --          ; --             ;
; EDA_GENERATE_FUNCTIONAL_NETLIST            ; On            ; --            ; --          ; eda_simulation ;
; EDA_INCLUDE_VHDL_CONFIGURATION_DECLARATION ; On            ; --            ; --          ; eda_simulation ;
; EDA_MAP_ILLEGAL_CHARACTERS                 ; On            ; --            ; --          ; eda_simulation ;
; EDA_OUTPUT_DATA_FORMAT                     ; Vhdl          ; --            ; --          ; eda_simulation ;
; ENABLE_CLOCK_LATENCY                       ; On            ; Off           ; --          ; --             ;
; ENABLE_DRC_SETTINGS                        ; On            ; Off           ; --          ; --             ;
; ENABLE_RECOVERY_REMOVAL_ANALYSIS           ; On            ; Off           ; --          ; --             ;
; ENABLE_SIGNALTAP                           ; Off           ; --            ; --          ; --             ;
; OPTIMIZE_FAST_CORNER_TIMING                ; On            ; Off           ; --          ; --             ;
; PHYSICAL_SYNTHESIS_EFFORT                  ; Extra         ; Normal        ; --          ; --             ;
; PHYSICAL_SYNTHESIS_REGISTER_DUPLICATION    ; On            ; Off           ; --          ; --             ;
; STRATIX_OPTIMIZATION_TECHNIQUE             ; Speed         ; Balanced      ; --          ; --             ;
; USE_SIGNALTAP_FILE                         ; bias_card.stp ; --            ; --          ; --             ;
+--------------------------------------------+---------------+---------------+-------------+----------------+


+-------------------------------------+
; Flow Elapsed Time                   ;
+----------------------+--------------+
; Module Name          ; Elapsed Time ;
+----------------------+--------------+
; Analysis & Synthesis ; 00:01:03     ;
; Fitter               ; 00:01:10     ;
; Assembler            ; 00:00:05     ;
; Timing Analyzer      ; 00:00:08     ;
; Design Assistant     ; 00:00:10     ;
; Total                ; 00:02:36     ;
+----------------------+--------------+


------------
; Flow Log ;
------------
quartus_map --read_settings_files=on --write_settings_files=off bias_card -c bias_card
quartus_fit --read_settings_files=off --write_settings_files=off bias_card -c bias_card
quartus_asm --read_settings_files=off --write_settings_files=off bias_card -c bias_card
quartus_tan --read_settings_files=off --write_settings_files=off bias_card -c bias_card --timing_analysis_only
quartus_drc --read_settings_files=off --write_settings_files=off bias_card -c bias_card



