Assembler report for cc_pld compilation.
Mon Mar 15 16:30:56 2004
Version 3.0 Build 245 10/09/2003 Service Pack 2 SJ Full Version

Command: quartus_asm --import_settings_files=off --export_settings_files=off cc_pld -c cc_pld



---------------------
; Table of Contents ;
---------------------
   1. Legal Notice
   2. Flow Summary
   3. Flow Settings
   4. Flow Elapsed Time
   5. Assembler Summary
   6. Assembler Settings
   7. Assembler Generated Files
   8. Assembler Device Options: cc_pld.pof
   9. Assembler Messages


----------------
; Legal Notice ;
----------------
Copyright (C) 1991-2003 Altera Corporation
Any  megafunction  design,  and related netlist (encrypted  or  decrypted),
support information,  device programming or simulation file,  and any other
associated  documentation or information  provided by  Altera  or a partner
under  Altera's   Megafunction   Partnership   Program  may  be  used  only
to program  PLD  devices (but not masked  PLD  devices) from  Altera.   Any
other  use  of such  megafunction  design,  netlist,  support  information,
device programming or simulation file,  or any other  related documentation
or information  is prohibited  for  any  other purpose,  including, but not
limited to  modification,  reverse engineering,  de-compiling, or use  with
any other  silicon devices,  unless such use is  explicitly  licensed under
a separate agreement with  Altera  or a megafunction partner.  Title to the
intellectual property,  including patents,  copyrights,  trademarks,  trade
secrets,  or maskworks,  embodied in any such megafunction design, netlist,
support  information,  device programming or simulation file,  or any other
related documentation or information provided by  Altera  or a megafunction
partner, remains with Altera, the megafunction partner, or their respective
licensors. No other licenses, including any licenses needed under any third
party's intellectual property, are provided herein.



-----------------------------------------------------------------
; Flow Summary                                                  ;
-----------------------------------------------------------------
; Flow Status           ; Successful - Mon Mar 15 16:30:56 2004 ;
; Compiler Setting Name ; cc_pld                                ;
; Top-level Entity Name ; cc_pld                                ;
; Family                ; MAX3000A                              ;
; Device                ; EPM3128ATC100-10                      ;
; Total macrocells      ; 17 / 128 ( 13 % )                     ;
; Total pins            ; 46 / 80 ( 57 % )                      ;
-----------------------------------------------------------------


-----------------------------------------------
; Flow Settings                               ;
-----------------------------------------------
; Option                ; Setting             ;
-----------------------------------------------
; Start date & time     ; 03/15/2004 16:30:47 ;
; Main task             ; Compilation         ;
; Compiler Setting Name ; cc_pld              ;
-----------------------------------------------


---------------------------------------
; Flow Elapsed Time                   ;
---------------------------------------
; Module Name          ; Elapsed Time ;
---------------------------------------
; Analysis & Synthesis ; 00:00:02     ;
; Fitter               ; 00:00:01     ;
; Assembler            ; 00:00:01     ;
; Total                ; 00:00:04     ;
---------------------------------------


-----------------------------------------------------------------
; Assembler Summary                                             ;
-----------------------------------------------------------------
; Assembler Status      ; Successful - Mon Mar 15 16:30:56 2004 ;
; Compiler Setting Name ; cc_pld                                ;
; Top-level Entity Name ; cc_pld                                ;
; Family                ; MAX3000A                              ;
; Device                ; EPM3128ATC100-10                      ;
-----------------------------------------------------------------


-------------------------------------------------------------------------------------------------
; Assembler Settings                                                                            ;
-------------------------------------------------------------------------------------------------
; Option                                                                             ; Setting  ;
-------------------------------------------------------------------------------------------------
; Generate Hexadecimal (Intel-format) Output File (.hexout) For Configuration Device ; Off      ;
; Generate Compressed Jam Byte-Code File (.jbc) For Configuration Device             ; On       ;
; Generate uncompressed Jam File (.jbc) For Configuration Device                     ; Off      ;
; Generate Jam File (.jam) For Configuration Device                                  ; Off      ;
; Generate In System Configuration File (.isc) For Configuration Device              ; Off      ;
; Generate Serial Vector Format File (.svf) For Configuration Device                 ; Off      ;
; Generate Compressed Jam Byte-Code File (.jbc) for Target Device                    ; On       ;
; Generate Uncompressed Jam Byte-Code File (.jbc) for Target Device                  ; Off      ;
; Generate Jam File (.jam) for Target Device                                         ; Off      ;
; Generate In System Configuration File (.isc) for Target Device                     ; Off      ;
; Generate Serial Vector Format File (.svf) for Target Device                        ; Off      ;
; Hexadecimal Output File count direction                                            ; Up       ;
; Hexadecimal Output File start address                                              ; 0        ;
; Generate Hexadecimal (Intel-Format) Output File (.hexout) for Target Device        ; Off      ;
; Generate Raw Binary File (.rbf) For Target Device                                  ; Off      ;
; Generate Tabular Text File (.ttf) For Target Device                                ; Off      ;
; Configuration device auto user code                                                ; Off      ;
; Security bit                                                                       ; Off      ;
; Auto user code                                                                     ; Off      ;
; JTAG user code for target device                                                   ; Ffffffff ;
; Divide clock frequency by                                                          ; 1        ;
; Clock frequency of the configuration device                                        ; 10 MHZ   ;
; Clock source for configuration device                                              ; Internal ;
; Compression mode                                                                   ; Off      ;
-------------------------------------------------------------------------------------------------


-----------------------------
; Assembler Generated Files ;
-----------------------------
; File Name                 ;
-----------------------------
; cc_pld.pof                ;
-----------------------------


-------------------------------------
; Assembler Device Options: cc_pld.pof ;
-------------------------------------
; Option         ; Setting          ;
-------------------------------------
; Device         ; EPM3128ATC100-10 ;
; JTAG usercode  ; 0x00000000       ;
; Checksum       ; 0x001E1BC8       ;
-------------------------------------


-----------------------
; Assembler Messages  ;
-----------------------
Info: *******************************************************************
Info: Running Quartus II Assembler
  Info: Version 3.0 Build 245 10/09/2003 Service Pack 2 SJ Full Version
  Info: Processing started: Mon Mar 15 16:30:55 2004
Info: Command: quartus_asm --import_settings_files=off --export_settings_files=off cc_pld -c cc_pld
Info: Quartus II Assembler was successful. 0 errors, 0 warnings
  Info: Processing ended: Mon Mar 15 16:30:56 2004
  Info: Elapsed time: 00:00:01
Info: Writing report file cc_pld.asm.rpt


