Flow report for readout_card
Mon Nov 17 15:46:54 2008
Quartus II Version 8.1 Build 163 10/28/2008 SJ Full Version


---------------------
; Table of Contents ;
---------------------
  1. Legal Notice
  2. Flow Summary
  3. Flow Settings
  4. Flow Non-Default Global Settings
  5. Flow Elapsed Time
  6. Flow OS Summary
  7. Flow Log



----------------
; Legal Notice ;
----------------
Copyright (C) 1991-2008 Altera Corporation
Your use of Altera Corporation's design tools, logic functions 
and other software and tools, and its AMPP partner logic 
functions, and any output files from any of the foregoing 
(including device programming or simulation files), and any 
associated documentation or information are expressly subject 
to the terms and conditions of the Altera Program License 
Subscription Agreement, Altera MegaCore Function License 
Agreement, or other applicable license agreement, including, 
without limitation, that your use is for the sole purpose of 
programming logic devices manufactured by Altera and sold by 
Altera or its authorized distributors.  Please refer to the 
applicable agreement for further details.



+--------------------------------------------------------------------------+
; Flow Summary                                                             ;
+-------------------------------+------------------------------------------+
; Flow Status                   ; Successful - Mon Nov 17 15:46:54 2008    ;
; Quartus II Version            ; 8.1 Build 163 10/28/2008 SJ Full Version ;
; Revision Name                 ; readout_card                             ;
; Top-level Entity Name         ; readout_card                             ;
; Family                        ; Stratix III                              ;
; Device                        ; EP3SE50F780C4                            ;
; Timing Models                 ; Preliminary                              ;
; Met timing requirements       ; N/A                                      ;
; Logic utilization             ; 67 %                                     ;
;     Combinational ALUTs       ; 18,609 / 38,000 ( 49 % )                 ;
;     Memory ALUTs              ; 80 / 19,000 ( < 1 % )                    ;
;     Dedicated logic registers ; 16,336 / 38,000 ( 43 % )                 ;
; Total registers               ; 16476                                    ;
; Total pins                    ; 398 / 488 ( 82 % )                       ;
; Total virtual pins            ; 0                                        ;
; Total block memory bits       ; 407,808 / 5,455,872 ( 7 % )              ;
; DSP block 18-bit elements     ; 40 / 384 ( 10 % )                        ;
; Total PLLs                    ; 2 / 4 ( 50 % )                           ;
; Total DLLs                    ; 1 / 4 ( 25 % )                           ;
+-------------------------------+------------------------------------------+


+-----------------------------------------+
; Flow Settings                           ;
+-------------------+---------------------+
; Option            ; Setting             ;
+-------------------+---------------------+
; Start date & time ; 11/17/2008 15:14:27 ;
; Main task         ; Compilation         ;
; Revision Name     ; readout_card        ;
+-------------------+---------------------+


+---------------------------------------------------------------------------------------------------------------------------------------------------------------------------------+
; Flow Non-Default Global Settings                                                                                                                                                ;
+-------------------------------------------------+-----------------------------------------------------------------+------------------------------+-------------+----------------+
; Assignment Name                                 ; Value                                                           ; Default Value                ; Entity Name ; Section Id     ;
+-------------------------------------------------+-----------------------------------------------------------------+------------------------------+-------------+----------------+
; ADV_NETLIST_OPT_SYNTH_GATE_RETIME               ; On                                                              ; Off                          ; --          ; --             ;
; ADV_NETLIST_OPT_SYNTH_WYSIWYG_REMAP             ; On                                                              ; Off                          ; --          ; --             ;
; ALLOW_ANY_RAM_SIZE_FOR_RECOGNITION              ; On                                                              ; Off                          ; --          ; --             ;
; ALLOW_ANY_ROM_SIZE_FOR_RECOGNITION              ; On                                                              ; Off                          ; --          ; --             ;
; ASSG_RULE_MISSING_TIMING                        ; Off                                                             ; On                           ; --          ; --             ;
; AUTO_ENABLE_SMART_COMPILE                       ; Off                                                             ; --                           ; --          ; --             ;
; AUTO_GLOBAL_MEMORY_CONTROLS                     ; On                                                              ; Off                          ; --          ; --             ;
; AUTO_PACKED_REGISTERS                           ; Normal                                                          ; Off                          ; --          ; --             ;
; AUTO_PACKED_REGISTERS_CYCLONE                   ; Normal                                                          ; Auto                         ; --          ; --             ;
; AUTO_PACKED_REGISTERS_MAXII                     ; Normal                                                          ; Auto                         ; --          ; --             ;
; AUTO_PACKED_REGISTERS_STRATIX                   ; Normal                                                          ; Auto                         ; --          ; --             ;
; AUTO_PACKED_REGISTERS_STRATIXII                 ; Normal                                                          ; Auto                         ; --          ; --             ;
; COMPILER_SIGNATURE_ID                           ; 134142558187.122693126707568                                    ; --                           ; --          ; --             ;
; EDA_INCLUDE_VHDL_CONFIGURATION_DECLARATION      ; On                                                              ; --                           ; --          ; eda_simulation ;
; EDA_OUTPUT_DATA_FORMAT                          ; Vhdl                                                            ; --                           ; --          ; eda_simulation ;
; EDA_SIMULATION_TOOL                             ; ModelSim-Altera (VHDL)                                          ; <None>                       ; --          ; --             ;
; ENABLE_ADVANCED_IO_TIMING                       ; On                                                              ; --                           ; --          ; --             ;
; ENABLE_CLOCK_LATENCY                            ; On                                                              ; Off                          ; --          ; --             ;
; ENABLE_DRC_SETTINGS                             ; On                                                              ; Off                          ; --          ; --             ;
; ENABLE_SIGNALTAP                                ; Off                                                             ; --                           ; --          ; --             ;
; FITTER_EFFORT                                   ; Standard Fit                                                    ; Auto Fit                     ; --          ; --             ;
; IGNORE_LCELL_BUFFERS                            ; On                                                              ; Off                          ; --          ; --             ;
; INCREMENTAL_COMPILATION                         ; Off                                                             ; FULL_INCREMENTAL_COMPILATION ; --          ; --             ;
; IP_TOOL_NAME                                    ; ALTPLL                                                          ; --                           ; --          ; --             ;
; IP_TOOL_NAME                                    ; DDR2 High Performance Controller                                ; --                           ; --          ; --             ;
; IP_TOOL_NAME                                    ; RAM: 3-PORT                                                     ; --                           ; --          ; --             ;
; IP_TOOL_NAME                                    ; RAM: 3-PORT                                                     ; --                           ; --          ; --             ;
; IP_TOOL_NAME                                    ; RAM: 3-PORT                                                     ; --                           ; --          ; --             ;
; IP_TOOL_VERSION                                 ; 8.0                                                             ; --                           ; --          ; --             ;
; IP_TOOL_VERSION                                 ; 8.1                                                             ; --                           ; --          ; --             ;
; IP_TOOL_VERSION                                 ; 8.1                                                             ; --                           ; --          ; --             ;
; IP_TOOL_VERSION                                 ; 8.1                                                             ; --                           ; --          ; --             ;
; IP_TOOL_VERSION                                 ; 8.1                                                             ; --                           ; --          ; --             ;
; MAX_CORE_JUNCTION_TEMP                          ; 85                                                              ; --                           ; --          ; --             ;
; MIN_CORE_JUNCTION_TEMP                          ; 0                                                               ; --                           ; --          ; --             ;
; MISC_FILE                                       ; C:/mce/cards/readout_card/readout_card/synth/readout_card.dpf   ; --                           ; --          ; --             ;
; MISC_FILE                                       ; ../../pll/source/rtl/rc_pll.ppf                                 ; --                           ; --          ; --             ;
; MISC_FILE                                       ; ../../ddr2_sdram_ctrl/micron_ctrl.vhd                           ; --                           ; --          ; --             ;
; MISC_FILE                                       ; ../../ddr2_sdram_ctrl/micron_ctrl.cmp                           ; --                           ; --          ; --             ;
; MISC_FILE                                       ; ../../ddr2_sdram_ctrl/micron_ctrl.qip                           ; --                           ; --          ; --             ;
; MISC_FILE                                       ; ../../ddr2_sdram_ctrl/micron_ctrl.html                          ; --                           ; --          ; --             ;
; MISC_FILE                                       ; ../../ddr2_sdram_ctrl/testbench/micron_ctrl_example_top_tb.vhdl ; --                           ; --          ; --             ;
; MISC_FILE                                       ; ../../ddr2_sdram_ctrl/testbench/micron_ctrl_mem_model.vhdl      ; --                           ; --          ; --             ;
; MUX_RESTRUCTURE                                 ; Off                                                             ; Auto                         ; --          ; --             ;
; NOMINAL_CORE_SUPPLY_VOLTAGE                     ; 1.1V                                                            ; --                           ; --          ; --             ;
; NUMBER_OF_PATHS_TO_REPORT                       ; 500                                                             ; 200                          ; --          ; --             ;
; NUM_PARALLEL_PROCESSORS                         ; 2                                                               ; 1                            ; --          ; --             ;
; OPTIMIZE_MULTI_CORNER_TIMING                    ; On                                                              ; Off                          ; --          ; --             ;
; OPTIMIZE_POWER_DURING_SYNTHESIS                 ; Off                                                             ; Normal compilation           ; --          ; --             ;
; PARTITION_COLOR                                 ; 2147039                                                         ; --                           ; --          ; Top            ;
; PARTITION_NETLIST_TYPE                          ; SOURCE                                                          ; --                           ; --          ; Top            ;
; PHYSICAL_SYNTHESIS_COMBO_LOGIC                  ; On                                                              ; Off                          ; --          ; --             ;
; PHYSICAL_SYNTHESIS_EFFORT                       ; Extra                                                           ; Normal                       ; --          ; --             ;
; PHYSICAL_SYNTHESIS_MAP_LOGIC_TO_MEMORY_FOR_AREA ; On                                                              ; Off                          ; --          ; --             ;
; PHYSICAL_SYNTHESIS_REGISTER_DUPLICATION         ; On                                                              ; Off                          ; --          ; --             ;
; PHYSICAL_SYNTHESIS_REGISTER_RETIMING            ; On                                                              ; Off                          ; --          ; --             ;
; REMOVE_REDUNDANT_LOGIC_CELLS                    ; On                                                              ; Off                          ; --          ; --             ;
; RESET_RULE_COMB_ASYNCH_RESET                    ; Off                                                             ; --                           ; --          ; --             ;
; RESET_RULE_IMSYNCH_ASYNCH_DOMAIN                ; Off                                                             ; --                           ; --          ; --             ;
; RESET_RULE_IMSYNCH_EXRESET                      ; Off                                                             ; --                           ; --          ; --             ;
; RESET_RULE_UNSYNCH_ASYNCH_DOMAIN                ; Off                                                             ; --                           ; --          ; --             ;
; RESET_RULE_UNSYNCH_EXRESET                      ; Off                                                             ; --                           ; --          ; --             ;
; ROUTER_TIMING_OPTIMIZATION_LEVEL                ; MAXIMUM                                                         ; Normal                       ; --          ; --             ;
; SAFE_STATE_MACHINE                              ; On                                                              ; Off                          ; --          ; --             ;
; SEARCH_PATH                                     ; c:\altera\81\ip\altera\ddr2_high_perf\lib                       ; --                           ; --          ; --             ;
; SEARCH_PATH                                     ; ../../ddr2_sdram_ctrl/.                                         ; --                           ; --          ; --             ;
; SEARCH_PATH                                     ; C:/altera/81/ip/altera/ddr2_high_perf/lib                       ; --                           ; --          ; --             ;
; STATE_MACHINE_PROCESSING                        ; One-Hot                                                         ; Auto                         ; --          ; --             ;
; STRATIXII_OPTIMIZATION_TECHNIQUE                ; Speed                                                           ; Balanced                     ; --          ; --             ;
; STRATIX_OPTIMIZATION_TECHNIQUE                  ; Speed                                                           ; Balanced                     ; --          ; --             ;
; USE_SIGNALTAP_FILE                              ; raw.stp                                                         ; --                           ; --          ; --             ;
+-------------------------------------------------+-----------------------------------------------------------------+------------------------------+-------------+----------------+


+-------------------------------------------------------------------------------------------------------------------------------+
; Flow Elapsed Time                                                                                                             ;
+---------------------------+--------------+-------------------------+---------------------+------------------------------------+
; Module Name               ; Elapsed Time ; Average Processors Used ; Peak Virtual Memory ; Total CPU Time (on all processors) ;
+---------------------------+--------------+-------------------------+---------------------+------------------------------------+
; Analysis & Synthesis      ; 00:08:37     ; 1.0                     ; 434 MB              ; 00:07:36                           ;
; Fitter                    ; 00:17:29     ; 1.2                     ; 767 MB              ; 00:18:38                           ;
; Assembler                 ; 00:00:21     ; 1.0                     ; 363 MB              ; 00:00:19                           ;
; TimeQuest Timing Analyzer ; 00:02:38     ; 1.1                     ; 539 MB              ; 00:02:34                           ;
; Design Assistant          ; 00:01:26     ; 1.0                     ; 380 MB              ; 00:01:20                           ;
; EDA Netlist Writer        ; 00:01:06     ; 1.0                     ; 406 MB              ; 00:01:03                           ;
; Total                     ; 00:31:37     ; --                      ; --                  ; 00:31:30                           ;
+---------------------------+--------------+-------------------------+---------------------+------------------------------------+


+--------------------------------------------------------------------------------------------+
; Flow OS Summary                                                                            ;
+---------------------------+------------------+---------------+------------+----------------+
; Module Name               ; Machine Hostname ; OS Name       ; OS Version ; Processor type ;
+---------------------------+------------------+---------------+------------+----------------+
; Analysis & Synthesis      ; rasta            ; Windows Vista ; 6.0        ; i686           ;
; Fitter                    ; rasta            ; Windows Vista ; 6.0        ; i686           ;
; Assembler                 ; rasta            ; Windows Vista ; 6.0        ; i686           ;
; TimeQuest Timing Analyzer ; rasta            ; Windows Vista ; 6.0        ; i686           ;
; Design Assistant          ; rasta            ; Windows Vista ; 6.0        ; i686           ;
; EDA Netlist Writer        ; rasta            ; Windows Vista ; 6.0        ; i686           ;
+---------------------------+------------------+---------------+------------+----------------+


------------
; Flow Log ;
------------
quartus_map --read_settings_files=on --write_settings_files=off readout_card -c readout_card
quartus_fit --read_settings_files=off --write_settings_files=off readout_card -c readout_card
quartus_asm --read_settings_files=off --write_settings_files=off readout_card -c readout_card
quartus_sta readout_card -c readout_card
quartus_drc --read_settings_files=off --write_settings_files=off readout_card -c readout_card
quartus_eda --read_settings_files=off --write_settings_files=off readout_card -c readout_card



