Flow report for readout_card
Fri Mar 23 17:09:06 2012
Quartus II 64-Bit Version 11.1 Build 259 01/25/2012 Service Pack 2 SJ Full Version


---------------------
; Table of Contents ;
---------------------
  1. Legal Notice
  2. Flow Summary
  3. Flow Settings
  4. Flow Non-Default Global Settings
  5. Flow Elapsed Time
  6. Flow OS Summary
  7. Flow Log



----------------
; Legal Notice ;
----------------
Copyright (C) 1991-2011 Altera Corporation
Your use of Altera Corporation's design tools, logic functions 
and other software and tools, and its AMPP partner logic 
functions, and any output files from any of the foregoing 
(including device programming or simulation files), and any 
associated documentation or information are expressly subject 
to the terms and conditions of the Altera Program License 
Subscription Agreement, Altera MegaCore Function License 
Agreement, or other applicable license agreement, including, 
without limitation, that your use is for the sole purpose of 
programming logic devices manufactured by Altera and sold by 
Altera or its authorized distributors.  Please refer to the 
applicable agreement for further details.



+----------------------------------------------------------------------------+
; Flow Summary                                                               ;
+---------------------------+------------------------------------------------+
; Flow Status               ; Successful - Fri Mar 23 17:09:06 2012          ;
; Quartus II 64-Bit Version ; 11.1 Build 259 01/25/2012 SP 2 SJ Full Version ;
; Revision Name             ; readout_card                                   ;
; Top-level Entity Name     ; readout_card                                   ;
; Family                    ; Stratix                                        ;
; Device                    ; EP1S40F780C7                                   ;
; Timing Models             ; Final                                          ;
; Total logic elements      ; 32,124 / 41,250 ( 78 % )                       ;
; Total pins                ; 358 / 616 ( 58 % )                             ;
; Total virtual pins        ; 0                                              ;
; Total memory bits         ; 1,405,440 / 3,423,744 ( 41 % )                 ;
; DSP block 9-bit elements  ; 76 / 112 ( 68 % )                              ;
; Total PLLs                ; 1 / 6 ( 17 % )                                 ;
; Total DLLs                ; 0 / 2 ( 0 % )                                  ;
+---------------------------+------------------------------------------------+


+-----------------------------------------+
; Flow Settings                           ;
+-------------------+---------------------+
; Option            ; Setting             ;
+-------------------+---------------------+
; Start date & time ; 03/23/2012 16:43:31 ;
; Main task         ; Compilation         ;
; Revision Name     ; readout_card        ;
+-------------------+---------------------+


+------------------------------------------------------------------------------------------------------------------------------------------------------------------------------+
; Flow Non-Default Global Settings                                                                                                                                             ;
+----------------------------------------------+---------------------------------------------------------------+--------------------------------+-------------+----------------+
; Assignment Name                              ; Value                                                         ; Default Value                  ; Entity Name ; Section Id     ;
+----------------------------------------------+---------------------------------------------------------------+--------------------------------+-------------+----------------+
; ADV_NETLIST_OPT_SYNTH_GATE_RETIME            ; On                                                            ; Off                            ; --          ; --             ;
; ADV_NETLIST_OPT_SYNTH_WYSIWYG_REMAP          ; On                                                            ; Off                            ; --          ; --             ;
; ALLOW_ANY_RAM_SIZE_FOR_RECOGNITION           ; On                                                            ; Off                            ; --          ; --             ;
; ALLOW_ANY_ROM_SIZE_FOR_RECOGNITION           ; On                                                            ; Off                            ; --          ; --             ;
; ASSG_RULE_MISSING_TIMING                     ; Off                                                           ; On                             ; --          ; --             ;
; AUTO_ENABLE_SMART_COMPILE                    ; Off                                                           ; --                             ; --          ; --             ;
; AUTO_GLOBAL_MEMORY_CONTROLS                  ; On                                                            ; Off                            ; --          ; --             ;
; AUTO_PACKED_REGISTERS                        ; Normal                                                        ; Off                            ; --          ; --             ;
; AUTO_PACKED_REGISTERS_CYCLONE                ; Normal                                                        ; Auto                           ; --          ; --             ;
; AUTO_PACKED_REGISTERS_MAXII                  ; Normal                                                        ; Auto                           ; --          ; --             ;
; AUTO_PACKED_REGISTERS_STRATIX                ; Normal                                                        ; Auto                           ; --          ; --             ;
; AUTO_PACKED_REGISTERS_STRATIXII              ; Normal                                                        ; Auto                           ; --          ; --             ;
; COMPILER_SIGNATURE_ID                        ; 167739110428.133254620902204                                  ; --                             ; --          ; --             ;
; DO_COMBINED_ANALYSIS                         ; On                                                            ; Off                            ; --          ; --             ;
; EDA_INCLUDE_VHDL_CONFIGURATION_DECLARATION   ; On                                                            ; --                             ; --          ; eda_simulation ;
; EDA_OUTPUT_DATA_FORMAT                       ; Vhdl                                                          ; --                             ; --          ; eda_simulation ;
; EDA_SIMULATION_TOOL                          ; ModelSim-Altera (VHDL)                                        ; <None>                         ; --          ; --             ;
; ENABLE_CLOCK_LATENCY                         ; On                                                            ; Off                            ; --          ; --             ;
; ENABLE_DRC_SETTINGS                          ; On                                                            ; Off                            ; --          ; --             ;
; ENABLE_SIGNALTAP                             ; Off                                                           ; --                             ; --          ; --             ;
; FITTER_EFFORT                                ; Standard Fit                                                  ; Auto Fit                       ; --          ; --             ;
; HDL_MESSAGE_LEVEL                            ; Level3                                                        ; Level2                         ; --          ; --             ;
; IGNORE_LCELL_BUFFERS                         ; On                                                            ; Off                            ; --          ; --             ;
; MISC_FILE                                    ; C:/mce/cards/readout_card/readout_card/synth/readout_card.dpf ; --                             ; --          ; --             ;
; MUX_RESTRUCTURE                              ; Off                                                           ; Auto                           ; --          ; --             ;
; NUMBER_OF_PATHS_TO_REPORT                    ; 500                                                           ; 200                            ; --          ; --             ;
; NUM_PARALLEL_PROCESSORS                      ; 4                                                             ; --                             ; --          ; --             ;
; OPTIMIZE_HOLD_TIMING                         ; All Paths                                                     ; IO Paths and Minimum TPD Paths ; --          ; --             ;
; OPTIMIZE_MULTI_CORNER_TIMING                 ; On                                                            ; Off                            ; --          ; --             ;
; OPTIMIZE_POWER_DURING_SYNTHESIS              ; Off                                                           ; Normal compilation             ; --          ; --             ;
; PARTITION_COLOR                              ; 2147039                                                       ; --                             ; --          ; Top            ;
; PARTITION_FITTER_PRESERVATION_LEVEL          ; PLACEMENT_AND_ROUTING                                         ; --                             ; --          ; Top            ;
; PARTITION_NETLIST_TYPE                       ; SOURCE                                                        ; --                             ; --          ; Top            ;
; PHYSICAL_SYNTHESIS_COMBO_LOGIC               ; On                                                            ; Off                            ; --          ; --             ;
; PHYSICAL_SYNTHESIS_EFFORT                    ; Extra                                                         ; Normal                         ; --          ; --             ;
; PHYSICAL_SYNTHESIS_REGISTER_DUPLICATION      ; On                                                            ; Off                            ; --          ; --             ;
; PHYSICAL_SYNTHESIS_REGISTER_RETIMING         ; On                                                            ; Off                            ; --          ; --             ;
; REMOVE_REDUNDANT_LOGIC_CELLS                 ; On                                                            ; Off                            ; --          ; --             ;
; RESET_RULE_COMB_ASYNCH_RESET                 ; Off                                                           ; --                             ; --          ; --             ;
; RESET_RULE_IMSYNCH_ASYNCH_DOMAIN             ; Off                                                           ; --                             ; --          ; --             ;
; RESET_RULE_IMSYNCH_EXRESET                   ; Off                                                           ; --                             ; --          ; --             ;
; RESET_RULE_UNSYNCH_ASYNCH_DOMAIN             ; Off                                                           ; --                             ; --          ; --             ;
; RESET_RULE_UNSYNCH_EXRESET                   ; Off                                                           ; --                             ; --          ; --             ;
; ROUTER_LCELL_INSERTION_AND_LOGIC_DUPLICATION ; On                                                            ; Auto                           ; --          ; --             ;
; ROUTER_TIMING_OPTIMIZATION_LEVEL             ; MAXIMUM                                                       ; Normal                         ; --          ; --             ;
; SAFE_STATE_MACHINE                           ; On                                                            ; Off                            ; --          ; --             ;
; SEED                                         ; 7                                                             ; 1                              ; --          ; --             ;
; STATE_MACHINE_PROCESSING                     ; One-Hot                                                       ; Auto                           ; --          ; --             ;
; STRATIX_OPTIMIZATION_TECHNIQUE               ; Speed                                                         ; Balanced                       ; --          ; --             ;
; SYNTH_TIMING_DRIVEN_SYNTHESIS                ; On                                                            ; --                             ; --          ; --             ;
; TIMEQUEST_DO_CCPP_REMOVAL                    ; On                                                            ; Off                            ; --          ; --             ;
; TIMEQUEST_DO_REPORT_TIMING                   ; On                                                            ; Off                            ; --          ; --             ;
; USE_SIGNALTAP_FILE                           ; raw.stp                                                       ; --                             ; --          ; --             ;
; VHDL_SHOW_LMF_MAPPING_MESSAGES               ; Off                                                           ; --                             ; --          ; --             ;
+----------------------------------------------+---------------------------------------------------------------+--------------------------------+-------------+----------------+


+-------------------------------------------------------------------------------------------------------------------------------+
; Flow Elapsed Time                                                                                                             ;
+---------------------------+--------------+-------------------------+---------------------+------------------------------------+
; Module Name               ; Elapsed Time ; Average Processors Used ; Peak Virtual Memory ; Total CPU Time (on all processors) ;
+---------------------------+--------------+-------------------------+---------------------+------------------------------------+
; Analysis & Synthesis      ; 00:04:02     ; 1.0                     ; 858 MB              ; 00:04:01                           ;
; Fitter                    ; 00:19:44     ; 2.0                     ; 1432 MB             ; 00:25:38                           ;
; Assembler                 ; 00:00:07     ; 1.0                     ; 657 MB              ; 00:00:07                           ;
; TimeQuest Timing Analyzer ; 00:00:20     ; 1.5                     ; 764 MB              ; 00:00:20                           ;
; Design Assistant          ; 00:00:27     ; 1.0                     ; 714 MB              ; 00:00:28                           ;
; EDA Netlist Writer        ; 00:00:34     ; 1.0                     ; 588 MB              ; 00:00:33                           ;
; Total                     ; 00:25:14     ; --                      ; --                  ; 00:31:07                           ;
+---------------------------+--------------+-------------------------+---------------------+------------------------------------+


+----------------------------------------------------------------------------------------+
; Flow OS Summary                                                                        ;
+---------------------------+------------------+-----------+------------+----------------+
; Module Name               ; Machine Hostname ; OS Name   ; OS Version ; Processor type ;
+---------------------------+------------------+-----------+------------+----------------+
; Analysis & Synthesis      ; Amiskwi          ; Windows 7 ; 6.1        ; x86_64         ;
; Fitter                    ; Amiskwi          ; Windows 7 ; 6.1        ; x86_64         ;
; Assembler                 ; Amiskwi          ; Windows 7 ; 6.1        ; x86_64         ;
; TimeQuest Timing Analyzer ; Amiskwi          ; Windows 7 ; 6.1        ; x86_64         ;
; Design Assistant          ; Amiskwi          ; Windows 7 ; 6.1        ; x86_64         ;
; EDA Netlist Writer        ; Amiskwi          ; Windows 7 ; 6.1        ; x86_64         ;
+---------------------------+------------------+-----------+------------+----------------+


------------
; Flow Log ;
------------
quartus_map --read_settings_files=on --write_settings_files=off readout_card -c readout_card
quartus_fit --read_settings_files=off --write_settings_files=off readout_card -c readout_card
quartus_asm --read_settings_files=off --write_settings_files=off readout_card -c readout_card
quartus_sta readout_card -c readout_card
quartus_drc --read_settings_files=off --write_settings_files=off readout_card -c readout_card
quartus_eda --read_settings_files=off --write_settings_files=off readout_card -c readout_card



