Design Assistant report for readout_card
Thu Feb 09 00:12:53 2006
Version 5.1 Build 213 01/19/2006 Service Pack 1 SJ Full Version


---------------------
; Table of Contents ;
---------------------
  1. Legal Notice
  2. Design Assistant Summary
  3. Design Assistant Settings
  4. Medium Violations
  5. Information only Violations
  6. Design Assistant Messages



----------------
; Legal Notice ;
----------------
Copyright (C) 1991-2006 Altera Corporation
Your use of Altera Corporation's design tools, logic functions 
and other software and tools, and its AMPP partner logic 
functions, and any output files any of the foregoing 
(including device programming or simulation files), and any 
associated documentation or information are expressly subject 
to the terms and conditions of the Altera Program License 
Subscription Agreement, Altera MegaCore Function License 
Agreement, or other applicable license agreement, including, 
without limitation, that your use is for the sole purpose of 
programming logic devices manufactured by Altera and sold by 
Altera or its authorized distributors.  Please refer to the 
applicable agreement for further details.



+-------------------------------------------------------------------------+
; Design Assistant Summary                                                ;
+-----------------------------------+-------------------------------------+
; Design Assistant Status           ; Analyzed - Thu Feb 09 00:12:53 2006 ;
; Revision Name                     ; readout_card                        ;
; Top-level Entity Name             ; readout_card                        ;
; Family                            ; Stratix                             ;
; Total Critical Violations         ; 0                                   ;
; Total High Violations             ; 0                                   ;
; Total Medium Violations           ; 2                                   ;
; Total Information only Violations ; 297                                 ;
+-----------------------------------+-------------------------------------+


+------------------------------------------------------------------------------------------------------------------------------------------------------------------------------------------------------------------------------------------------------------------------------------------+
; Design Assistant Settings                                                                                                                                                                                                                                                                ;
+---------------------------------------------------------------------------------------------------------------------------------------------------------------------------------------------------------------------------------------------------------------------------+--------------+
; Option                                                                                                                                                                                                                                                                    ; Setting      ;
+---------------------------------------------------------------------------------------------------------------------------------------------------------------------------------------------------------------------------------------------------------------------------+--------------+
; Design Assistant mode                                                                                                                                                                                                                                                     ; Post-Fitting ;
; Threshold value for clock net not mapped to clock spines rule                                                                                                                                                                                                             ; 25           ;
; Minimum number of node fan-out                                                                                                                                                                                                                                            ; 30           ;
; Maximum number of nodes to report                                                                                                                                                                                                                                         ; 50           ;
; Gated clock should be implemented according to Altera standard scheme                                                                                                                                                                                                     ; On           ;
; Logic cell should not be used to generate inverted clock                                                                                                                                                                                                                  ; On           ;
; Input clock pin should fan out to only one set of clock gating logic                                                                                                                                                                                                      ; On           ;
; Clock signal source should drive only input clock ports                                                                                                                                                                                                                   ; On           ;
; Clock signal should be a global signal (Rule applies during post-fitting analysis. This rule applies during both post-fitting analysis and post-synthesis analysis if the design targets a MAX 3000 or MAX 7000 device. For more information, see the Help for the rule.) ; On           ;
; Clock signal source should not drive registers that are triggered by different clock edges                                                                                                                                                                                ; On           ;
; Combinational logic used as reset signal should be synchronized                                                                                                                                                                                                           ; Off          ;
; External reset should be synchronized using two cascaded registers                                                                                                                                                                                                        ; Off          ;
; External reset should be correctly synchronized                                                                                                                                                                                                                           ; Off          ;
; Reset signal that is generated in one clock domain and used in other, asynchronous clock domains should be correctly synchronized                                                                                                                                         ; Off          ;
; Reset signal that is generated in one clock domain and used in other, asynchronous clock domains should be synchronized                                                                                                                                                   ; Off          ;
; Nodes with more than specified number of fan-outs                                                                                                                                                                                                                         ; On           ;
; Top nodes with highest fan-out                                                                                                                                                                                                                                            ; On           ;
; Design should not contain combinational loops                                                                                                                                                                                                                             ; On           ;
; Register output should not drive its own control signal directly or through combinational logic                                                                                                                                                                           ; On           ;
; Design should not contain delay chains                                                                                                                                                                                                                                    ; On           ;
; Design should not contain ripple clock structures                                                                                                                                                                                                                         ; On           ;
; Pulses should not be implemented asynchronously                                                                                                                                                                                                                           ; On           ;
; Multiple pulses should not be generated in design                                                                                                                                                                                                                         ; On           ;
; Design should not contain SR latches                                                                                                                                                                                                                                      ; On           ;
; Design should not contain latches                                                                                                                                                                                                                                         ; On           ;
; Combinational logic should not directly drive write enable signal of asynchronous RAM                                                                                                                                                                                     ; On           ;
; Design should not contain asynchronous memory                                                                                                                                                                                                                             ; On           ;
; Output enable and input of same tri-state node should not be driven by same signal source                                                                                                                                                                                 ; On           ;
; Synchronous port and reset port of same register should not be driven by same signal source                                                                                                                                                                               ; On           ;
; Data bits are not synchronized when transferred between asynchronous clock domains                                                                                                                                                                                        ; On           ;
; Multiple data bits that are transferred across asynchronous clock domains are synchronized, but not all bits may be aligned in receiving clock domain                                                                                                                     ; On           ;
; Data bits are not correctly synchronized when transferred between asynchronous clock domains                                                                                                                                                                              ; On           ;
; Only one VREF pin should be assigned to HardCopy test pin in an I/O bank (Rule does not apply to all HardCopy and HardCopy Stratix devices. This rule is used to analyze a design only when the rule applies to the design's target HardCopy or HardCopy Stratix device.) ; On           ;
; PLL drives multiple clock network types (Rule does not apply to all HardCopy and HardCopy Stratix devices. This rule is used to analyze a design only when the rule applies to the design's target HardCopy or HardCopy Stratix device.)                                  ; On           ;
+---------------------------------------------------------------------------------------------------------------------------------------------------------------------------------------------------------------------------------------------------------------------------+--------------+


+--------------------------------------------------------------------------------------------------------------------------------------------+
; Medium Violations                                                                                                                          ;
+--------------------------------------------------------------------------------------------+-----------------------------------------------+
; Rule name                                                                                  ; Name                                          ;
+--------------------------------------------------------------------------------------------+-----------------------------------------------+
; Clock signal source should drive only input clock ports                                    ; rc_pll:i_rc_pll|altpll:altpll_component|_clk3 ;
; Clock signal source should not drive registers that are triggered by different clock edges ; rc_pll:i_rc_pll|altpll:altpll_component|_clk0 ;
+--------------------------------------------------------------------------------------------+-----------------------------------------------+


+------------------------------------------------------------------------------------------------------------------------------------------------------------------------------------------------------------------------------------------------+
; Information only Violations                                                                                                                                                                                                                    ;
+---------------------------------------------------+----------------------------------------------------------------------------------------------------------------------------------------------------------------------------------+---------+
; Rule name                                         ; Name                                                                                                                                                                             ; Fan-Out ;
+---------------------------------------------------+----------------------------------------------------------------------------------------------------------------------------------------------------------------------------------+---------+
; Nodes with more than specified number of fan-outs ; flux_loop:i_flux_loop|flux_loop_ctrl:i_flux_loop_ctrl_ch7|fsfb_ctrl:i_fsfb_ctrl|latch_dac_dat                                                                                    ; 113     ;
; Nodes with more than specified number of fan-outs ; rst                                                                                                                                                                              ; 11249   ;
; Nodes with more than specified number of fan-outs ; flux_loop:i_flux_loop|wbs_fb_data:i_wbs_fb_data|misc_banks_admin:i_misc_banks_admin|Equal~374                                                                                    ; 114     ;
; Nodes with more than specified number of fan-outs ; dispatch:i_dispatch|dispatch_reply_transmit:transmitter|lvds_tx:reply_tx|pres_state.setup                                                                                        ; 35      ;
; Nodes with more than specified number of fan-outs ; dispatch:i_dispatch|dispatch_reply_transmit:transmitter|lvds_tx:reply_tx|tx_ena~28                                                                                               ; 34      ;
; Nodes with more than specified number of fan-outs ; dispatch:i_dispatch|dispatch_reply_transmit:transmitter|lvds_tx:reply_tx|fifo:data_buffer|Equal~107                                                                              ; 61      ;
; Nodes with more than specified number of fan-outs ; dispatch:i_dispatch|dispatch_reply_transmit:transmitter|lvds_tx:reply_tx|fifo:data_buffer|write_nread                                                                            ; 62      ;
; Nodes with more than specified number of fan-outs ; dispatch:i_dispatch|dispatch_wishbone:wishbone|dat_o[0]~582                                                                                                                      ; 95      ;
; Nodes with more than specified number of fan-outs ; dispatch:i_dispatch|reg:hdr0|reg_o[11]                                                                                                                                           ; 108     ;
; Nodes with more than specified number of fan-outs ; dispatch:i_dispatch|dispatch_wishbone:wishbone|dat_o[1]~583                                                                                                                      ; 95      ;
; Nodes with more than specified number of fan-outs ; dispatch:i_dispatch|dispatch_wishbone:wishbone|dat_o[2]~584                                                                                                                      ; 95      ;
; Nodes with more than specified number of fan-outs ; dispatch:i_dispatch|dispatch_wishbone:wishbone|us_timer:wdt|Equal~66                                                                                                             ; 33      ;
; Nodes with more than specified number of fan-outs ; dispatch:i_dispatch|dispatch_wishbone:wishbone|pres_state.wb_cycle                                                                                                               ; 197     ;
; Nodes with more than specified number of fan-outs ; frame_timing:i_frame_timing|frame_timing_core:ftc|enable_counters                                                                                                                ; 65      ;
; Nodes with more than specified number of fan-outs ; frame_timing:i_frame_timing|frame_timing_core:ftc|row_count_new~0                                                                                                                ; 32      ;
; Nodes with more than specified number of fan-outs ; dispatch:i_dispatch|dispatch_cmd_receive:receiver|cmd_valid~1254                                                                                                                 ; 41      ;
; Nodes with more than specified number of fan-outs ; dispatch:i_dispatch|pres_state.fetch                                                                                                                                             ; 53      ;
; Nodes with more than specified number of fan-outs ; dispatch:i_dispatch|dispatch_cmd_receive:receiver|pres_state.done                                                                                                                ; 43      ;
; Nodes with more than specified number of fan-outs ; dispatch:i_dispatch|buf_wren~31                                                                                                                                                  ; 32      ;
; Nodes with more than specified number of fan-outs ; frame_timing:i_frame_timing|frame_timing_wbs:wbi|num_rows_wren~38                                                                                                                ; 32      ;
; Nodes with more than specified number of fan-outs ; dispatch:i_dispatch|reg:hdr1|reg_o[18]~150                                                                                                                                       ; 45      ;
; Nodes with more than specified number of fan-outs ; flux_loop:i_flux_loop|wbs_fb_data:i_wbs_fb_data|misc_banks_admin:i_misc_banks_admin|qa_misc_bank_o[0]~22499                                                                      ; 66      ;
; Nodes with more than specified number of fan-outs ; dispatch:i_dispatch|dispatch_wishbone:wishbone|binary_counter:addr_gen|count[2]~333                                                                                              ; 44      ;
; Nodes with more than specified number of fan-outs ; dispatch:i_dispatch|dispatch_wishbone:wishbone|dat_o[3]~608                                                                                                                      ; 94      ;
; Nodes with more than specified number of fan-outs ; dispatch:i_dispatch|dispatch_wishbone:wishbone|dat_o[4]~592                                                                                                                      ; 94      ;
; Nodes with more than specified number of fan-outs ; dispatch:i_dispatch|dispatch_wishbone:wishbone|dat_o[5]~601                                                                                                                      ; 94      ;
; Nodes with more than specified number of fan-outs ; dispatch:i_dispatch|dispatch_wishbone:wishbone|dat_o[6]~610                                                                                                                      ; 94      ;
; Nodes with more than specified number of fan-outs ; dispatch:i_dispatch|dispatch_wishbone:wishbone|dat_o[7]~609                                                                                                                      ; 94      ;
; Nodes with more than specified number of fan-outs ; dispatch:i_dispatch|dispatch_wishbone:wishbone|dat_o[8]~607                                                                                                                      ; 46      ;
; Nodes with more than specified number of fan-outs ; dispatch:i_dispatch|dispatch_wishbone:wishbone|dat_o[9]~590                                                                                                                      ; 46      ;
; Nodes with more than specified number of fan-outs ; dispatch:i_dispatch|dispatch_wishbone:wishbone|dat_o[10]~591                                                                                                                     ; 46      ;
; Nodes with more than specified number of fan-outs ; dispatch:i_dispatch|dispatch_wishbone:wishbone|dat_o[11]~598                                                                                                                     ; 46      ;
; Nodes with more than specified number of fan-outs ; dispatch:i_dispatch|dispatch_wishbone:wishbone|dat_o[12]~600                                                                                                                     ; 46      ;
; Nodes with more than specified number of fan-outs ; dispatch:i_dispatch|dispatch_wishbone:wishbone|dat_o[13]~595                                                                                                                     ; 46      ;
; Nodes with more than specified number of fan-outs ; frame_timing:i_frame_timing|frame_timing_wbs:wbi|row_length_wren~18                                                                                                              ; 32      ;
; Nodes with more than specified number of fan-outs ; flux_loop:i_flux_loop|wbs_fb_data:i_wbs_fb_data|pid_ram_admin:i_p_banks_admin|i_gen_ack~60                                                                                       ; 34      ;
; Nodes with more than specified number of fan-outs ; frame_timing:i_frame_timing|frame_timing_wbs:wbi|row_length_data[14]~_DUP_COMB                                                                                                   ; 37      ;
; Nodes with more than specified number of fan-outs ; dispatch:i_dispatch|dispatch_wishbone:wishbone|dat_o[15]~603                                                                                                                     ; 37      ;
; Nodes with more than specified number of fan-outs ; frame_timing:i_frame_timing|frame_timing_wbs:wbi|row_length_data[16]~_DUP_COMB                                                                                                   ; 37      ;
; Nodes with more than specified number of fan-outs ; frame_timing:i_frame_timing|frame_timing_wbs:wbi|row_length_data[17]~_DUP_COMB                                                                                                   ; 37      ;
; Nodes with more than specified number of fan-outs ; dispatch:i_dispatch|dispatch_wishbone:wishbone|dat_o[18]~606                                                                                                                     ; 37      ;
; Nodes with more than specified number of fan-outs ; dispatch:i_dispatch|dispatch_wishbone:wishbone|dat_o[19]~605                                                                                                                     ; 37      ;
; Nodes with more than specified number of fan-outs ; frame_timing:i_frame_timing|frame_timing_wbs:wbi|row_length_data[20]~_DUP_COMB                                                                                                   ; 37      ;
; Nodes with more than specified number of fan-outs ; frame_timing:i_frame_timing|frame_timing_wbs:wbi|row_length_data[21]~_DUP_COMB                                                                                                   ; 37      ;
; Nodes with more than specified number of fan-outs ; frame_timing:i_frame_timing|frame_timing_wbs:wbi|row_length_data[22]~_DUP_COMB                                                                                                   ; 37      ;
; Nodes with more than specified number of fan-outs ; frame_timing:i_frame_timing|frame_timing_wbs:wbi|row_length_data[23]~_DUP_COMB                                                                                                   ; 37      ;
; Nodes with more than specified number of fan-outs ; frame_timing:i_frame_timing|frame_timing_wbs:wbi|row_length_data[24]~_DUP_COMB                                                                                                   ; 37      ;
; Nodes with more than specified number of fan-outs ; dispatch:i_dispatch|dispatch_wishbone:wishbone|dat_o[25]~602                                                                                                                     ; 37      ;
; Nodes with more than specified number of fan-outs ; dispatch:i_dispatch|dispatch_wishbone:wishbone|dat_o[26]~599                                                                                                                     ; 37      ;
; Nodes with more than specified number of fan-outs ; dispatch:i_dispatch|dispatch_wishbone:wishbone|dat_o[27]~596                                                                                                                     ; 37      ;
; Nodes with more than specified number of fan-outs ; dispatch:i_dispatch|dispatch_wishbone:wishbone|dat_o[28]~604                                                                                                                     ; 37      ;
; Nodes with more than specified number of fan-outs ; dispatch:i_dispatch|dispatch_wishbone:wishbone|dat_o[29]~611                                                                                                                     ; 37      ;
; Nodes with more than specified number of fan-outs ; dispatch:i_dispatch|dispatch_wishbone:wishbone|dat_o[30]~612                                                                                                                     ; 37      ;
; Nodes with more than specified number of fan-outs ; frame_timing:i_frame_timing|frame_timing_wbs:wbi|row_length_data[31]~_DUP_COMB                                                                                                   ; 51      ;
; Nodes with more than specified number of fan-outs ; frame_timing:i_frame_timing|frame_timing_core:ftc|current_state.got_sync                                                                                                         ; 52      ;
; Nodes with more than specified number of fan-outs ; frame_timing:i_frame_timing|frame_timing_core:ftc|restart_frame_1row_post_o~515                                                                                                  ; 44      ;
; Nodes with more than specified number of fan-outs ; frame_timing:i_frame_timing|frame_timing_core:ftc|current_init_win_state.init_on                                                                                                 ; 575     ;
; Nodes with more than specified number of fan-outs ; frame_timing:i_frame_timing|frame_timing_core:ftc|current_init_win_state.init_hold                                                                                               ; 574     ;
; Nodes with more than specified number of fan-outs ; frame_timing:i_frame_timing|frame_timing_core:ftc|initialize_window_o                                                                                                            ; 59      ;
; Nodes with more than specified number of fan-outs ; dispatch:i_dispatch|reg:hdr1|reg_o[19]~142                                                                                                                                       ; 45      ;
; Nodes with more than specified number of fan-outs ; dispatch:i_dispatch|reg:hdr1|reg_o[19]~155                                                                                                                                       ; 117     ;
; Nodes with more than specified number of fan-outs ; dispatch:i_dispatch|reg:hdr1|reg_o[16]                                                                                                                                           ; 54      ;
; Nodes with more than specified number of fan-outs ; dispatch:i_dispatch|dispatch_wishbone:wishbone|addr_o[0]~667                                                                                                                     ; 304     ;
; Nodes with more than specified number of fan-outs ; dispatch:i_dispatch|reg:hdr1|reg_o[17]                                                                                                                                           ; 103     ;
; Nodes with more than specified number of fan-outs ; dispatch:i_dispatch|dispatch_wishbone:wishbone|addr_o[1]~668                                                                                                                     ; 177     ;
; Nodes with more than specified number of fan-outs ; dispatch:i_dispatch|reg:hdr1|reg_o[18]~157                                                                                                                                       ; 157     ;
; Nodes with more than specified number of fan-outs ; dispatch:i_dispatch|dispatch_wishbone:wishbone|binary_counter:addr_gen|count[0]~336                                                                                              ; 393     ;
; Nodes with more than specified number of fan-outs ; dispatch:i_dispatch|dispatch_wishbone:wishbone|binary_counter:addr_gen|count[1]~338                                                                                              ; 393     ;
; Nodes with more than specified number of fan-outs ; dispatch:i_dispatch|dispatch_wishbone:wishbone|binary_counter:addr_gen|count[2]~340                                                                                              ; 137     ;
; Nodes with more than specified number of fan-outs ; flux_loop:i_flux_loop|wbs_fb_data:i_wbs_fb_data|misc_banks_admin:i_misc_banks_admin|wren[12]~35927                                                                               ; 35      ;
; Nodes with more than specified number of fan-outs ; flux_loop:i_flux_loop|wbs_frame_data:i_wbs_frame_data|current_state.read_data                                                                                                    ; 38      ;
; Nodes with more than specified number of fan-outs ; flux_loop:i_flux_loop|wbs_frame_data:i_wbs_frame_data|current_state.set_mode                                                                                                     ; 33      ;
; Nodes with more than specified number of fan-outs ; flux_loop:i_flux_loop|wbs_frame_data:i_wbs_frame_data|current_state.read_mode                                                                                                    ; 33      ;
; Nodes with more than specified number of fan-outs ; flux_loop:i_flux_loop|fsfb_corr:i_fsfb_corr|fsfb_ctrl_dat_rdy_o~13                                                                                                               ; 112     ;
; Nodes with more than specified number of fan-outs ; flux_loop:i_flux_loop|fsfb_corr:i_fsfb_corr|present_state.calca1                                                                                                                 ; 72      ;
; Nodes with more than specified number of fan-outs ; flux_loop:i_flux_loop|flux_loop_ctrl:i_flux_loop_ctrl_ch7|fsfb_calc:i_fsfb_calc|fsfb_io_controller:i_fsfb_io_controller|read_shifter[3]                                          ; 266     ;
; Nodes with more than specified number of fan-outs ; flux_loop:i_flux_loop|wbs_fb_data:i_wbs_fb_data|misc_banks_admin:i_misc_banks_admin|reg[7][0]                                                                                    ; 812     ;
; Nodes with more than specified number of fan-outs ; flux_loop:i_flux_loop|wbs_fb_data:i_wbs_fb_data|misc_banks_admin:i_misc_banks_admin|reg[7][1]                                                                                    ; 556     ;
; Nodes with more than specified number of fan-outs ; flux_loop:i_flux_loop|fsfb_corr:i_fsfb_corr|pid_prev_reg0[0]~49                                                                                                                  ; 212     ;
; Nodes with more than specified number of fan-outs ; flux_loop:i_flux_loop|wbs_fb_data:i_wbs_fb_data|misc_banks_admin:i_misc_banks_admin|wren[7]~35978                                                                                ; 32      ;
; Nodes with more than specified number of fan-outs ; flux_loop:i_flux_loop|fsfb_corr:i_fsfb_corr|present_state.calca0                                                                                                                 ; 60      ;
; Nodes with more than specified number of fan-outs ; flux_loop:i_flux_loop|flux_loop_ctrl:i_flux_loop_ctrl_ch7|sa_bias_ctrl:i_sa_bias_ctrl|sa_bias_clk_domain_crosser:i_sa_bias_clk_domain_crosser|output_slow                        ; 134     ;
; Nodes with more than specified number of fan-outs ; flux_loop:i_flux_loop|flux_loop_ctrl:i_flux_loop_ctrl_ch7|offset_ctrl:i_offset_ctrl|offset_clk_domain_crosser:i_offset_clk_domain_crosser|output_slow                            ; 134     ;
; Nodes with more than specified number of fan-outs ; dispatch:i_dispatch|dispatch_reply_transmit:transmitter|pres_state.idle                                                                                                          ; 69      ;
; Nodes with more than specified number of fan-outs ; flux_loop:i_flux_loop|wbs_fb_data:i_wbs_fb_data|adc_offset_banks_admin:i_adc_offset_banks_admin|\i_gen_ack:count[31]~0                                                           ; 32      ;
; Nodes with more than specified number of fan-outs ; flux_loop:i_flux_loop|wbs_fb_data:i_wbs_fb_data|flux_quanta_ram_admin:i_flux_quanta_banks_admin|\i_gen_ack:count[31]~0                                                           ; 32      ;
; Nodes with more than specified number of fan-outs ; flux_loop:i_flux_loop|wbs_fb_data:i_wbs_fb_data|pid_ram_admin:i_i_banks_admin|\i_gen_ack:count[31]~0                                                                             ; 32      ;
; Nodes with more than specified number of fan-outs ; flux_loop:i_flux_loop|wbs_fb_data:i_wbs_fb_data|pid_ram_admin:i_p_banks_admin|\i_gen_ack:count[31]~0                                                                             ; 32      ;
; Nodes with more than specified number of fan-outs ; flux_loop:i_flux_loop|wbs_fb_data:i_wbs_fb_data|pid_ram_admin:i_d_banks_admin|\i_gen_ack:count[31]~0                                                                             ; 32      ;
; Nodes with more than specified number of fan-outs ; flux_loop:i_flux_loop|wbs_frame_data:i_wbs_frame_data|data_mode_reg[0]                                                                                                           ; 52      ;
; Nodes with more than specified number of fan-outs ; flux_loop:i_flux_loop|wbs_frame_data:i_wbs_frame_data|pix_addr_cnt[8]                                                                                                            ; 47      ;
; Nodes with more than specified number of fan-outs ; flux_loop:i_flux_loop|wbs_frame_data:i_wbs_frame_data|pix_addr_cnt[7]                                                                                                            ; 47      ;
; Nodes with more than specified number of fan-outs ; flux_loop:i_flux_loop|wbs_frame_data:i_wbs_frame_data|pix_addr_cnt[6]                                                                                                            ; 47      ;
; Nodes with more than specified number of fan-outs ; flux_loop:i_flux_loop|wbs_frame_data:i_wbs_frame_data|pix_addr_cnt[3]                                                                                                            ; 47      ;
; Nodes with more than specified number of fan-outs ; flux_loop:i_flux_loop|wbs_frame_data:i_wbs_frame_data|pix_addr_cnt[5]                                                                                                            ; 47      ;
; Nodes with more than specified number of fan-outs ; flux_loop:i_flux_loop|wbs_frame_data:i_wbs_frame_data|pix_addr_cnt[4]                                                                                                            ; 47      ;
; Nodes with more than specified number of fan-outs ; flux_loop:i_flux_loop|wbs_frame_data:i_wbs_frame_data|data_mode_reg[1]                                                                                                           ; 41      ;
; Nodes with more than specified number of fan-outs ; flux_loop:i_flux_loop|fsfb_corr:i_fsfb_corr|present_state.calca2                                                                                                                 ; 88      ;
; Nodes with more than specified number of fan-outs ; flux_loop:i_flux_loop|fsfb_corr:i_fsfb_corr|register_result~0                                                                                                                    ; 64      ;
; Nodes with more than specified number of fan-outs ; flux_loop:i_flux_loop|fsfb_corr:i_fsfb_corr|present_state.pause1                                                                                                                 ; 48      ;
; Nodes with more than specified number of fan-outs ; flux_loop:i_flux_loop|fsfb_corr:i_fsfb_corr|present_state.calca6~_DUP_COMB                                                                                                       ; 44      ;
; Nodes with more than specified number of fan-outs ; flux_loop:i_flux_loop|fsfb_corr:i_fsfb_corr|present_state.calca7                                                                                                                 ; 75      ;
; Nodes with more than specified number of fan-outs ; flux_loop:i_flux_loop|fsfb_corr:i_fsfb_corr|present_state.calca6                                                                                                                 ; 80      ;
; Nodes with more than specified number of fan-outs ; flux_loop:i_flux_loop|fsfb_corr:i_fsfb_corr|present_state.calca4                                                                                                                 ; 85      ;
; Nodes with more than specified number of fan-outs ; flux_loop:i_flux_loop|fsfb_corr:i_fsfb_corr|present_state.pause1~_DUP_COMB                                                                                                       ; 50      ;
; Nodes with more than specified number of fan-outs ; flux_loop:i_flux_loop|fsfb_corr:i_fsfb_corr|present_state.calca3                                                                                                                 ; 87      ;
; Nodes with more than specified number of fan-outs ; flux_loop:i_flux_loop|fsfb_corr:i_fsfb_corr|present_state.calca5                                                                                                                 ; 83      ;
; Nodes with more than specified number of fan-outs ; flux_loop:i_flux_loop|wbs_fb_data:i_wbs_fb_data|misc_banks_admin:i_misc_banks_admin|wren[12]~35953                                                                               ; 32      ;
; Nodes with more than specified number of fan-outs ; flux_loop:i_flux_loop|wbs_fb_data:i_wbs_fb_data|misc_banks_admin:i_misc_banks_admin|wren[20]~35954                                                                               ; 32      ;
; Nodes with more than specified number of fan-outs ; flux_loop:i_flux_loop|wbs_fb_data:i_wbs_fb_data|misc_banks_admin:i_misc_banks_admin|wren[15]~35959                                                                               ; 32      ;
; Nodes with more than specified number of fan-outs ; flux_loop:i_flux_loop|wbs_fb_data:i_wbs_fb_data|misc_banks_admin:i_misc_banks_admin|wren[23]~35960                                                                               ; 32      ;
; Nodes with more than specified number of fan-outs ; flux_loop:i_flux_loop|wbs_fb_data:i_wbs_fb_data|misc_banks_admin:i_misc_banks_admin|wren[16]~35961                                                                               ; 32      ;
; Nodes with more than specified number of fan-outs ; flux_loop:i_flux_loop|wbs_fb_data:i_wbs_fb_data|misc_banks_admin:i_misc_banks_admin|wren[24]~35962                                                                               ; 32      ;
; Nodes with more than specified number of fan-outs ; flux_loop:i_flux_loop|wbs_fb_data:i_wbs_fb_data|misc_banks_admin:i_misc_banks_admin|wren[19]~35967                                                                               ; 32      ;
; Nodes with more than specified number of fan-outs ; flux_loop:i_flux_loop|wbs_fb_data:i_wbs_fb_data|misc_banks_admin:i_misc_banks_admin|wren[27]~35968                                                                               ; 32      ;
; Nodes with more than specified number of fan-outs ; dispatch:i_dispatch|buf_wren~30                                                                                                                                                  ; 32      ;
; Nodes with more than specified number of fan-outs ; frame_timing:i_frame_timing|frame_timing_wbs:wbi|feedback_delay_wren~19                                                                                                          ; 32      ;
; Nodes with more than specified number of fan-outs ; frame_timing:i_frame_timing|frame_timing_wbs:wbi|resync_req_wren~24                                                                                                              ; 32      ;
; Nodes with more than specified number of fan-outs ; frame_timing:i_frame_timing|frame_timing_core:ftc|init_window_ack_o~21                                                                                                           ; 32      ;
; Nodes with more than specified number of fan-outs ; frame_timing:i_frame_timing|frame_timing_wbs:wbi|init_window_req_wren~48                                                                                                         ; 32      ;
; Nodes with more than specified number of fan-outs ; frame_timing:i_frame_timing|frame_timing_wbs:wbi|address_on_delay_wren~20                                                                                                        ; 32      ;
; Nodes with more than specified number of fan-outs ; frame_timing:i_frame_timing|frame_timing_wbs:wbi|sample_delay_wren~17                                                                                                            ; 32      ;
; Nodes with more than specified number of fan-outs ; frame_timing:i_frame_timing|frame_timing_wbs:wbi|sample_num_wren~18                                                                                                              ; 32      ;
; Nodes with more than specified number of fan-outs ; flux_loop:i_flux_loop|flux_loop_ctrl:i_flux_loop_ctrl_ch7|adc_sample_coadd:i_adc_sample_coadd|coadd_manager_data_path:i_coadd_manager_data_path|count[0]                         ; 86      ;
; Nodes with more than specified number of fan-outs ; flux_loop:i_flux_loop|flux_loop_ctrl:i_flux_loop_ctrl_ch7|adc_sample_coadd:i_adc_sample_coadd|coadd_manager_data_path:i_coadd_manager_data_path|count[1]                         ; 85      ;
; Nodes with more than specified number of fan-outs ; flux_loop:i_flux_loop|flux_loop_ctrl:i_flux_loop_ctrl_ch7|adc_sample_coadd:i_adc_sample_coadd|coadd_manager_data_path:i_coadd_manager_data_path|count[2]                         ; 85      ;
; Nodes with more than specified number of fan-outs ; flux_loop:i_flux_loop|flux_loop_ctrl:i_flux_loop_ctrl_ch7|adc_sample_coadd:i_adc_sample_coadd|coadd_manager_data_path:i_coadd_manager_data_path|count[3]                         ; 85      ;
; Nodes with more than specified number of fan-outs ; flux_loop:i_flux_loop|flux_loop_ctrl:i_flux_loop_ctrl_ch7|adc_sample_coadd:i_adc_sample_coadd|coadd_manager_data_path:i_coadd_manager_data_path|count[4]                         ; 85      ;
; Nodes with more than specified number of fan-outs ; flux_loop:i_flux_loop|flux_loop_ctrl:i_flux_loop_ctrl_ch7|adc_sample_coadd:i_adc_sample_coadd|coadd_manager_data_path:i_coadd_manager_data_path|count[5]                         ; 85      ;
; Nodes with more than specified number of fan-outs ; flux_loop:i_flux_loop|flux_loop_ctrl:i_flux_loop_ctrl_ch7|adc_sample_coadd:i_adc_sample_coadd|coadd_manager_data_path:i_coadd_manager_data_path|shifted_adc_coadd_en[3]          ; 373     ;
; Nodes with more than specified number of fan-outs ; flux_loop:i_flux_loop|flux_loop_ctrl:i_flux_loop_ctrl_ch0|adc_sample_coadd:i_adc_sample_coadd|coadd_dynamic_manager_ctrl:i_coadd_dynamic_manager_ctrl|wren_for_fsfb_o            ; 1137    ;
; Nodes with more than specified number of fan-outs ; flux_loop:i_flux_loop|flux_loop_ctrl:i_flux_loop_ctrl_ch7|adc_sample_coadd:i_adc_sample_coadd|coadd_dynamic_manager_ctrl:i_coadd_dynamic_manager_ctrl|current_bank               ; 771     ;
; Nodes with more than specified number of fan-outs ; dispatch:i_dispatch|dispatch_wishbone:wishbone|tga_o[3]~74                                                                                                                       ; 104     ;
; Nodes with more than specified number of fan-outs ; dispatch:i_dispatch|dispatch_wishbone:wishbone|tga_o[4]~75                                                                                                                       ; 104     ;
; Nodes with more than specified number of fan-outs ; dispatch:i_dispatch|dispatch_wishbone:wishbone|tga_o[5]~76                                                                                                                       ; 104     ;
; Nodes with more than specified number of fan-outs ; flux_loop:i_flux_loop|wbs_frame_data:i_wbs_frame_data|ch_mux_sel[0]                                                                                                              ; 312     ;
; Nodes with more than specified number of fan-outs ; flux_loop:i_flux_loop|wbs_frame_data:i_wbs_frame_data|ch_mux_sel[1]                                                                                                              ; 312     ;
; Nodes with more than specified number of fan-outs ; flux_loop:i_flux_loop|wbs_frame_data:i_wbs_frame_data|ch_mux_sel[2]                                                                                                              ; 109     ;
; Nodes with more than specified number of fan-outs ; flux_loop:i_flux_loop|flux_loop_ctrl:i_flux_loop_ctrl_ch7|fsfb_calc:i_fsfb_calc|fsfb_io_controller:i_fsfb_io_controller|wr_addr[0]                                               ; 92      ;
; Nodes with more than specified number of fan-outs ; flux_loop:i_flux_loop|flux_loop_ctrl:i_flux_loop_ctrl_ch7|fsfb_calc:i_fsfb_calc|fsfb_io_controller:i_fsfb_io_controller|wr_addr[1]                                               ; 92      ;
; Nodes with more than specified number of fan-outs ; flux_loop:i_flux_loop|flux_loop_ctrl:i_flux_loop_ctrl_ch7|fsfb_calc:i_fsfb_calc|fsfb_io_controller:i_fsfb_io_controller|wr_addr[2]                                               ; 92      ;
; Nodes with more than specified number of fan-outs ; flux_loop:i_flux_loop|flux_loop_ctrl:i_flux_loop_ctrl_ch7|fsfb_calc:i_fsfb_calc|fsfb_io_controller:i_fsfb_io_controller|wr_addr[3]                                               ; 92      ;
; Nodes with more than specified number of fan-outs ; flux_loop:i_flux_loop|flux_loop_ctrl:i_flux_loop_ctrl_ch7|fsfb_calc:i_fsfb_calc|fsfb_io_controller:i_fsfb_io_controller|wr_addr[4]                                               ; 92      ;
; Nodes with more than specified number of fan-outs ; flux_loop:i_flux_loop|flux_loop_ctrl:i_flux_loop_ctrl_ch7|fsfb_calc:i_fsfb_calc|fsfb_io_controller:i_fsfb_io_controller|wr_addr[5]                                               ; 92      ;
; Nodes with more than specified number of fan-outs ; flux_loop:i_flux_loop|flux_loop_ctrl:i_flux_loop_ctrl_ch7|fsfb_calc:i_fsfb_calc|fsfb_io_controller:i_fsfb_io_controller|initialize_window_1row_post                              ; 34      ;
; Nodes with more than specified number of fan-outs ; flux_loop:i_flux_loop|flux_loop_ctrl:i_flux_loop_ctrl_ch7|fsfb_calc:i_fsfb_calc|fsfb_io_controller:i_fsfb_io_controller|even_odd_delayed                                         ; 523     ;
; Nodes with more than specified number of fan-outs ; flux_loop:i_flux_loop|flux_loop_ctrl:i_flux_loop_ctrl_ch7|fsfb_calc:i_fsfb_calc|fsfb_io_controller:i_fsfb_io_controller|sys_dat_rdy_1d                                           ; 258     ;
; Nodes with more than specified number of fan-outs ; flux_loop:i_flux_loop|flux_loop_ctrl:i_flux_loop_ctrl_ch7|fsfb_calc:i_fsfb_calc|fsfb_io_controller:i_fsfb_io_controller|even_odd                                                 ; 170     ;
; Nodes with more than specified number of fan-outs ; flux_loop:i_flux_loop|flux_loop_ctrl:i_flux_loop_ctrl_ch7|fsfb_calc:i_fsfb_calc|fsfb_processor:i_fsfb_processor|fsfb_proc_pidz:i_fsfb_proc_pidz|calc_shift_state[7]              ; 257     ;
; Nodes with more than specified number of fan-outs ; flux_loop:i_flux_loop|wbs_fb_data:i_wbs_fb_data|misc_banks_admin:i_misc_banks_admin|wren[33]~35972                                                                               ; 32      ;
; Nodes with more than specified number of fan-outs ; flux_loop:i_flux_loop|wbs_fb_data:i_wbs_fb_data|misc_banks_admin:i_misc_banks_admin|wren[35]~35971                                                                               ; 32      ;
; Nodes with more than specified number of fan-outs ; flux_loop:i_flux_loop|wbs_fb_data:i_wbs_fb_data|misc_banks_admin:i_misc_banks_admin|wren[29]~35973                                                                               ; 32      ;
; Nodes with more than specified number of fan-outs ; flux_loop:i_flux_loop|wbs_fb_data:i_wbs_fb_data|misc_banks_admin:i_misc_banks_admin|wren[34]~35970                                                                               ; 32      ;
; Nodes with more than specified number of fan-outs ; flux_loop:i_flux_loop|wbs_fb_data:i_wbs_fb_data|misc_banks_admin:i_misc_banks_admin|wren[30]~35975                                                                               ; 32      ;
; Nodes with more than specified number of fan-outs ; flux_loop:i_flux_loop|wbs_fb_data:i_wbs_fb_data|misc_banks_admin:i_misc_banks_admin|wren[32]~35976                                                                               ; 32      ;
; Nodes with more than specified number of fan-outs ; flux_loop:i_flux_loop|wbs_fb_data:i_wbs_fb_data|misc_banks_admin:i_misc_banks_admin|wren[31]~35974                                                                               ; 32      ;
; Nodes with more than specified number of fan-outs ; flux_loop:i_flux_loop|wbs_fb_data:i_wbs_fb_data|misc_banks_admin:i_misc_banks_admin|wren[28]~35951                                                                               ; 32      ;
; Nodes with more than specified number of fan-outs ; flux_loop:i_flux_loop|wbs_fb_data:i_wbs_fb_data|misc_banks_admin:i_misc_banks_admin|wren[21]~35956                                                                               ; 32      ;
; Nodes with more than specified number of fan-outs ; flux_loop:i_flux_loop|wbs_fb_data:i_wbs_fb_data|misc_banks_admin:i_misc_banks_admin|wren[22]~35958                                                                               ; 32      ;
; Nodes with more than specified number of fan-outs ; flux_loop:i_flux_loop|wbs_fb_data:i_wbs_fb_data|misc_banks_admin:i_misc_banks_admin|wren[18]~35965                                                                               ; 32      ;
; Nodes with more than specified number of fan-outs ; flux_loop:i_flux_loop|wbs_fb_data:i_wbs_fb_data|misc_banks_admin:i_misc_banks_admin|wren[17]~35963                                                                               ; 32      ;
; Nodes with more than specified number of fan-outs ; flux_loop:i_flux_loop|wbs_fb_data:i_wbs_fb_data|misc_banks_admin:i_misc_banks_admin|wren[13]~35955                                                                               ; 32      ;
; Nodes with more than specified number of fan-outs ; flux_loop:i_flux_loop|wbs_fb_data:i_wbs_fb_data|misc_banks_admin:i_misc_banks_admin|wren[14]~35957                                                                               ; 32      ;
; Nodes with more than specified number of fan-outs ; flux_loop:i_flux_loop|wbs_fb_data:i_wbs_fb_data|misc_banks_admin:i_misc_banks_admin|wren[26]~35966                                                                               ; 32      ;
; Nodes with more than specified number of fan-outs ; flux_loop:i_flux_loop|wbs_fb_data:i_wbs_fb_data|misc_banks_admin:i_misc_banks_admin|wren[25]~35964                                                                               ; 32      ;
; Nodes with more than specified number of fan-outs ; flux_loop:i_flux_loop|wbs_fb_data:i_wbs_fb_data|misc_banks_admin:i_misc_banks_admin|wren[11]~35981                                                                               ; 32      ;
; Nodes with more than specified number of fan-outs ; flux_loop:i_flux_loop|wbs_fb_data:i_wbs_fb_data|misc_banks_admin:i_misc_banks_admin|wren[8]~35980                                                                                ; 32      ;
; Nodes with more than specified number of fan-outs ; flux_loop:i_flux_loop|wbs_fb_data:i_wbs_fb_data|misc_banks_admin:i_misc_banks_admin|wren[10]~35982                                                                               ; 32      ;
; Nodes with more than specified number of fan-outs ; flux_loop:i_flux_loop|wbs_fb_data:i_wbs_fb_data|misc_banks_admin:i_misc_banks_admin|wren[9]~35979                                                                                ; 32      ;
; Nodes with more than specified number of fan-outs ; flux_loop:i_flux_loop|wbs_fb_data:i_wbs_fb_data|pid_ram_admin:i_p_banks_admin|qa_bank_o~12954                                                                                    ; 35      ;
; Nodes with more than specified number of fan-outs ; dispatch:i_dispatch|buf_wrdata[0]~15879                                                                                                                                          ; 31      ;
; Nodes with more than specified number of fan-outs ; dispatch:i_dispatch|buf_wrdata[1]~15881                                                                                                                                          ; 32      ;
; Nodes with more than specified number of fan-outs ; dispatch:i_dispatch|dispatch_cmd_receive:receiver|pres_state.idle                                                                                                                ; 46      ;
; Nodes with more than specified number of fan-outs ; dispatch:i_dispatch|dispatch_cmd_receive:receiver|parallel_crc:crc_calc|crc_reg[2]~2098                                                                                          ; 32      ;
; Nodes with more than specified number of fan-outs ; flux_loop:i_flux_loop|flux_loop_ctrl:i_flux_loop_ctrl_ch0|adc_sample_coadd:i_adc_sample_coadd|coadd_dynamic_manager_ctrl:i_coadd_dynamic_manager_ctrl|delay_row_switch[2]        ; 104     ;
; Nodes with more than specified number of fan-outs ; dispatch:i_dispatch|dispatch_reply_transmit:transmitter|lvds_tx_data[31]~1440                                                                                                    ; 32      ;
; Nodes with more than specified number of fan-outs ; dispatch:i_dispatch|dispatch_cmd_receive:receiver|lvds_rx:cmd_rx|dcfifo:data_buffer|dcfifo_kkg1:auto_generated|alt_sync_fifo_aem:sync_fifo|dffe5a[4]                             ; 50      ;
; Nodes with more than specified number of fan-outs ; dispatch:i_dispatch|dispatch_cmd_receive:receiver|lvds_rx:cmd_rx|datapath_ps~18                                                                                                  ; 38      ;
; Nodes with more than specified number of fan-outs ; dispatch:i_dispatch|dispatch_cmd_receive:receiver|lvds_rx:cmd_rx|datapath_ps~19                                                                                                  ; 38      ;
; Nodes with more than specified number of fan-outs ; dispatch:i_dispatch|dispatch_cmd_receive:receiver|lvds_rx:cmd_rx|shift_reg:rx_buffer|reg[32]~2866                                                                                ; 33      ;
; Nodes with more than specified number of fan-outs ; dispatch:i_dispatch|dispatch_cmd_receive:receiver|lvds_rx:cmd_rx|datapath_ns~73                                                                                                  ; 64      ;
; Nodes with more than specified number of fan-outs ; flux_loop:i_flux_loop|flux_loop_ctrl:i_flux_loop_ctrl_ch7|fsfb_calc:i_fsfb_calc|fsfb_processor:i_fsfb_processor|fsfb_proc_pidz:i_fsfb_proc_pidz|calc_shift_state[4]              ; 954     ;
; Nodes with more than specified number of fan-outs ; flux_loop:i_flux_loop|flux_loop_ctrl:i_flux_loop_ctrl_ch7|fsfb_calc:i_fsfb_calc|fsfb_processor:i_fsfb_processor|fsfb_proc_pidz:i_fsfb_proc_pidz|calc_shift_state[3]              ; 1678    ;
; Nodes with more than specified number of fan-outs ; flux_loop:i_flux_loop|flux_loop_ctrl:i_flux_loop_ctrl_ch7|fsfb_calc:i_fsfb_calc|fsfb_processor:i_fsfb_processor|fsfb_proc_pidz:i_fsfb_proc_pidz|calc_shift_state[2]              ; 788     ;
; Nodes with more than specified number of fan-outs ; flux_loop:i_flux_loop|flux_loop_ctrl:i_flux_loop_ctrl_ch7|fsfb_calc:i_fsfb_calc|fsfb_processor:i_fsfb_processor|fsfb_proc_pidz:i_fsfb_proc_pidz|calc_shift_state[1]              ; 690     ;
; Nodes with more than specified number of fan-outs ; flux_loop:i_flux_loop|flux_loop_ctrl:i_flux_loop_ctrl_ch7|fsfb_calc:i_fsfb_calc|fsfb_processor:i_fsfb_processor|fsfb_proc_pidz:i_fsfb_proc_pidz|calc_shift_state[0]              ; 706     ;
; Nodes with more than specified number of fan-outs ; flux_loop:i_flux_loop|flux_loop_ctrl:i_flux_loop_ctrl_ch0|adc_sample_coadd:i_adc_sample_coadd|coadd_dynamic_manager_ctrl:i_coadd_dynamic_manager_ctrl|coadd_done_o               ; 783     ;
; Nodes with more than specified number of fan-outs ; flux_loop:i_flux_loop|flux_loop_ctrl:i_flux_loop_ctrl_ch7|fsfb_calc:i_fsfb_calc|fsfb_io_controller:i_fsfb_io_controller|ramp_update_new_o                                        ; 265     ;
; Nodes with more than specified number of fan-outs ; flux_loop:i_flux_loop|flux_loop_ctrl:i_flux_loop_ctrl_ch0|fsfb_calc:i_fsfb_calc|fsfb_io_controller:i_fsfb_io_controller|initialize_window_ext_o                                  ; 264     ;
; Nodes with more than specified number of fan-outs ; flux_loop:i_flux_loop|flux_loop_ctrl:i_flux_loop_ctrl_ch0|fsfb_calc:i_fsfb_calc|fsfb_io_controller:i_fsfb_io_controller|Equal~367                                                ; 33      ;
; Nodes with more than specified number of fan-outs ; flux_loop:i_flux_loop|flux_loop_ctrl:i_flux_loop_ctrl_ch7|fsfb_calc:i_fsfb_calc|fsfb_processor:i_fsfb_processor|fsfb_proc_pidz:i_fsfb_proc_pidz|calc_shift_state[6]              ; 233     ;
; Nodes with more than specified number of fan-outs ; flux_loop:i_flux_loop|fsfb_corr:i_fsfb_corr|m_prev_sign_xtnd[7]~535                                                                                                              ; 50      ;
; Nodes with more than specified number of fan-outs ; dispatch:i_dispatch|dispatch_reply_transmit:transmitter|parallel_crc:crc_calc|crc_reg[2]~4849                                                                                    ; 32      ;
; Nodes with more than specified number of fan-outs ; dispatch:i_dispatch|dispatch_cmd_receive:receiver|lvds_rx:cmd_rx|datapath_ps~35                                                                                                  ; 47      ;
; Nodes with more than specified number of fan-outs ; dispatch:i_dispatch|dispatch_cmd_receive:receiver|lvds_rx:cmd_rx|binary_counter:sample_counter|count[8]                                                                          ; 49      ;
; Nodes with more than specified number of fan-outs ; dispatch:i_dispatch|dispatch_cmd_receive:receiver|lvds_rx:cmd_rx|Equal~93                                                                                                        ; 48      ;
; Nodes with more than specified number of fan-outs ; dispatch:i_dispatch|dispatch_cmd_receive:receiver|lvds_rx:cmd_rx|Equal~92                                                                                                        ; 48      ;
; Nodes with more than specified number of fan-outs ; dispatch:i_dispatch|dispatch_cmd_receive:receiver|lvds_rx:cmd_rx|datapath_ps~34                                                                                                  ; 47      ;
; Nodes with more than specified number of fan-outs ; flux_loop:i_flux_loop|flux_loop_ctrl:i_flux_loop_ctrl_ch5|fsfb_calc:i_fsfb_calc|fsfb_processor:i_fsfb_processor|fsfb_proc_pidz:i_fsfb_proc_pidz|multiplicand_a[8]~2752           ; 36      ;
; Nodes with more than specified number of fan-outs ; flux_loop:i_flux_loop|flux_loop_ctrl:i_flux_loop_ctrl_ch7|fsfb_calc:i_fsfb_calc|fsfb_processor:i_fsfb_processor|fsfb_proc_pidz:i_fsfb_proc_pidz|calc_shift_state[4]~59           ; 72      ;
; Nodes with more than specified number of fan-outs ; flux_loop:i_flux_loop|flux_loop_ctrl:i_flux_loop_ctrl_ch7|fsfb_calc:i_fsfb_calc|fsfb_processor:i_fsfb_processor|fsfb_proc_pidz:i_fsfb_proc_pidz|calc_shift_state[1]~62           ; 226     ;
; Nodes with more than specified number of fan-outs ; flux_loop:i_flux_loop|flux_loop_ctrl:i_flux_loop_ctrl_ch7|fsfb_calc:i_fsfb_calc|fsfb_processor:i_fsfb_processor|fsfb_proc_pidz:i_fsfb_proc_pidz|calc_shift_state[2]~64           ; 248     ;
; Nodes with more than specified number of fan-outs ; flux_loop:i_flux_loop|flux_loop_ctrl:i_flux_loop_ctrl_ch7|fsfb_calc:i_fsfb_calc|fsfb_processor:i_fsfb_processor|fsfb_proc_pidz:i_fsfb_proc_pidz|calc_shift_state[2]~75           ; 224     ;
; Nodes with more than specified number of fan-outs ; flux_loop:i_flux_loop|flux_loop_ctrl:i_flux_loop_ctrl_ch7|fsfb_calc:i_fsfb_calc|fsfb_processor:i_fsfb_processor|fsfb_proc_pidz:i_fsfb_proc_pidz|calc_shift_state[0]~63           ; 205     ;
; Nodes with more than specified number of fan-outs ; flux_loop:i_flux_loop|flux_loop_ctrl:i_flux_loop_ctrl_ch5|fsfb_calc:i_fsfb_calc|fsfb_processor:i_fsfb_processor|fsfb_proc_ramp:i_fsfb_proc_ramp|ramp_dat~2056                    ; 31      ;
; Nodes with more than specified number of fan-outs ; flux_loop:i_flux_loop|flux_loop_ctrl:i_flux_loop_ctrl_ch5|fsfb_calc:i_fsfb_calc|fsfb_processor:i_fsfb_processor|fsfb_proc_ramp:i_fsfb_proc_ramp|ramp_dat~2067                    ; 32      ;
; Nodes with more than specified number of fan-outs ; flux_loop:i_flux_loop|flux_loop_ctrl:i_flux_loop_ctrl_ch6|fsfb_calc:i_fsfb_calc|fsfb_processor:i_fsfb_processor|fsfb_proc_pidz:i_fsfb_proc_pidz|multiplicand_a[8]~2737           ; 36      ;
; Nodes with more than specified number of fan-outs ; flux_loop:i_flux_loop|flux_loop_ctrl:i_flux_loop_ctrl_ch6|fsfb_calc:i_fsfb_calc|fsfb_processor:i_fsfb_processor|fsfb_proc_ramp:i_fsfb_proc_ramp|ramp_dat~2067                    ; 32      ;
; Nodes with more than specified number of fan-outs ; flux_loop:i_flux_loop|flux_loop_ctrl:i_flux_loop_ctrl_ch6|fsfb_calc:i_fsfb_calc|fsfb_processor:i_fsfb_processor|fsfb_proc_ramp:i_fsfb_proc_ramp|ramp_dat~2056                    ; 31      ;
; Nodes with more than specified number of fan-outs ; flux_loop:i_flux_loop|flux_loop_ctrl:i_flux_loop_ctrl_ch4|fsfb_calc:i_fsfb_calc|fsfb_processor:i_fsfb_processor|fsfb_proc_pidz:i_fsfb_proc_pidz|multiplicand_a[8]~2737           ; 36      ;
; Nodes with more than specified number of fan-outs ; flux_loop:i_flux_loop|flux_loop_ctrl:i_flux_loop_ctrl_ch4|fsfb_calc:i_fsfb_calc|fsfb_processor:i_fsfb_processor|fsfb_proc_ramp:i_fsfb_proc_ramp|ramp_dat~2056                    ; 31      ;
; Nodes with more than specified number of fan-outs ; flux_loop:i_flux_loop|flux_loop_ctrl:i_flux_loop_ctrl_ch4|fsfb_calc:i_fsfb_calc|fsfb_processor:i_fsfb_processor|fsfb_proc_ramp:i_fsfb_proc_ramp|ramp_dat~2067                    ; 32      ;
; Nodes with more than specified number of fan-outs ; flux_loop:i_flux_loop|flux_loop_ctrl:i_flux_loop_ctrl_ch7|fsfb_calc:i_fsfb_calc|fsfb_processor:i_fsfb_processor|fsfb_proc_pidz:i_fsfb_proc_pidz|multiplicand_a[8]~2737           ; 36      ;
; Nodes with more than specified number of fan-outs ; flux_loop:i_flux_loop|flux_loop_ctrl:i_flux_loop_ctrl_ch7|fsfb_calc:i_fsfb_calc|fsfb_processor:i_fsfb_processor|fsfb_proc_ramp:i_fsfb_proc_ramp|ramp_dat~2067                    ; 32      ;
; Nodes with more than specified number of fan-outs ; flux_loop:i_flux_loop|flux_loop_ctrl:i_flux_loop_ctrl_ch7|fsfb_calc:i_fsfb_calc|fsfb_processor:i_fsfb_processor|fsfb_proc_ramp:i_fsfb_proc_ramp|ramp_dat~2056                    ; 31      ;
; Nodes with more than specified number of fan-outs ; flux_loop:i_flux_loop|flux_loop_ctrl:i_flux_loop_ctrl_ch2|fsfb_calc:i_fsfb_calc|fsfb_processor:i_fsfb_processor|fsfb_proc_pidz:i_fsfb_proc_pidz|multiplicand_a[8]~2981           ; 36      ;
; Nodes with more than specified number of fan-outs ; flux_loop:i_flux_loop|flux_loop_ctrl:i_flux_loop_ctrl_ch2|fsfb_calc:i_fsfb_calc|fsfb_processor:i_fsfb_processor|fsfb_proc_ramp:i_fsfb_proc_ramp|ramp_dat~2067                    ; 32      ;
; Nodes with more than specified number of fan-outs ; flux_loop:i_flux_loop|flux_loop_ctrl:i_flux_loop_ctrl_ch2|fsfb_calc:i_fsfb_calc|fsfb_processor:i_fsfb_processor|fsfb_proc_ramp:i_fsfb_proc_ramp|ramp_dat~2056                    ; 31      ;
; Nodes with more than specified number of fan-outs ; flux_loop:i_flux_loop|flux_loop_ctrl:i_flux_loop_ctrl_ch1|fsfb_calc:i_fsfb_calc|fsfb_processor:i_fsfb_processor|fsfb_proc_pidz:i_fsfb_proc_pidz|multiplicand_a[8]~2737           ; 36      ;
; Nodes with more than specified number of fan-outs ; flux_loop:i_flux_loop|flux_loop_ctrl:i_flux_loop_ctrl_ch1|fsfb_calc:i_fsfb_calc|fsfb_processor:i_fsfb_processor|fsfb_proc_ramp:i_fsfb_proc_ramp|ramp_dat~2067                    ; 32      ;
; Nodes with more than specified number of fan-outs ; flux_loop:i_flux_loop|flux_loop_ctrl:i_flux_loop_ctrl_ch1|fsfb_calc:i_fsfb_calc|fsfb_processor:i_fsfb_processor|fsfb_proc_ramp:i_fsfb_proc_ramp|ramp_dat~2056                    ; 31      ;
; Nodes with more than specified number of fan-outs ; flux_loop:i_flux_loop|flux_loop_ctrl:i_flux_loop_ctrl_ch0|fsfb_calc:i_fsfb_calc|fsfb_processor:i_fsfb_processor|fsfb_proc_pidz:i_fsfb_proc_pidz|multiplicand_a[8]~2760           ; 36      ;
; Nodes with more than specified number of fan-outs ; flux_loop:i_flux_loop|flux_loop_ctrl:i_flux_loop_ctrl_ch0|fsfb_calc:i_fsfb_calc|fsfb_processor:i_fsfb_processor|fsfb_proc_ramp:i_fsfb_proc_ramp|ramp_dat~2067                    ; 32      ;
; Nodes with more than specified number of fan-outs ; flux_loop:i_flux_loop|flux_loop_ctrl:i_flux_loop_ctrl_ch0|fsfb_calc:i_fsfb_calc|fsfb_processor:i_fsfb_processor|fsfb_proc_ramp:i_fsfb_proc_ramp|ramp_dat~2056                    ; 31      ;
; Nodes with more than specified number of fan-outs ; flux_loop:i_flux_loop|flux_loop_ctrl:i_flux_loop_ctrl_ch3|fsfb_calc:i_fsfb_calc|fsfb_processor:i_fsfb_processor|fsfb_proc_pidz:i_fsfb_proc_pidz|multiplicand_a[8]~2740           ; 36      ;
; Nodes with more than specified number of fan-outs ; flux_loop:i_flux_loop|flux_loop_ctrl:i_flux_loop_ctrl_ch3|fsfb_calc:i_fsfb_calc|fsfb_processor:i_fsfb_processor|fsfb_proc_ramp:i_fsfb_proc_ramp|ramp_dat~2067                    ; 32      ;
; Nodes with more than specified number of fan-outs ; flux_loop:i_flux_loop|flux_loop_ctrl:i_flux_loop_ctrl_ch3|fsfb_calc:i_fsfb_calc|fsfb_processor:i_fsfb_processor|fsfb_proc_ramp:i_fsfb_proc_ramp|ramp_dat~2056                    ; 31      ;
; Nodes with more than specified number of fan-outs ; flux_loop:i_flux_loop|flux_loop_ctrl:i_flux_loop_ctrl_ch5|fsfb_calc:i_fsfb_calc|fsfb_io_controller:i_fsfb_io_controller|sys_dat[39]                                              ; 36      ;
; Nodes with more than specified number of fan-outs ; flux_loop:i_flux_loop|flux_loop_ctrl:i_flux_loop_ctrl_ch6|fsfb_calc:i_fsfb_calc|fsfb_io_controller:i_fsfb_io_controller|sys_dat[39]                                              ; 36      ;
; Nodes with more than specified number of fan-outs ; flux_loop:i_flux_loop|flux_loop_ctrl:i_flux_loop_ctrl_ch4|fsfb_calc:i_fsfb_calc|fsfb_io_controller:i_fsfb_io_controller|sys_dat[39]                                              ; 36      ;
; Nodes with more than specified number of fan-outs ; flux_loop:i_flux_loop|flux_loop_ctrl:i_flux_loop_ctrl_ch7|fsfb_calc:i_fsfb_calc|fsfb_io_controller:i_fsfb_io_controller|sys_dat[39]                                              ; 36      ;
; Nodes with more than specified number of fan-outs ; flux_loop:i_flux_loop|flux_loop_ctrl:i_flux_loop_ctrl_ch2|fsfb_calc:i_fsfb_calc|fsfb_io_controller:i_fsfb_io_controller|sys_dat[39]                                              ; 36      ;
; Nodes with more than specified number of fan-outs ; flux_loop:i_flux_loop|flux_loop_ctrl:i_flux_loop_ctrl_ch1|fsfb_calc:i_fsfb_calc|fsfb_io_controller:i_fsfb_io_controller|sys_dat[39]                                              ; 36      ;
; Nodes with more than specified number of fan-outs ; flux_loop:i_flux_loop|flux_loop_ctrl:i_flux_loop_ctrl_ch0|fsfb_calc:i_fsfb_calc|fsfb_io_controller:i_fsfb_io_controller|sys_dat[39]                                              ; 36      ;
; Nodes with more than specified number of fan-outs ; flux_loop:i_flux_loop|flux_loop_ctrl:i_flux_loop_ctrl_ch3|fsfb_calc:i_fsfb_calc|fsfb_io_controller:i_fsfb_io_controller|sys_dat[39]                                              ; 36      ;
; Nodes with more than specified number of fan-outs ; flux_loop:i_flux_loop|flux_loop_ctrl:i_flux_loop_ctrl_ch0|fsfb_calc:i_fsfb_calc|fsfb_processor:i_fsfb_processor|fsfb_proc_pidz:i_fsfb_proc_pidz|wtemp_reg_shift[0]~28            ; 232     ;
; Nodes with more than specified number of fan-outs ; flux_loop:i_flux_loop|fsfb_corr:i_fsfb_corr|present_state.calca2~42                                                                                                              ; 46      ;
; Nodes with more than specified number of fan-outs ; flux_loop:i_flux_loop|fsfb_corr:i_fsfb_corr|present_state.calca4~35                                                                                                              ; 46      ;
; Nodes with more than specified number of fan-outs ; flux_loop:i_flux_loop|fsfb_corr:i_fsfb_corr|present_state.calca1~27                                                                                                              ; 58      ;
; Nodes with more than specified number of fan-outs ; flux_loop:i_flux_loop|fsfb_corr:i_fsfb_corr|present_state.calca3~62                                                                                                              ; 58      ;
; Nodes with more than specified number of fan-outs ; flux_loop:i_flux_loop|flux_loop_ctrl:i_flux_loop_ctrl_ch7|fsfb_calc:i_fsfb_calc|fsfb_processor:i_fsfb_processor|fsfb_proc_pidz:i_fsfb_proc_pidz|calc_shift_state[0]~63_DUP_COMB  ; 90      ;
; Nodes with more than specified number of fan-outs ; flux_loop:i_flux_loop|flux_loop_ctrl:i_flux_loop_ctrl_ch7|fsfb_calc:i_fsfb_calc|fsfb_processor:i_fsfb_processor|fsfb_proc_pidz:i_fsfb_proc_pidz|calc_shift_state[1]~62_DUP_COMB  ; 86      ;
; Nodes with more than specified number of fan-outs ; flux_loop:i_flux_loop|flux_loop_ctrl:i_flux_loop_ctrl_ch7|adc_sample_coadd:i_adc_sample_coadd|dynamic_manager_data_path:i_dynamic_manager_data_path|shifted_initialize_window[4] ; 511     ;
; Nodes with more than specified number of fan-outs ; dispatch:i_dispatch|dispatch_cmd_receive:receiver|lvds_rx:cmd_rx|dcfifo:data_buffer|dcfifo_kkg1:auto_generated|alt_sync_fifo_aem:sync_fifo|cntr_808:cntr1|safe_q[0]~41_DUP_COMB  ; 47      ;
; Nodes with more than specified number of fan-outs ; rc_pll:i_rc_pll|altpll:altpll_component|_clk0                                                                                                                                    ; 11455   ;
; Nodes with more than specified number of fan-outs ; rc_pll:i_rc_pll|altpll:altpll_component|_clk2                                                                                                                                    ; 171     ;
; Nodes with more than specified number of fan-outs ; rc_pll:i_rc_pll|altpll:altpll_component|_clk3                                                                                                                                    ; 293     ;
; Top nodes with highest fan-out                    ; rc_pll:i_rc_pll|altpll:altpll_component|_clk0                                                                                                                                    ; 11455   ;
; Top nodes with highest fan-out                    ; rst                                                                                                                                                                              ; 11249   ;
; Top nodes with highest fan-out                    ; flux_loop:i_flux_loop|flux_loop_ctrl:i_flux_loop_ctrl_ch7|fsfb_calc:i_fsfb_calc|fsfb_processor:i_fsfb_processor|fsfb_proc_pidz:i_fsfb_proc_pidz|calc_shift_state[3]              ; 1678    ;
; Top nodes with highest fan-out                    ; flux_loop:i_flux_loop|flux_loop_ctrl:i_flux_loop_ctrl_ch0|adc_sample_coadd:i_adc_sample_coadd|coadd_dynamic_manager_ctrl:i_coadd_dynamic_manager_ctrl|wren_for_fsfb_o            ; 1137    ;
; Top nodes with highest fan-out                    ; flux_loop:i_flux_loop|flux_loop_ctrl:i_flux_loop_ctrl_ch7|fsfb_calc:i_fsfb_calc|fsfb_processor:i_fsfb_processor|fsfb_proc_pidz:i_fsfb_proc_pidz|calc_shift_state[4]              ; 954     ;
; Top nodes with highest fan-out                    ; flux_loop:i_flux_loop|wbs_fb_data:i_wbs_fb_data|misc_banks_admin:i_misc_banks_admin|reg[7][0]                                                                                    ; 812     ;
; Top nodes with highest fan-out                    ; flux_loop:i_flux_loop|flux_loop_ctrl:i_flux_loop_ctrl_ch7|fsfb_calc:i_fsfb_calc|fsfb_processor:i_fsfb_processor|fsfb_proc_pidz:i_fsfb_proc_pidz|calc_shift_state[2]              ; 788     ;
; Top nodes with highest fan-out                    ; flux_loop:i_flux_loop|flux_loop_ctrl:i_flux_loop_ctrl_ch0|adc_sample_coadd:i_adc_sample_coadd|coadd_dynamic_manager_ctrl:i_coadd_dynamic_manager_ctrl|coadd_done_o               ; 783     ;
; Top nodes with highest fan-out                    ; flux_loop:i_flux_loop|flux_loop_ctrl:i_flux_loop_ctrl_ch7|adc_sample_coadd:i_adc_sample_coadd|coadd_dynamic_manager_ctrl:i_coadd_dynamic_manager_ctrl|current_bank               ; 771     ;
; Top nodes with highest fan-out                    ; flux_loop:i_flux_loop|flux_loop_ctrl:i_flux_loop_ctrl_ch7|fsfb_calc:i_fsfb_calc|fsfb_processor:i_fsfb_processor|fsfb_proc_pidz:i_fsfb_proc_pidz|calc_shift_state[0]              ; 706     ;
; Top nodes with highest fan-out                    ; flux_loop:i_flux_loop|flux_loop_ctrl:i_flux_loop_ctrl_ch7|fsfb_calc:i_fsfb_calc|fsfb_processor:i_fsfb_processor|fsfb_proc_pidz:i_fsfb_proc_pidz|calc_shift_state[1]              ; 690     ;
; Top nodes with highest fan-out                    ; frame_timing:i_frame_timing|frame_timing_core:ftc|current_init_win_state.init_on                                                                                                 ; 575     ;
; Top nodes with highest fan-out                    ; frame_timing:i_frame_timing|frame_timing_core:ftc|current_init_win_state.init_hold                                                                                               ; 574     ;
; Top nodes with highest fan-out                    ; flux_loop:i_flux_loop|wbs_fb_data:i_wbs_fb_data|misc_banks_admin:i_misc_banks_admin|reg[7][1]                                                                                    ; 556     ;
; Top nodes with highest fan-out                    ; flux_loop:i_flux_loop|flux_loop_ctrl:i_flux_loop_ctrl_ch7|fsfb_calc:i_fsfb_calc|fsfb_io_controller:i_fsfb_io_controller|even_odd_delayed                                         ; 523     ;
; Top nodes with highest fan-out                    ; flux_loop:i_flux_loop|flux_loop_ctrl:i_flux_loop_ctrl_ch7|adc_sample_coadd:i_adc_sample_coadd|dynamic_manager_data_path:i_dynamic_manager_data_path|shifted_initialize_window[4] ; 511     ;
; Top nodes with highest fan-out                    ; dispatch:i_dispatch|dispatch_wishbone:wishbone|binary_counter:addr_gen|count[1]~338                                                                                              ; 393     ;
; Top nodes with highest fan-out                    ; dispatch:i_dispatch|dispatch_wishbone:wishbone|binary_counter:addr_gen|count[0]~336                                                                                              ; 393     ;
; Top nodes with highest fan-out                    ; flux_loop:i_flux_loop|flux_loop_ctrl:i_flux_loop_ctrl_ch7|adc_sample_coadd:i_adc_sample_coadd|coadd_manager_data_path:i_coadd_manager_data_path|shifted_adc_coadd_en[3]          ; 373     ;
; Top nodes with highest fan-out                    ; flux_loop:i_flux_loop|wbs_frame_data:i_wbs_frame_data|ch_mux_sel[1]                                                                                                              ; 312     ;
; Top nodes with highest fan-out                    ; flux_loop:i_flux_loop|wbs_frame_data:i_wbs_frame_data|ch_mux_sel[0]                                                                                                              ; 312     ;
; Top nodes with highest fan-out                    ; dispatch:i_dispatch|dispatch_wishbone:wishbone|addr_o[0]~667                                                                                                                     ; 304     ;
; Top nodes with highest fan-out                    ; rc_pll:i_rc_pll|altpll:altpll_component|_clk3                                                                                                                                    ; 293     ;
; Top nodes with highest fan-out                    ; flux_loop:i_flux_loop|flux_loop_ctrl:i_flux_loop_ctrl_ch7|fsfb_calc:i_fsfb_calc|fsfb_io_controller:i_fsfb_io_controller|read_shifter[3]                                          ; 266     ;
; Top nodes with highest fan-out                    ; flux_loop:i_flux_loop|flux_loop_ctrl:i_flux_loop_ctrl_ch7|fsfb_calc:i_fsfb_calc|fsfb_io_controller:i_fsfb_io_controller|ramp_update_new_o                                        ; 265     ;
; Top nodes with highest fan-out                    ; flux_loop:i_flux_loop|flux_loop_ctrl:i_flux_loop_ctrl_ch0|fsfb_calc:i_fsfb_calc|fsfb_io_controller:i_fsfb_io_controller|initialize_window_ext_o                                  ; 264     ;
; Top nodes with highest fan-out                    ; flux_loop:i_flux_loop|flux_loop_ctrl:i_flux_loop_ctrl_ch7|fsfb_calc:i_fsfb_calc|fsfb_io_controller:i_fsfb_io_controller|sys_dat_rdy_1d                                           ; 258     ;
; Top nodes with highest fan-out                    ; flux_loop:i_flux_loop|flux_loop_ctrl:i_flux_loop_ctrl_ch7|fsfb_calc:i_fsfb_calc|fsfb_processor:i_fsfb_processor|fsfb_proc_pidz:i_fsfb_proc_pidz|calc_shift_state[7]              ; 257     ;
; Top nodes with highest fan-out                    ; flux_loop:i_flux_loop|flux_loop_ctrl:i_flux_loop_ctrl_ch7|fsfb_calc:i_fsfb_calc|fsfb_processor:i_fsfb_processor|fsfb_proc_pidz:i_fsfb_proc_pidz|calc_shift_state[2]~64           ; 248     ;
; Top nodes with highest fan-out                    ; flux_loop:i_flux_loop|flux_loop_ctrl:i_flux_loop_ctrl_ch7|fsfb_calc:i_fsfb_calc|fsfb_processor:i_fsfb_processor|fsfb_proc_pidz:i_fsfb_proc_pidz|calc_shift_state[6]              ; 233     ;
; Top nodes with highest fan-out                    ; flux_loop:i_flux_loop|flux_loop_ctrl:i_flux_loop_ctrl_ch0|fsfb_calc:i_fsfb_calc|fsfb_processor:i_fsfb_processor|fsfb_proc_pidz:i_fsfb_proc_pidz|wtemp_reg_shift[0]~28            ; 232     ;
; Top nodes with highest fan-out                    ; flux_loop:i_flux_loop|flux_loop_ctrl:i_flux_loop_ctrl_ch7|fsfb_calc:i_fsfb_calc|fsfb_processor:i_fsfb_processor|fsfb_proc_pidz:i_fsfb_proc_pidz|calc_shift_state[1]~62           ; 226     ;
; Top nodes with highest fan-out                    ; flux_loop:i_flux_loop|flux_loop_ctrl:i_flux_loop_ctrl_ch7|fsfb_calc:i_fsfb_calc|fsfb_processor:i_fsfb_processor|fsfb_proc_pidz:i_fsfb_proc_pidz|calc_shift_state[2]~75           ; 224     ;
; Top nodes with highest fan-out                    ; flux_loop:i_flux_loop|fsfb_corr:i_fsfb_corr|pid_prev_reg0[0]~49                                                                                                                  ; 212     ;
; Top nodes with highest fan-out                    ; flux_loop:i_flux_loop|flux_loop_ctrl:i_flux_loop_ctrl_ch7|fsfb_calc:i_fsfb_calc|fsfb_processor:i_fsfb_processor|fsfb_proc_pidz:i_fsfb_proc_pidz|calc_shift_state[0]~63           ; 205     ;
; Top nodes with highest fan-out                    ; dispatch:i_dispatch|dispatch_wishbone:wishbone|pres_state.wb_cycle                                                                                                               ; 197     ;
; Top nodes with highest fan-out                    ; dispatch:i_dispatch|dispatch_wishbone:wishbone|addr_o[1]~668                                                                                                                     ; 177     ;
; Top nodes with highest fan-out                    ; rc_pll:i_rc_pll|altpll:altpll_component|_clk2                                                                                                                                    ; 171     ;
; Top nodes with highest fan-out                    ; flux_loop:i_flux_loop|flux_loop_ctrl:i_flux_loop_ctrl_ch7|fsfb_calc:i_fsfb_calc|fsfb_io_controller:i_fsfb_io_controller|even_odd                                                 ; 170     ;
; Top nodes with highest fan-out                    ; dispatch:i_dispatch|reg:hdr1|reg_o[18]~157                                                                                                                                       ; 157     ;
; Top nodes with highest fan-out                    ; dispatch:i_dispatch|dispatch_wishbone:wishbone|binary_counter:addr_gen|count[2]~340                                                                                              ; 137     ;
; Top nodes with highest fan-out                    ; flux_loop:i_flux_loop|flux_loop_ctrl:i_flux_loop_ctrl_ch7|sa_bias_ctrl:i_sa_bias_ctrl|sa_bias_clk_domain_crosser:i_sa_bias_clk_domain_crosser|output_slow                        ; 134     ;
; Top nodes with highest fan-out                    ; flux_loop:i_flux_loop|flux_loop_ctrl:i_flux_loop_ctrl_ch7|offset_ctrl:i_offset_ctrl|offset_clk_domain_crosser:i_offset_clk_domain_crosser|output_slow                            ; 134     ;
; Top nodes with highest fan-out                    ; dispatch:i_dispatch|reg:hdr1|reg_o[19]~155                                                                                                                                       ; 117     ;
; Top nodes with highest fan-out                    ; flux_loop:i_flux_loop|wbs_fb_data:i_wbs_fb_data|misc_banks_admin:i_misc_banks_admin|Equal~374                                                                                    ; 114     ;
; Top nodes with highest fan-out                    ; flux_loop:i_flux_loop|flux_loop_ctrl:i_flux_loop_ctrl_ch7|fsfb_ctrl:i_fsfb_ctrl|latch_dac_dat                                                                                    ; 113     ;
; Top nodes with highest fan-out                    ; flux_loop:i_flux_loop|fsfb_corr:i_fsfb_corr|fsfb_ctrl_dat_rdy_o~13                                                                                                               ; 112     ;
; Top nodes with highest fan-out                    ; flux_loop:i_flux_loop|wbs_frame_data:i_wbs_frame_data|ch_mux_sel[2]                                                                                                              ; 109     ;
; Top nodes with highest fan-out                    ; dispatch:i_dispatch|reg:hdr0|reg_o[11]                                                                                                                                           ; 108     ;
; Top nodes with highest fan-out                    ; dispatch:i_dispatch|dispatch_wishbone:wishbone|tga_o[3]~74                                                                                                                       ; 104     ;
+---------------------------------------------------+----------------------------------------------------------------------------------------------------------------------------------------------------------------------------------+---------+


+---------------------------+
; Design Assistant Messages ;
+---------------------------+
Info: *******************************************************************
Info: Running Quartus II Design Assistant
    Info: Version 5.1 Build 213 01/19/2006 Service Pack 1 SJ Full Version
    Info: Processing started: Thu Feb 09 00:12:11 2006
Info: Command: quartus_drc --read_settings_files=off --write_settings_files=off readout_card -c readout_card
Warning: Found ignored names in time group
    Info: Time group "ADC Inputs" contains invalid members or exceptions
        Info: Can't find instance name "adc8_ovr" used in timing group assignment
        Info: Can't find instance name "adc1_rdy" used in timing group assignment
        Info: Can't find instance name "adc5_rdy" used in timing group assignment
        Info: Can't find instance name "adc1_ovr" used in timing group assignment
        Info: Can't find instance name "adc4_ovr" used in timing group assignment
        Info: Can't find instance name "adc7_rdy" used in timing group assignment
        Info: Can't find instance name "adc4_rdy" used in timing group assignment
        Info: Can't find instance name "adc3_rdy" used in timing group assignment
        Info: Can't find instance name "adc6_ovr" used in timing group assignment
        Info: Can't find instance name "adc6_rdy" used in timing group assignment
        Info: Can't find instance name "adc7_ovr" used in timing group assignment
        Info: Can't find instance name "adc2_rdy" used in timing group assignment
        Info: Can't find instance name "adc5_ovr" used in timing group assignment
        Info: Can't find instance name "adc3_ovr" used in timing group assignment
        Info: Can't find instance name "adc2_ovr" used in timing group assignment
        Info: Can't find instance name "adc8_rdy" used in timing group assignment
Warning: Design Assistant warning: Clock signal source should drive only input clock ports. Found 1 nodes related to this rule.
    Warning: Node  "rc_pll:i_rc_pll|altpll:altpll_component|_clk3"
Warning: Design Assistant warning: Clock signal source should not drive registers that are triggered by different clock edges. Found 1 node(s) related to this rule.
    Warning: Node  "rc_pll:i_rc_pll|altpll:altpll_component|_clk0"
Info: Design Assistant information: Nodes with more than specified number of fan-outs. Found 247 node(s) with highest fan-out.
    Info: Node "flux_loop:i_flux_loop|flux_loop_ctrl:i_flux_loop_ctrl_ch7|fsfb_ctrl:i_fsfb_ctrl|latch_dac_dat" has 113 fan-out(s)
    Info: Node "rst" has 11249 fan-out(s)
    Info: Node "flux_loop:i_flux_loop|wbs_fb_data:i_wbs_fb_data|misc_banks_admin:i_misc_banks_admin|Equal~374" has 114 fan-out(s)
    Info: Node "dispatch:i_dispatch|dispatch_reply_transmit:transmitter|lvds_tx:reply_tx|pres_state.setup" has 35 fan-out(s)
    Info: Node "dispatch:i_dispatch|dispatch_reply_transmit:transmitter|lvds_tx:reply_tx|tx_ena~28" has 34 fan-out(s)
    Info: Node "dispatch:i_dispatch|dispatch_reply_transmit:transmitter|lvds_tx:reply_tx|fifo:data_buffer|Equal~107" has 61 fan-out(s)
    Info: Node "dispatch:i_dispatch|dispatch_reply_transmit:transmitter|lvds_tx:reply_tx|fifo:data_buffer|write_nread" has 62 fan-out(s)
    Info: Node "dispatch:i_dispatch|dispatch_wishbone:wishbone|dat_o[0]~582" has 95 fan-out(s)
    Info: Node "dispatch:i_dispatch|reg:hdr0|reg_o[11]" has 108 fan-out(s)
    Info: Node "dispatch:i_dispatch|dispatch_wishbone:wishbone|dat_o[1]~583" has 95 fan-out(s)
    Info: Node "dispatch:i_dispatch|dispatch_wishbone:wishbone|dat_o[2]~584" has 95 fan-out(s)
    Info: Node "dispatch:i_dispatch|dispatch_wishbone:wishbone|us_timer:wdt|Equal~66" has 33 fan-out(s)
    Info: Node "dispatch:i_dispatch|dispatch_wishbone:wishbone|pres_state.wb_cycle" has 197 fan-out(s)
    Info: Node "frame_timing:i_frame_timing|frame_timing_core:ftc|enable_counters" has 65 fan-out(s)
    Info: Node "frame_timing:i_frame_timing|frame_timing_core:ftc|row_count_new~0" has 32 fan-out(s)
    Info: Node "dispatch:i_dispatch|dispatch_cmd_receive:receiver|cmd_valid~1254" has 41 fan-out(s)
    Info: Node "dispatch:i_dispatch|pres_state.fetch" has 53 fan-out(s)
    Info: Node "dispatch:i_dispatch|dispatch_cmd_receive:receiver|pres_state.done" has 43 fan-out(s)
    Info: Node "dispatch:i_dispatch|buf_wren~31" has 32 fan-out(s)
    Info: Node "frame_timing:i_frame_timing|frame_timing_wbs:wbi|num_rows_wren~38" has 32 fan-out(s)
    Info: Node "dispatch:i_dispatch|reg:hdr1|reg_o[18]~150" has 45 fan-out(s)
    Info: Node "flux_loop:i_flux_loop|wbs_fb_data:i_wbs_fb_data|misc_banks_admin:i_misc_banks_admin|qa_misc_bank_o[0]~22499" has 66 fan-out(s)
    Info: Node "dispatch:i_dispatch|dispatch_wishbone:wishbone|binary_counter:addr_gen|count[2]~333" has 44 fan-out(s)
    Info: Node "dispatch:i_dispatch|dispatch_wishbone:wishbone|dat_o[3]~608" has 94 fan-out(s)
    Info: Node "dispatch:i_dispatch|dispatch_wishbone:wishbone|dat_o[4]~592" has 94 fan-out(s)
    Info: Node "dispatch:i_dispatch|dispatch_wishbone:wishbone|dat_o[5]~601" has 94 fan-out(s)
    Info: Node "dispatch:i_dispatch|dispatch_wishbone:wishbone|dat_o[6]~610" has 94 fan-out(s)
    Info: Node "dispatch:i_dispatch|dispatch_wishbone:wishbone|dat_o[7]~609" has 94 fan-out(s)
    Info: Node "dispatch:i_dispatch|dispatch_wishbone:wishbone|dat_o[8]~607" has 46 fan-out(s)
    Info: Node "dispatch:i_dispatch|dispatch_wishbone:wishbone|dat_o[9]~590" has 46 fan-out(s)
    Info: Truncated list of Design Assistant messages to 30 messages. Go to sections under Design Assistant section of Compilation Report for complete lists of Design Assistant messages generated.
Info: Design Assistant information: Top nodes with highest fan-out. Found 50 node(s) with highest fan-out.
    Info: Node "rc_pll:i_rc_pll|altpll:altpll_component|_clk0" has 11455 fan-out(s)
    Info: Node "rst" has 11249 fan-out(s)
    Info: Node "flux_loop:i_flux_loop|flux_loop_ctrl:i_flux_loop_ctrl_ch7|fsfb_calc:i_fsfb_calc|fsfb_processor:i_fsfb_processor|fsfb_proc_pidz:i_fsfb_proc_pidz|calc_shift_state[3]" has 1678 fan-out(s)
    Info: Node "flux_loop:i_flux_loop|flux_loop_ctrl:i_flux_loop_ctrl_ch0|adc_sample_coadd:i_adc_sample_coadd|coadd_dynamic_manager_ctrl:i_coadd_dynamic_manager_ctrl|wren_for_fsfb_o" has 1137 fan-out(s)
    Info: Node "flux_loop:i_flux_loop|flux_loop_ctrl:i_flux_loop_ctrl_ch7|fsfb_calc:i_fsfb_calc|fsfb_processor:i_fsfb_processor|fsfb_proc_pidz:i_fsfb_proc_pidz|calc_shift_state[4]" has 954 fan-out(s)
    Info: Node "flux_loop:i_flux_loop|wbs_fb_data:i_wbs_fb_data|misc_banks_admin:i_misc_banks_admin|reg[7][0]" has 812 fan-out(s)
    Info: Node "flux_loop:i_flux_loop|flux_loop_ctrl:i_flux_loop_ctrl_ch7|fsfb_calc:i_fsfb_calc|fsfb_processor:i_fsfb_processor|fsfb_proc_pidz:i_fsfb_proc_pidz|calc_shift_state[2]" has 788 fan-out(s)
    Info: Node "flux_loop:i_flux_loop|flux_loop_ctrl:i_flux_loop_ctrl_ch0|adc_sample_coadd:i_adc_sample_coadd|coadd_dynamic_manager_ctrl:i_coadd_dynamic_manager_ctrl|coadd_done_o" has 783 fan-out(s)
    Info: Node "flux_loop:i_flux_loop|flux_loop_ctrl:i_flux_loop_ctrl_ch7|adc_sample_coadd:i_adc_sample_coadd|coadd_dynamic_manager_ctrl:i_coadd_dynamic_manager_ctrl|current_bank" has 771 fan-out(s)
    Info: Node "flux_loop:i_flux_loop|flux_loop_ctrl:i_flux_loop_ctrl_ch7|fsfb_calc:i_fsfb_calc|fsfb_processor:i_fsfb_processor|fsfb_proc_pidz:i_fsfb_proc_pidz|calc_shift_state[0]" has 706 fan-out(s)
    Info: Node "flux_loop:i_flux_loop|flux_loop_ctrl:i_flux_loop_ctrl_ch7|fsfb_calc:i_fsfb_calc|fsfb_processor:i_fsfb_processor|fsfb_proc_pidz:i_fsfb_proc_pidz|calc_shift_state[1]" has 690 fan-out(s)
    Info: Node "frame_timing:i_frame_timing|frame_timing_core:ftc|current_init_win_state.init_on" has 575 fan-out(s)
    Info: Node "frame_timing:i_frame_timing|frame_timing_core:ftc|current_init_win_state.init_hold" has 574 fan-out(s)
    Info: Node "flux_loop:i_flux_loop|wbs_fb_data:i_wbs_fb_data|misc_banks_admin:i_misc_banks_admin|reg[7][1]" has 556 fan-out(s)
    Info: Node "flux_loop:i_flux_loop|flux_loop_ctrl:i_flux_loop_ctrl_ch7|fsfb_calc:i_fsfb_calc|fsfb_io_controller:i_fsfb_io_controller|even_odd_delayed" has 523 fan-out(s)
    Info: Node "flux_loop:i_flux_loop|flux_loop_ctrl:i_flux_loop_ctrl_ch7|adc_sample_coadd:i_adc_sample_coadd|dynamic_manager_data_path:i_dynamic_manager_data_path|shifted_initialize_window[4]" has 511 fan-out(s)
    Info: Node "dispatch:i_dispatch|dispatch_wishbone:wishbone|binary_counter:addr_gen|count[1]~338" has 393 fan-out(s)
    Info: Node "dispatch:i_dispatch|dispatch_wishbone:wishbone|binary_counter:addr_gen|count[0]~336" has 393 fan-out(s)
    Info: Node "flux_loop:i_flux_loop|flux_loop_ctrl:i_flux_loop_ctrl_ch7|adc_sample_coadd:i_adc_sample_coadd|coadd_manager_data_path:i_coadd_manager_data_path|shifted_adc_coadd_en[3]" has 373 fan-out(s)
    Info: Node "flux_loop:i_flux_loop|wbs_frame_data:i_wbs_frame_data|ch_mux_sel[1]" has 312 fan-out(s)
    Info: Node "flux_loop:i_flux_loop|wbs_frame_data:i_wbs_frame_data|ch_mux_sel[0]" has 312 fan-out(s)
    Info: Node "dispatch:i_dispatch|dispatch_wishbone:wishbone|addr_o[0]~667" has 304 fan-out(s)
    Info: Node "rc_pll:i_rc_pll|altpll:altpll_component|_clk3" has 293 fan-out(s)
    Info: Node "flux_loop:i_flux_loop|flux_loop_ctrl:i_flux_loop_ctrl_ch7|fsfb_calc:i_fsfb_calc|fsfb_io_controller:i_fsfb_io_controller|read_shifter[3]" has 266 fan-out(s)
    Info: Node "flux_loop:i_flux_loop|flux_loop_ctrl:i_flux_loop_ctrl_ch7|fsfb_calc:i_fsfb_calc|fsfb_io_controller:i_fsfb_io_controller|ramp_update_new_o" has 265 fan-out(s)
    Info: Node "flux_loop:i_flux_loop|flux_loop_ctrl:i_flux_loop_ctrl_ch0|fsfb_calc:i_fsfb_calc|fsfb_io_controller:i_fsfb_io_controller|initialize_window_ext_o" has 264 fan-out(s)
    Info: Node "flux_loop:i_flux_loop|flux_loop_ctrl:i_flux_loop_ctrl_ch7|fsfb_calc:i_fsfb_calc|fsfb_io_controller:i_fsfb_io_controller|sys_dat_rdy_1d" has 258 fan-out(s)
    Info: Node "flux_loop:i_flux_loop|flux_loop_ctrl:i_flux_loop_ctrl_ch7|fsfb_calc:i_fsfb_calc|fsfb_processor:i_fsfb_processor|fsfb_proc_pidz:i_fsfb_proc_pidz|calc_shift_state[7]" has 257 fan-out(s)
    Info: Node "flux_loop:i_flux_loop|flux_loop_ctrl:i_flux_loop_ctrl_ch7|fsfb_calc:i_fsfb_calc|fsfb_processor:i_fsfb_processor|fsfb_proc_pidz:i_fsfb_proc_pidz|calc_shift_state[2]~64" has 248 fan-out(s)
    Info: Node "flux_loop:i_flux_loop|flux_loop_ctrl:i_flux_loop_ctrl_ch7|fsfb_calc:i_fsfb_calc|fsfb_processor:i_fsfb_processor|fsfb_proc_pidz:i_fsfb_proc_pidz|calc_shift_state[6]" has 233 fan-out(s)
    Info: Truncated list of Design Assistant messages to 30 messages. Go to sections under Design Assistant section of Compilation Report for complete lists of Design Assistant messages generated.
Info: Design Assistant information: finished post-fitting analysis of current design -- generated 297 information messages and 2 warning messages
Info: Quartus II Design Assistant was successful. 0 errors, 5 warnings
    Info: Processing ended: Thu Feb 09 00:12:53 2006
    Info: Elapsed time: 00:00:43


