0
0
0
0
-100000
-786535
-3079738
-8257118
-17509600
-31841231
-52082720
-78904398
-112828603
-154241506
-203404402
-260464477
-325465060
-398355373
-478999792
-567186635
-662636491
-765010101
-873915807
-720481128
-60862356
520112015
491020398
175628942
-130947441
-428817040
-718047264
-730234720
-222013365
221303457
67803470
-359242409
-496782336
-102057271
239027048
-6019380
-514488642
-723877140
-391959298
163275939
383767197
31464065
-303291427
-83835973
371042029
502513747
71792510
-331485493
-171333144
232813866
589943017
635608388
130176393
-337524712
-232277925
125747623
444841533
728329931
710881698
152022687
-360216248
-291373795
37665520
334514806
601861238
842206417
789440851
202356468
-331707021
-278938289
39167731
329651779
594665192
836208788
787705911
207513545
-317432684
-253696002
76882337
381023718
660585855
648865018
104106345
-386851946
-290656824
70779634
404120185
711175403
725205218
204428562
-264333058
-147734446
232312760
582479445
636155977
151691633
-283962050
-137330372
269803802
644239206
719492955
254039797
-433480158
-784402260
-560119415
-82026789
357047721
490980623
78592431
-292708814
-89006470
368344157
518119702
119304134
-240537575
-27338237
437691140
593465376
199100646
-426147172
-723022714
-452352629
65010307
536757306
697261279
305817003
-318150251
-615224653
-346081034
168571280
636558856
792382128
395455825
-234682140
-538510344
-276604817
230417369
422033270
57890713
-273816808
-38427716
443408413
611136027
224370259
-397163613
-693769298
-425859933
86098843
550160023
701033936
298329390
-338236743
-648978526
-394321262
105255562
557789533
697974138
285400025
-360235296
-679266340
-432139844
60642394
507094874
641887318
224586022
-425136357
-747639602
-503396048
-12933341
431736995
565258557
147171491
-234442194
-45035795
394623252
523858937
102163711
-282426237
-95408193
342408208
470306504
47740396
-337291016
-150320483
287808482
684782545
774957072
317597093
-367913289
-722210071
-506029827
-40152823
383168072
498346048
64701451
-329893227
-151090836
280151287
671412035
756944834
295918391
-392374106
-748654365
-533739664
-68486153
354782050
470411339
37659538
-355659283
-175252461
257871954
651245759
739078750
280499323
-405236471
-758884445
-541293092
-73347028
352603779
470882359
40725529
-350071413
-167232458
268219694
663804081
753719518
297085090
-386850894
-738850516
-519767158
-50489037
376631474
495916109
66601419
-323516614
-140160428
295649625
691435657
781400217
324666722
-359511651
-711891642
-493320875
-24681448
401680696
520093985
89801881
-301392548
-119204522
315352911
441373759
18135460
-366526483
-178296338
261842373
661447263
754755070
300922104
-380766846
-731038169
-510710380
-40637693
386860624
506138484
76463668
-314337578
-131958406
302609127
696914425
785186314
326573461
-359646740
-714207847
-497935338
-31690200
392201701
508087839
75229699
-318552640
-138958383
293014457
684909409
770949497
310277657
-377834380
-734125771
-519427532
-54606129
368007150
482754413
48891833
-345765774
-166922828
264417495
655793617
741423517
280445151
-407874668
-764279953
-549606511
-84725530
338027053
452988770
19411295
-374894970
-195638772
236172474
628073043
714276859
253917913
-433740854
-789447229
-574040693
-108396010
315147407
699359178
778420199
311432992
-382369472
-743763511
-533615754
-72826783
346239446
457893773
21362457
-375568289
-198630220
231147379
621278008
705955871
244296257
-176020162
-20825489
388755612
491710566
47215037
-356992651
-186689557
237052197
621705630
701426713
235294645
-189043946
-37453250
368911850
469010335
21991111
-384432651
-216061636
206009859
589234054
667747424
200610906
-224545966
-73603367
332268889
700451307
765012283
284948152
-152172826
-12288920
383374995
473711802
17808017
-396682052
-235614599
179863757
557155941
630352011
158469225
-270903959
-123686325
278916040
644249586
706350760
224185941
-214704684
-76285676
318193485
676038130
731245752
242745842
-201956330
-68858367
320758994
674171530
725348806
233193934
-214812722
-84692269
302252382
653276092
702328707
208294763
-241362859
-112681705
273019866
622982204
671141529
176369584
-273882766
-145664359
239695838
589428219
637459663
142653154
-307548645
-179202243
206356226
556350465
604701112
110265333
-339519628
-210715320
175337438
525857996
574762954
80905739
-368279865
-238858607
147825737
498989783
548547600
55350274
-393170572
-263081679
124271347
476103450
526327180
33792247
-414070969
-283330326
104667568
457136758
776424442
796312081
275524667
-198626033
-92320644
272987057
604409309
635761183
125799904
-338131861
-222185126
152214698
492207010
531632874
29274377
-427502048
-304824705
75902688
421840246
735284268
749968203
224571777
-253635900
-150875630
211360989
540150608
569274830
57459426
-407982483
-293229650
80266488
419620930
727087337
736358879
206077250
-276524334
-177700537
181025112
506699171
533074897
18851371
-448683402
-335731795
36232552
374303781
680715981
689143973
158212259
-324862044
-226348665
132214781
457861692
752768495
750555289
209794664
-282345489
-192181559
158704633
477304625
765755225
757639051
211493249
-285547792
-199832115
147028560
461997537
747184969
736148322
187401020
-311944915
-228258609
116828351
430260553
714130526
701979149
152304243
-347796838
-264706997
79929252
393044379
676719561
664485045
114828695
-385161456
-301877030
43029311
356482435
640556443
628775009
79619901
-419826494
-335961023
9558819
323653430
608392774
597296697
48843433
-449887886
-365297099
-19044446
295787955
581267768
570912743
23199207
-474795438
-389472596
-42493919
273057206
559247307
818028579
782808933
211960249
-307539355
-242185623
86270184
384659596
654968385
630636668
70067205
-439732289
-365229201
-28147633
278369945
556334186
807644466
765658788
188701896
-336292590
-275862404
48201589
342693585
609564178
850655811
799272538
213688001
-319212565
-266012686
51453452
339939078
601356062
837510258
781671164
192079803
-344409367
-294408900
20219653
306203738
565430945
799684274
742211723
151234100
-386413134
-337360372
-23485908
261921994
520736195
754725899
697126189
106145789
-431391138
-382125540
-67945562
217851346
477129484
711650084
654640814
64303509
-472544062
-422548775
-107604266
178986935
439084436
674445141
618292731
28825374
-507142527
-456260933
-140426303
147056257
408044012
644291740
857456652
780667656
172032859
-381718888
-347318786
-46740410
226637961
474604186
698847235
632526492
33779295
-510637479
-467428168
-158540608
122671572
378019829
609215717
817875682
737090204
124931181
-431906637
-400186549
-101912325
169509365
415839698
638742583
839789336
752027707
133489154
-429169830
-402748721
-109285485
157780897
400181087
619550190
817432344
726849667
105809454
-459054569
-434563318
-142774940
122852601
364032120
582381949
779430473
688185024
66639028
-498586790
-474325526
-182646729
82980968
324260405
542800597
740121233
649221536
28087375
-536667561
-511882913
-219634313
46603961
288529516
507746521
705770182
884031035
775443607
137913336
-442022443
-431275827
-151991178
102292054
333209701
542307401
731044926
900800331
784438477
139817820
-446568728
-441675250
-167685775
81822789
308450919
513710896
699031035
865759743
746733950
99785810
-488616519
-485450404
-212921762
35371933
261011844
465492127
650224098
816540229
697262523
50209163
-538164761
-534848831
-262060372
-13407505
212681004
417690061
603022372
770002402
919880173
785399446
124304180
-477020920
-485632153
-223810062
14777355
231644644
428223062
605864564
765845625
909370905
769141308
102860322
-503125551
-515908655
-257803524
-22510197
191455683
385496946
560938792
719032528
860959154
719397340
52029692
-554816885
-568253117
-310610769
-75606020
138230378
332287120
507876193
666236563
808537710
935883017
780877561
101134197
-517086256
-540957110
-292869377
-66595301
139281333
326099076
495122525
647545879
784496347
907037415
747736520
64171025
-557431700
-584276478
-338783991
-114754403
89202241
274399806
442079695
593414329
729510482
851412475
960105239
788081793
92849028
-539432394
-576030415
-339425417
-123474006
73160436
251741394
413462704
559451895
690773394
808431596
913373807
738057606
39956518
-594800191
-633509988
-398681006
-184195921
11257409
188919504
349962666
495494245
626559771
744145955
849183565
942550181
756637378
48856227
-594723079
-641453858
-413897023
-205985105
-16453036
155895274
312190216
453499623
580831782
695138323
797316986
888214273
968627986
770874199
52292561
-601114268
-656763437
-437276165
-236641932
-53649425
112846729
263929093
400620419
523886523
634639041
733738072
821994711
900173472
968994608
760700875
32562633
-629482911
-692914707
-480412300
-286020192
-108578951
53007902
199776873
332707350
452724343
560701111
657461680
743783256
820398535
887997914
947231607
998711670
774578481
32005568
-643161409
-718487913
-516735211
-332024966
-163270563
-9444212
130425825
257257899
371919528
475229845
567961945
650845134
724567084
789775896
847082074
897060414
940251812
977164991
1008278151
1034040547
1054873995
802738854
34638376
-663742774
-760122213
-577404940
-409848335
-256493877
-116434618
11187236
127182647
232317970
327317089
412863466
489602104
558141428
619055087
672883679
720136401
761292630
796803434
827093014
852560084
873579190
890501969
903658352
913357711
919889953
923526564
924521602
923112646
919521701
913956056
906609102
897661112
887279982
875621935
862832192
849045609
834387280
818973112
802910370
786298193
769228085
751784380
734044683
716080287
697956568
679733360
661465308
643202202
624989294
606867598
588874173
571042389
553402179
535980277
518800440
501883659
485248360
468910591
452884197
437180985
421810880
406782072
392101153
377773245
363802120
350190314
336939234
324049257
311519823
299349520
287536164
276076877
264968158
254205946
243785681
233702362
223950599
214524663
205418531
196625926
188140357
179955155
172063505
164458477
157133054
150080157
143292668
136763452
130485376
124451326
118654224
113087043
107742820
102614666
97695776
92979440
88459052
84128117
79980256
76009211
72208850
68573171
65096306
61772523
58596227
55561962
52664413
49898406
47258907
44741024
42340006
40051240
37870252
35792705
33814396
31931256
30139349
28434869
26814136
25273594
23809810
22419471
21099381
19846459
18657737
17530356
16461562
15448705
14489236
13580704
12720754
11907123
11137637
10410209
9722837
9073601
8460660
7882249
7336677
6822325
6337643
5881148
5451421
5047105
4666903
4309575
3973936
3658854
3363249
3086091
2826397
2583230
2355697
2142946
1944165
1758582
1585463
1424109
1273854
1134064
1004137
883502
771617
667967
572063
483441
401661
326306
256981
193312
134944
81541
32787
-11616
-51952
-88491
-121487
-151179
-177792
-201539
-222622
-241230
-257540
-271720
-283929
-294316
-303021
-310175
-315900
-320311
-323517
-325620
-326715
-326891
-326231
-324813
-322710
-319989
-316712
-312938
-308722
-304114
-299161
-293907
-288393
-282657
-276733
-270652
-264443
-258133
-251747
-245308
-238837
-232354
-225877
-219421
-213000
-206627
-200314
-194072
-187910
-181836
-175857
-169979
-164208
-158549
-153006
-147582
-142279
-137099
-132044
-127116
-122316
-117644
-113100
-108684
-104396
-100235
-96199
-92287
-88498
-84830
-81281
-77849
-74532
-71328
-68235
-65250
-62370
-59593
-56917
-54340
-51859
-49471
-47174
-44966
-42845
-40808
-38852
-36975
-35174
-33446
-31789
-30201
-28680
-27224
-25831
-24498
-23222
-22001
-20833
-19717
-18652
-17636
-16667
-15743
-14862
-14022
-13221
-12457
-11729
-11036
-10376
-9748
-9151
-8583
-8043
-7530
-7042
-6578
-6138
-5721
-5325
-4949
-4593
-4256
-3936
-3632
-3344
-3072
-2816
-2575
-2347
-2131
-1927
-1735
-1555
-1386
-1226
-1074
-930
-794
-666
-546
-434
-330
-234
-145
-62
14
82
142
194
238
275
307
335
359
379
395
407
415
419
419
415
407
396
384
372
360
348
336
324
312
300
288
276
264
252
240
228
216
204
192
180
168
156
144
132
120
108
96
84
72
60
48
36
24
12
1
-7
-11
-11
-8
-4
-1
0
0
0
0
0
0
0
0
0
0
0
0
0
0
0
0
0
0
0
0
0
0
0
0
0
0
0
0
0
0
0
0
0
0
0
0
0
0
0
0
0
0
0
0
0
0
0
0
0
0
0
0
0
0
0
0
0
0
0
0
0
0
0
0
0
0
0
0
0
0
0
0
0
0
0
0
0
0
0
0
0
0
0
0
0
0
0
0
0
0
0
0
0
0
0
0
0
0
0
0
0
0
0
0
0
0
0
0
0
0
0
0
0
0
0
0
0
0
0
0
0
0
0
0
0
0
0
0
0
0
0
0
0
0
0
0
0
0
0
0
0
0
0
0
0
0
0
0
0
0
0
0
0
0
0
0
0
0
0
0
0
0
0
0
0
0
0
0
0
0
0
0
0
0
0
0
0
0
0
0
0
0
0
0
0
0
0
0
0
0
0
0
0
0
0
0
0
0
0
0
0
0
0
0
0
0
0
0
0
0
0
0
0
0
0
0
0
0
0
0
0
0
0
0
0
0
0
0
0
0
0
0
0
0
0
0
0
0
0
0
0
0
0
0
0
0
0
0
0
0
0
0
0
0
0
0
0
0
0
0
0
0
0
0
0
0
0
0
0
0
0
0
0
0
0
0
0
0
0
0
0
0
0
0
0
0
0
0
0
0
0
0
0
0
0
0
0
0
0
0
0
0
0
0
0
0
0
0
0
0
0
0
0
0
0
0
0
0
0
0
0
0
0
0
0
0
0
0
0
0
0
0
0
0
0
0
0
0
0
0
0
0
0
0
0
0
0
0
0
0
0
0
0
0
0
0
0
0
0
0
0
0
0
0
0
0
0
0
0
0
0
0
0
0
0
0
0
0
0
0
0
0
0
0
0
0
0
0
0
0
0
0
0
0
0
0
0
0
0
0
0
0
0
0
0
0
0
0
0
0
0
0
0
0
0
0
0
0
0
0
0
0
0
0
0
0
0
0
0
0
0
0
0
0
0
0
0
0
0
0
0
0
0
0
0
0
0
0
0
0
0
0
0
0
0
0
0
0
0
0
0
0
0
0
0
0
0
0
0
0
0
0
0
0
0
0
0
0
0
0
0
0
0
0
0
0
0
0
0
0
0
0
0
0
0
0
0
0
0
0
0
0
0
0
0
0
0
0
0
0
0
0
0
0
0
0
0
0
0
0
0
0
0
0
0
0
0
0
0
0
0
0
0
0
0
0
0
0
0
0
0
0
0
0
0
0
0
0
0
0
0
0
0
0
0
0
0
0
0
0
0
0
0
0
0
0
0
0
0
0
0
0
0
0
0
0
0
0
0
0
0
0
0
0
0
0
0
0
0
0
0
0
0
0
0
0
0
0
0
0
0
0
0
0
0
0
0
0
0
0
0
0
0
0
0
0
0
0
0
0
0
0
0
0
0
0
0
0
0
0
0
0
0
0
0
0
0
0
0
0
0
0
0
0
0
0
0
0
0
0
0
0
0
0
0
0
0
0
0
0
0
0
0
0
0
0
0
0
0
0
0
0
0
0
0
0
0
0
0
0
0
0
0
0
0
0
0
0
0
0
0
0
0
0
0
0
0
0
0
0
0
0
0
0
0
0
0
0
0
0
0
0
0
0
0
0
0
0
0
0
0
0
0
0
0
0
0
0
0
0
0
0
0
0
0
0
0
0
0
0
0
0
0
0
0
0
0
0
0
0
0
0
0
0
0
0
0
0
0
0
0
0
0
0
0
0
0
0
0
0
0
0
0
0
0
0
0
0
0
0
0
0
0
0
0
0
0
0
0
0
0
0
0
0
0
0
0
0
0
0
0
0
0
0
0
0
0
0
0
0
0
0
0
0
0
0
0
0
0
0
0
0
0
0
0
0
0
0
0
0
0
0
0
0
0
0
0
0
0
0
0
0
0
0
0
0
0
0
0
0
0
0
0
0
0
0
0
0
0
0
0
0
0
0
0
0
0
0
0
0
0
0
0
0
0
0
0
0
0
0
0
0
0
0
0
0
0
0
0
0
0
0
0
0
0
0
0
0
0
0
0
0
0
0
0
0
0
0
0
0
0
0
0
0
0
0
0
0
0
0
0
0
0
0
0
0
0
0
0
0
0
0
0
0
0
0
0
0
0
0
0
0
0
0
0
0
0
0
0
0
0
0
0
0
0
0
0
0
0
0
0
0
0
0
0
0
0
0
0
0
0
0
0
0
0
0
0
0
0
0
0
0
0
0
0
0
0
0
0
0
0
0
0
0
0
0
0
0
0
0
0
0
0
0
0
0
0
0
0
0
0
0
0
0
0
0
0
0
0
0
0
0
0
0
0
0
0
0
0
0
0
0
0
0
0
0
0
0
0
0
0
0
0
0
0
0
0
0
0
0
0
0
0
0
0
0
0
0
0
0
0
0
0
0
0
0
0
0
0
0
0
0
0
0
0
0
0
0
0
0
0
0
0
0
0
0
0
0
0
0
0
0
0
0
0
0
0
0
0
0
0
0
0
0
0
0
0
0
0
0
0
0
0
0
0
0
0
0
0
0
0
0
0
0
0
0
0
0
0
0
0
0
0
0
0
0
0
0
0
0
0
0
0
0
0
0
0
0
0
0
0
0
0
0
0
0
0
0
0
0
0
0
0
0
0
0
0
0
0
0
0
0
0
0
0
0
0
0
0
0
0
0
0
0
0
0
0
0
0
0
0
0
0
0
0
0
0
0
0
0
0
0
0
0
0
0
0
0
0
0
0
0
0
0
0
0
0
0
0
0
0
0
0
0
0
0
0
0
0
0
0
0
0
0
0
0
0
0
0
0
0
0
0
0
0
0
0
0
0
0
0
0
0
0
0
0
0
0
0
0
0
0
0
0
0
0
0
0
0
0
0
0
0
0
0
0
0
0
0
0
0
0
0
0
0
0
0
0
0
0
0
0
0
0
0
0
0
0
0
0
0
0
0
0
0
0
0
0
0
0
0
0
0
0
0
0
0
0
0
0
0
0
0
0
0
0
0
0
0
0
0
0
0
0
0
0
0
0
0
0
0
0
0
0
0
0
0
0
0
0
0
0
0
0
0
0
0
0
0
0
0
0
0
0
0
0
0
0
0
0
0
0
0
0
0
0
0
0
0
0
0
0
0
0
0
0
0
0
0
0
0
0
0
0
0
0
0
0
0
0
0
0
0
0
0
0
0
0
0
0
0
0
0
0
0
0
0
0
0
0
0
0
0
0
0
0
0
0
0
0
0
0
0
0
0
0
0
0
0
0
0
0
0
0
0
0
0
0
0
0
0
0
0
0
0
0
0
0
0
0
0
0
0
0
0
0
0
0
0
0
0
0
0
0
0
0
0
0
0
0
0
0
0
0
0
0
0
0
0
0
0
0
0
0
0
0
0
0
0
0
0
0
0
0
0
0
0
0
0
0
0
0
0
0
0
0
0
0
0
0
0
0
0
0
0
0
0
0
0
0
0
0
0
0
0
0
0
0
0
0
0
0
0
0
0
0
0
0
0
0
0
0
0
0
0
0
0
0
0
0
0
0
0
0
0
0
0
0
0
0
0
0
0
0
0
0
0
0
0
0
0
0
0
0
0
0
0
0
0
0
0
0
0
0
0
0
0
0
0
0
0
0
0
0
0
0
0
0
0
0
0
0
0
0
0
0
0
0
0
0
0
0
0
0
0
0
0
0
0
0
0
0
0
0
0
0
0
0
0
0
0
0
0
0
0
0
0
0
0
0
0
0
0
0
0
0
0
0
0
0
0
0
0
0
0
0
0
0
0
0
0
0
0
0
0
0
0
0
0
0
0
0
0
0
0
0
0
0
0
0
0
0
0
0
0
0
0
0
0
0
0
0
0
0
0
0
0
0
0
0
0
0
0
0
0
0
0
0
0
0
0
0
0
0
0
0
0
0
0
0
0
0
0
0
0
0
0
0
0
0
0
0
0
0
0
0
0
0
0
0
0
0
0
0
0
0
0
0
0
0
0
0
0
0
0
0
0
0
0
0
0
0
0
0
0
0
0
0
0
0
0
0
0
0
0
0
0
0
0
0
0
0
0
0
0
0
0
0
0
0
0
0
0
0
0
0
0
0
0
0
0
0
0
0
0
0
0
0
0
0
0
0
0
0
0
0
0
0
0
0
0
0
0
0
0
0
0
0
0
0
0
0
0
0
0
0
0
0
0
0
0
0
0
0
0
0
0
0
0
0
0
0
0
0
0
0
0
0
0
0
0
0
0
0
0
0
0
0
0
0
0
0
0
0
0
0
0
0
0
0
0
0
0
0
0
0
0
0
0
0
0
0
0
0
0
0
0
0
0
0
0
0
0
0
0
0
0
0
0
0
0
0
0
0
0
0
0
0
0
0
0
0
0
0
0
0
0
0
0
0
0
0
0
0
0
0
0
0
0
0
0
0
0
0
0
0
0
0
0
0
0
0
0
0
0
0
0
0
0
0
0
0
0
0
0
0
0
0
0
0
0
0
0
0
0
0
0
0
0
0
0
0
0
0
0
0
0
0
0
0
0
0
0
0
0
0
0
0
0
0
0
0
0
0
0
0
0
0
0
0
0
0
0
0
0
0
0
0
0
0
0
0
0
0
0
0
0
0
0
0
0
0
0
0
0
0
0
0
0
0
0
0
0
0
0
0
0
0
0
0
0
0
0
0
0
0
0
0
0
0
0
0
0
0
0
0
0
0
0
0
0
0
0
0
0
0
0
0
0
0
0
0
0
0
0
0
0
0
0
0
0
0
0
0
0
0
0
0
0
0
0
0
0
0
0
0
0
0
0
0
0
0
0
0
0
0
0
0
0
0
0
0
0
0
0
0
0
0
0
0
0
0
0
0
0
0
0
0
0
0
0
0
0
0
0
0
0
0
0
0
0
0
0
0
0
0
0
0
0
0
0
0
0
0
0
0
0
0
0
0
0
0
0
0
0
0
0
0
0
0
0
0
0
0
0
0
0
0
0
0
0
0
0
0
0
0
0
0
0
0
0
0
0
0
0
0
0
0
0
0
0
0
0
0
0
0
0
0
0
0
0
0
0
0
0
0
0
0
0
0
0
0
0
0
0
0
0
0
0
0
0
0
0
0
0
0
0
0
0
0
0
0
0
0
0
0
0
0
0
0
0
0
0
0
0
0
0
0
0
0
0
0
0
0
0
0
0
0
0
0
0
0
0
0
0
0
0
0
0
0
0
0
0
0
0
0
0
0
0
0
0
0
0
0
0
0
0
0
0
0
0
0
0
0
0
0
0
0
0
0
0
0
0
0
0
0
0
0
0
0
0
0
0
0
0
0
0
0
0
0
0
0
0
0
0
0
0
0
0
0
0
0
0
0
0
0
0
0
0
0
0
0
0
0
0
0
0
0
0
0
0
0
0
0
0
0
0
0
0
0
0
0
0
0
0
0
0
0
0
0
0
0
0
0
0
0
0
0
0
0
0
0
0
0
0
0
0
0
0
0
0
0
0
0
0
0
0
0
0
0
0
0
0
0
0
0
0
0
0
0
0
0
0
0
0
0
0
0
0
0
0
0
0
0
0
0
0
0
0
0
0
0
0
0
0
0
0
0
0
0
0
0
0
0
0
0
0
0
0
0
0
0
0
0
0
0
0
0
0
0
0
0
0
0
0
0
0
0
0
0
0
0
0
0
0
0
0
0
0
0
0
0
0
0
0
0
0
0
0
0
0
0
0
0
0
0
0
0
0
0
0
0
0
0
0
0
0
0
0
0
0
0
0
0
0
0
0
0
0
0
0
0
0
0
0
0
0
0
0
0
0
0
0
0
0
0
0
0
0
0
0
0
0
0
0
0
0
0
0
0
0
0
0
0
0
0
0
0
0
0
0
0
0
0
0
0
0
0
0
0
0
0
0
0
0
0
0
0
0
0
0
0
0
0
0
0
0
0
0
0
0
0
0
0
0
0
0
0
0
0
0
0
0
0
0
0
0
0
0
0
0
0
0
0
0
0
0
0
0
0
0
0
0
0
0
0
0
0
0
0
0
0
0
0
0
0
0
0
0
0
0
0
0
0
0
0
0
0
0
0
0
0
0
0
0
0
0
0
0
0
0
0
0
0
0
0
0
0
0
0
0
0
0
0
0
0
0
0
0
0
0
0
0
0
0
0
0
0
0
0
0
0
0
0
0
0
0
0
0
0
0
0
0
0
0
0
0
0
0
0
0
0
0
0
0
0
0
0
0
0
0
0
0
0
0
0
0
0
0
0
0
0
0
0
0
0
0
0
0
0
0
0
0
0
0
0
0
0
0
0
0
0
0
0
0
0
0
0
0
0
0
0
0
0
0
0
0
0
0
0
0
0
0
0
0
0
0
0
0
0
0
0
0
0
0
0
0
0
0
0
0
0
0
0
0
0
0
0
0
0
0
0
0
0
0
0
0
0
0
0
0
0
0
0
0
0
0
0
0
0
0
0
0
0
0
0
0
0
0
0
0
0
0
0
0
0
0
0
0
0
0
0
0
0
0
0
0
0
0
0
0
0
0
0
0
0
0
0
0
0
0
0
0
0
0
0
0
0
0
0
0
0
0
0
0
0
0
0
0
0
0
0
0
0
0
0
0
0
0
0
0
0
0
0
0
0
0
0
0
0
0
0
0
0
0
0
0
0
0
0
0
0
0
0
