0
0
0
0
-50000
-393267
-1539866
-4128549
-8754775
-15920564
-26041264
-39452027
-56414006
-77120273
-101701462
-130231148
-162730973
-199175523
-239496961
-283589423
-331313183
-382498596
-436949823
-494448344
-554756266
-617619431
-682770333
-749930850
-818814797
-889130306
-960582035
-764437759
-57033242
576588806
604762074
350981484
110067999
-118399781
-334818196
-539560923
-732981212
-646978510
-38503367
506803566
456694830
134100928
-166704942
-446675372
-706721409
-679279595
-121817287
379527936
292031163
-61835479
-388238491
-688551882
-695654769
-167437242
309559688
202226447
-167331254
-505628600
-545935605
-46513647
405743937
277393571
-109775338
-462577192
-514564730
-24266147
421173740
288074650
-101996493
-456062889
-776308370
-796376599
-274878503
200966243
97410064
-264040150
-590460677
-615646317
-98348320
374083657
267781937
-95857262
-424011897
-719005337
-714606280
-169536888
328885046
246826283
-94280144
-401573200
-677335278
-655292298
-94122022
418903604
349998462
20643812
-276250134
-542915798
-781463942
-725453690
-133400775
407580182
363855745
57055274
-219767439
-468705694
-691735531
-622285695
-18745824
531891328
496110020
195653196
-76315821
-321784798
-542628182
-740612462
-648965867
-25886295
541816720
520802389
232980583
-28326234
-264954233
-478633575
-670993545
-843567481
-729362053
-86364781
498814402
493023922
218352860
-31706746
-258830773
-464598016
-650494977
-817920458
-699754511
-53865644
533247912
528539268
254195464
3800054
-224237494
-431416538
-619149795
-788767686
-673087044
-29918079
554294594
546553246
269089834
15528800
-215683318
-426012430
-616841238
-789473393
-676702021
-36316513
545256616
535035183
255264296
-420699
-233564465
-445626073
-637983202
-811936164
-700276309
-60792699
520087148
509378827
229324114
-26445981
-259481357
-471247122
-663127707
-836430813
-723955736
-83499959
498500182
489051137
210385274
-43876009
-275292374
-485338795
-675409627
-846822503
-732386605
-89909214
494163654
486828920
210309610
-41782002
-271014460
-478871356
-666755372
-835992157
-719398587
-74789298
511382697
506107689
231602440
-18526676
-245853734
-451867478
-637975360
-805507418
-687284535
-41124977
546514985
542622756
269412583
20488698
-205724744
-410717898
-595899279
-762599648
-912075740
-777078378
-115358869
486690509
496118313
235197223
-2412700
-218233969
-413705799
-590188057
-748965050
-891249157
-749748856
-82175040
525118573
539217324
282428977
48447049
-164219073
-356978191
-531161182
-688024729
-828754899
-954470569
-797791255
-116343237
503600217
529200911
282839253
58277749
-145908722
-331066818
-498468476
-649314503
-784738022
-905807771
-745095806
-60183506
562698312
590751558
346394508
123425402
-79547186
-263838168
-430689594
-581274152
-716698529
-838006633
-946182677
-773718678
-78120261
554453427
591272075
354818024
138950028
-57666218
-236291742
-398117798
-544269224
-675807664
-793734655
-898994582
-724042054
-26347590
607962578
646188967
410842765
195809697
-219350
-178481896
-340147282
-486319947
-618042566
-736299055
-842017454
-936072690
-750853765
-43769264
599113013
645148683
416900863
208304191
18095605
-154919083
-311868467
-453818692
-581776466
-696691945
-799461502
-890930382
-971895240
-774671111
-56596709
596326138
651515308
431592649
230548173
47171003
-119683891
-271098819
-408096367
-531642266
-642648148
-741974187
-830431625
-908785192
-977755424
-769585426
-41545970
620425268
683806719
471277365
276881100
99457832
-62089632
-208798563
-341649161
-461567288
-569427088
-666053500
-752224667
-828674241
-896093591
-955133916
-1006408264
-782058010
-39257682
636146062
711717692
510217492
325766159
157276135
3718712
-135878742
-262435448
-376819770
-479851663
-572305020
-654909921
-728354788
-793288444
-850322082
-900031152
-942957167
-979609432
-1010466697
-1035978736
-1056567855
-804194871
-35863456
662741343
759336796
576827590
409470827
256307737
116431151
-11016913
-126847570
-231827294
-326680055
-412089370
-488700268
-557121175
-617925718
-671654450
-718816504
-759891176
-795329436
-825555369
-850967549
-871940353
-888825218
-901951841
-911629327
-918147289
-921776895
-922771864
-921369418
-917791192
-912244103
-904921174
-896002313
-885655055
-874035268
-861287822
-847547227
-832938239
-817576434
-801568752
-785014013
-768003409
-750620970
-732944004
-715043514
-696984593
-678826798
-660624505
-642427244
-624280015
-606223588
-588294785
-570526745
-552949176
-535588594
-518468548
-501609834
-485030699
-468747031
-452772535
-437118897
-421795937
-406811754
-392172864
-377884328
-363949870
-350371989
-337152065
-324290457
-311786594
-299639062
-287845689
-276403626
-265309419
-254559073
-244148112
-234071633
-224324357
-214900678
-205794706
-197000306
-188511136
-180320684
-172422299
-164809219
-157474599
-150411534
-143613078
-137072259
-130782094
-124735607
-118925847
-113345903
-107988916
-102848093
-97916718
-93188160
-88655883
-84313454
-80154550
-76172963
-72362600
-68717482
-65231745
-61899643
-58715553
-55673982
-52769574
-49997115
-47351535
-44827909
-42421459
-40127553
-37941702
-35859556
-33876900
-31989653
-30193867
-28485724
-26861533
-25317729
-23850870
-22457633
-21134813
-19879321
-18688180
-17558522
-16487586
-15472716
-14511357
-13601051
-12739436
-11924244
-11153297
-10424503
-9735854
-9085425
-8471371
-7891923
-7345385
-6830133
-6344613
-5887338
-5456886
-5051897
-4671070
-4313162
-3976986
-3661408
-3365346
-3087768
-2827689
-2584169
-2356312
-2143265
-1944215
-1758387
-1585044
-1423486
-1273047
-1133093
-1003021
-882258
-770261
-666514
-570526
-481832
-399991
-324584
-255215
-191510
-133114
-79690
-30920
13495
53838
90378
123370
153054
179655
203386
224449
243034
259320
273475
285657
296015
304688
311807
317496
321871
325041
327108
328167
328307
327611
326157
324018
321261
317948
314138
309886
305242
300253
294963
289413
283641
277681
271565
265323
258982
252567
246101
239605
233098
226598
220121
213680
207287
200954
194692
188510
182416
176417
170519
164728
159049
153486
148043
142723
137528
132460
127520
122708
118024
113468
109040
104740
100567
96519
92595
88794
85114
81553
78109
74780
71564
68459
65463
62574
59789
57105
54520
52031
49635
47330
45114
42985
40940
38976
37091
35283
33550
31889
30297
28772
27312
25915
24578
23298
22074
20905
19788
18720
17700
16727
15799
14914
14070
13265
12497
11765
11068
10404
9772
9171
8599
8055
7539
7050
6586
6146
5729
5333
4957
4601
4264
3944
3640
3352
3080
2824
2583
2355
2139
1935
1743
1563
1394
1234
1082
938
802
674
554
442
338
242
153
70
-6
-74
-134
-186
-230
-267
-299
-327
-351
-371
-387
-399
-407
-411
-411
-407
-399
-388
-376
-364
-352
-340
-328
-316
-304
-292
-280
-268
-256
-244
-232
-220
-208
-196
-184
-172
-160
-148
-136
-124
-112
-100
-88
-76
-64
-52
-40
-28
-16
-5
3
7
7
4
1
0
0
0
0
0
0
0
0
0
0
0
0
0
0
0
0
0
0
0
0
0
0
0
0
0
0
0
0
0
0
0
0
0
0
0
0
0
0
0
0
0
0
0
0
0
0
0
0
0
0
0
0
0
0
0
0
0
0
0
0
0
0
0
0
0
0
0
0
0
0
0
0
0
0
0
0
0
0
0
0
0
0
0
0
0
0
0
0
0
0
0
0
0
0
0
0
0
0
0
0
0
0
0
0
0
0
0
0
0
0
0
0
0
0
0
0
0
0
0
0
0
0
0
0
0
0
0
0
0
0
0
0
0
0
0
0
0
0
0
0
0
0
0
0
0
0
0
0
0
0
0
0
0
0
0
0
0
0
0
0
0
0
0
0
0
0
0
0
0
0
0
0
0
0
0
0
0
0
0
0
0
0
0
0
0
0
0
0
0
0
0
0
0
0
0
0
0
0
0
0
0
0
0
0
0
0
0
0
0
0
0
0
0
0
0
0
0
0
0
0
0
0
0
0
0
0
0
0
0
0
0
0
0
0
0
0
0
0
0
0
0
0
0
0
0
0
0
0
0
0
0
0
0
0
0
0
0
0
0
0
0
0
0
0
0
0
0
0
0
0
0
0
0
0
0
0
0
0
0
0
0
0
0
0
0
0
0
0
0
0
0
0
0
0
0
0
0
0
0
0
0
0
0
0
0
0
0
0
0
0
0
0
0
0
0
0
0
0
0
0
0
0
0
0
0
0
0
0
0
0
0
0
0
0
0
0
0
0
0
0
0
0
0
0
0
0
0
0
0
0
0
0
0
0
0
0
0
0
0
0
0
0
0
0
0
0
0
0
0
0
0
0
0
0
0
0
0
0
0
0
0
0
0
0
0
0
0
0
0
0
0
0
0
0
0
0
0
0
0
0
0
0
0
0
0
0
0
0
0
0
0
0
0
0
0
0
0
0
0
0
0
0
0
0
0
0
0
0
0
0
0
0
0
0
0
0
0
0
0
0
0
0
0
0
0
0
0
0
0
0
0
0
0
0
0
0
0
0
0
0
0
0
0
0
0
0
0
0
0
0
0
0
0
0
0
0
0
0
0
0
0
0
0
0
0
0
0
0
0
0
0
0
0
0
0
0
0
0
0
0
0
0
0
0
0
0
0
0
0
0
0
0
0
0
0
0
0
0
0
0
0
0
0
0
0
0
0
0
0
0
0
0
0
0
0
0
0
0
0
0
0
0
0
0
0
0
0
0
0
0
0
0
0
0
0
0
0
0
0
0
0
0
0
0
0
0
0
0
0
0
0
0
0
0
0
0
0
0
0
0
0
0
0
0
0
0
0
0
0
0
0
0
0
0
0
0
0
0
0
0
0
0
0
0
0
0
0
0
0
0
0
0
0
0
0
0
0
0
0
0
0
0
0
0
0
0
0
0
0
0
0
0
0
0
0
0
0
0
0
0
0
0
0
0
0
0
0
0
0
0
0
0
0
0
0
0
0
0
0
0
0
0
0
0
0
0
0
0
0
0
0
0
0
0
0
0
0
0
0
0
0
0
0
0
0
0
0
0
0
0
0
0
0
0
0
0
0
0
0
0
0
0
0
0
0
0
0
0
0
0
0
0
0
0
0
0
0
0
0
0
0
0
0
0
0
0
0
0
0
0
0
0
0
0
0
0
0
0
0
0
0
0
0
0
0
0
0
0
0
0
0
0
0
0
0
0
0
0
0
0
0
0
0
0
0
0
0
0
0
0
0
0
0
0
0
0
0
0
0
0
0
0
0
0
0
0
0
0
0
0
0
0
0
0
0
0
0
0
0
0
0
0
0
0
0
0
0
0
0
0
0
0
0
0
0
0
0
0
0
0
0
0
0
0
0
0
0
0
0
0
0
0
0
0
0
0
0
0
0
0
0
0
0
0
0
0
0
0
0
0
0
0
0
0
0
0
0
0
0
0
0
0
0
0
0
0
0
0
0
0
0
0
0
0
0
0
0
0
0
0
0
0
0
0
0
0
0
0
0
0
0
0
0
0
0
0
0
0
0
0
0
0
0
0
0
0
0
0
0
0
0
0
0
0
0
0
0
0
0
0
0
0
0
0
0
0
0
0
0
0
0
0
0
0
0
0
0
0
0
0
0
0
0
0
0
0
0
0
0
0
0
0
0
0
0
0
0
0
0
0
0
0
0
0
0
0
0
0
0
0
0
0
0
0
0
0
0
0
0
0
0
0
0
0
0
0
0
0
0
0
0
0
0
0
0
0
0
0
0
0
0
0
0
0
0
0
0
0
0
0
0
0
0
0
0
0
0
0
0
0
0
0
0
0
0
0
0
0
0
0
0
0
0
0
0
0
0
0
0
0
0
0
0
0
0
0
0
0
0
0
0
0
0
0
0
0
0
0
0
0
0
0
0
0
0
0
0
0
0
0
0
0
0
0
0
0
0
0
0
0
0
0
0
0
0
0
0
0
0
0
0
0
0
0
0
0
0
0
0
0
0
0
0
0
0
0
0
0
0
0
0
0
0
0
0
0
0
0
0
0
0
0
0
0
0
0
0
0
0
0
0
0
0
0
0
0
0
0
0
0
0
0
0
0
0
0
0
0
0
0
0
0
0
0
0
0
0
0
0
0
0
0
0
0
0
0
0
0
0
0
0
0
0
0
0
0
0
0
0
0
0
0
0
0
0
0
0
0
0
0
0
0
0
0
0
0
0
0
0
0
0
0
0
0
0
0
0
0
0
0
0
0
0
0
0
0
0
0
0
0
0
0
0
0
0
0
0
0
0
0
0
0
0
0
0
0
0
0
0
0
0
0
0
0
0
0
0
0
0
0
0
0
0
0
0
0
0
0
0
0
0
0
0
0
0
0
0
0
0
0
0
0
0
0
0
0
0
0
0
0
0
0
0
0
0
0
0
0
0
0
0
0
0
0
0
0
0
0
0
0
0
0
0
0
0
0
0
0
0
0
0
0
0
0
0
0
0
0
0
0
0
0
0
0
0
0
0
0
0
0
0
0
0
0
0
0
0
0
0
0
0
0
0
0
0
0
0
0
0
0
0
0
0
0
0
0
0
0
0
0
0
0
0
0
0
0
0
0
0
0
0
0
0
0
0
0
0
0
0
0
0
0
0
0
0
0
0
0
0
0
0
0
0
0
0
0
0
0
0
0
0
0
0
0
0
0
0
0
0
0
0
0
0
0
0
0
0
0
0
0
0
0
0
0
0
0
0
0
0
0
0
0
0
0
0
0
0
0
0
0
0
0
0
0
0
0
0
0
0
0
0
0
0
0
0
0
0
0
0
0
0
0
0
0
0
0
0
0
0
0
0
0
0
0
0
0
0
0
0
0
0
0
0
0
0
0
0
0
0
0
0
0
0
0
0
0
0
0
0
0
0
0
0
0
0
0
0
0
0
0
0
0
0
0
0
0
0
0
0
0
0
0
0
0
0
0
0
0
0
0
0
0
0
0
0
0
0
0
0
0
0
0
0
0
0
0
0
0
0
0
0
0
0
0
0
0
0
0
0
0
0
0
0
0
0
0
0
0
0
0
0
0
0
0
0
0
0
0
0
0
0
0
0
0
0
0
0
0
0
0
0
0
0
0
0
0
0
0
0
0
0
0
0
0
0
0
0
0
0
0
0
0
0
0
0
0
0
0
0
0
0
0
0
0
0
0
0
0
0
0
0
0
0
0
0
0
0
0
0
0
0
0
0
0
0
0
0
0
0
0
0
0
0
0
0
0
0
0
0
0
0
0
0
0
0
0
0
0
0
0
0
0
0
0
0
0
0
0
0
0
0
0
0
0
0
0
0
0
0
0
0
0
0
0
0
0
0
0
0
0
0
0
0
0
0
0
0
0
0
0
0
0
0
0
0
0
0
0
0
0
0
0
0
0
0
0
0
0
0
0
0
0
0
0
0
0
0
0
0
0
0
0
0
0
0
0
0
0
0
0
0
0
0
0
0
0
0
0
0
0
0
0
0
0
0
0
0
0
0
0
0
0
0
0
0
0
0
0
0
0
0
0
0
0
0
0
0
0
0
0
0
0
0
0
0
0
0
0
0
0
0
0
0
0
0
0
0
0
0
0
0
0
0
0
0
0
0
0
0
0
0
0
0
0
0
0
0
0
0
0
0
0
0
0
0
0
0
0
0
0
0
0
0
0
0
0
0
0
0
0
0
0
0
0
0
0
0
0
0
0
0
0
0
0
0
0
0
0
0
0
0
0
0
0
0
0
0
0
0
0
0
0
0
0
0
0
0
0
0
0
0
0
0
0
0
0
0
0
0
0
0
0
0
0
0
0
0
0
0
0
0
0
0
0
0
0
0
0
0
0
0
0
0
0
0
0
0
0
0
0
0
0
0
0
0
0
0
0
0
0
0
0
0
0
0
0
0
0
0
0
0
0
0
0
0
0
0
0
0
0
0
0
0
0
0
0
0
0
0
0
0
0
0
0
0
0
0
0
0
0
0
0
0
0
0
0
0
0
0
0
0
0
0
0
0
0
0
0
0
0
0
0
0
0
0
0
0
0
0
0
0
0
0
0
0
0
0
0
0
0
0
0
0
0
0
0
0
0
0
0
0
0
0
0
0
0
0
0
0
0
0
0
0
0
0
0
0
0
0
0
0
0
0
0
0
0
0
0
0
0
0
0
0
0
0
0
0
0
0
0
0
0
0
0
0
0
0
0
0
0
0
0
0
0
0
0
0
0
0
0
0
0
0
0
0
0
0
0
0
0
0
0
0
0
0
0
0
0
0
0
0
0
0
0
0
0
0
0
0
0
0
0
0
0
0
0
0
0
0
0
0
0
0
0
0
0
0
0
0
0
0
0
0
0
0
0
0
0
0
0
0
0
0
0
0
0
0
0
0
0
0
0
0
0
0
0
0
0
0
0
0
0
0
0
0
0
0
0
0
0
0
0
0
0
0
0
0
0
0
0
0
0
0
0
0
0
0
0
0
0
0
0
0
0
0
0
0
0
0
0
0
0
0
0
0
0
0
0
0
0
0
0
0
0
0
0
0
0
0
0
0
0
0
0
0
0
0
0
0
0
0
0
0
0
0
0
0
0
0
0
0
0
0
0
0
0
0
0
0
0
0
0
0
0
0
0
0
0
0
0
0
0
0
0
0
0
0
0
0
0
0
0
0
0
0
0
0
0
0
0
0
0
0
0
0
0
0
0
0
0
0
0
0
0
0
0
0
0
0
0
0
0
0
0
0
0
0
0
0
0
0
0
0
0
0
0
0
0
0
0
0
0
0
0
0
0
0
0
0
0
0
0
0
0
0
0
0
0
0
0
0
0
0
0
0
0
0
0
0
0
0
0
0
0
0
0
0
0
0
0
0
0
0
0
0
0
0
0
0
0
0
0
0
0
0
0
0
0
0
0
0
0
0
0
0
0
0
0
0
0
0
0
0
0
0
0
0
0
0
0
0
0
0
0
0
0
0
0
0
0
0
0
0
0
0
0
0
0
0
0
0
0
0
0
0
0
0
0
0
0
0
0
0
0
0
0
0
0
0
0
0
0
0
0
0
0
0
0
0
0
0
0
0
0
0
0
0
0
0
0
0
0
0
0
0
0
0
0
0
0
0
0
0
0
0
0
0
0
0
0
0
0
0
0
0
0
0
0
0
0
0
0
0
0
0
0
0
0
0
0
0
0
0
0
0
0
0
0
0
0
0
0
0
0
0
0
0
0
0
0
0
0
0
0
0
0
0
0
0
0
0
0
0
0
0
0
0
0
0
0
0
0
0
0
0
0
0
0
0
0
0
0
0
0
0
0
0
0
0
0
0
0
0
0
0
0
0
0
0
0
0
0
0
0
0
0
0
0
0
0
0
0
0
0
0
0
0
0
0
0
0
0
0
0
0
0
0
0
0
0
0
0
0
0
0
0
0
0
0
0
0
0
0
0
0
0
0
0
0
0
0
0
0
0
0
0
0
0
0
0
0
0
0
0
0
0
0
0
0
0
0
0
0
0
0
0
0
0
0
0
0
0
0
0
0
0
0
0
0
0
0
0
0
0
0
0
0
0
0
0
0
0
0
0
0
0
0
0
0
0
0
0
0
0
0
0
0
0
0
0
0
0
0
0
0
0
0
0
0
0
0
0
0
0
0
0
0
0
0
0
0
0
0
0
0
0
0
0
0
0
0
0
0
0
0
0
0
0
0
0
0
0
0
0
0
0
0
0
0
0
0
0
0
0
0
0
0
0
0
0
0
0
0
0
0
0
0
0
0
0
0
0
0
0
0
0
0
0
0
0
0
0
0
0
0
0
0
0
0
0
0
0
0
0
0
0
0
0
0
0
0
0
0
0
0
0
0
0
0
0
0
0
0
0
0
0
0
0
0
0
0
0
0
0
0
0
0
0
0
0
0
0
0
0
0
0
0
0
0
0
0
0
0
0
0
0
0
0
0
0
0
0
0
0
0
0
0
0
0
0
0
0
0
0
0
0
0
0
0
0
0
0
0
0
0
0
0
0
0
0
0
0
0
0
0
0
0
0
0
0
0
0
0
0
0
0
0
0
0
0
0
0
0
0
0
0
0
0
0
0
0
0
0
0
0
0
0
0
0
0
0
0
0
0
0
0
0
0
0
0
0
0
0
0
0
0
0
0
0
0
0
0
0
0
0
0
0
0
0
0
0
0
0
0
0
0
0
0
0
0
0
0
0
0
0
0
0
0
0
0
0
0
0
0
0
0
0
0
0
0
0
0
0
0
0
0
0
0
0
0
0
0
0
0
0
0
0
0
0
0
0
0
0
0
0
0
0
0
0
0
0
0
0
0
0
0
0
0
0
0
0
0
0
0
0
0
0
0
0
0
0
0
0
0
0
0
0
0
0
0
0
0
0
0
0
0
0
0
0
0
0
0
0
0
0
0
0
0
0
0
0
0
0
0
0
0
0
0
0
0
0
0
0
0
0
0
0
0
0
0
0
0
0
0
0
0
0
0
0
0
0
0
0
0
0
0
0
0
0
0
0
0
0
0
0
0
0
0
0
0
0
0
0
0
0
0
0
0
0
0
0
0
0
0
0
0
0
0
0
0
0
0
0
0
0
0
0
0
0
0
0
0
0
0
0
0
0
0
0
0
0
0
0
0
0
0
0
0
0
0
0
0
0
0
0
0
0
0
0
0
0
0
0
0
0
0
0
0
0
0
0
0
0
0
0
0
0
0
0
0
0
0
0
0
0
0
0
0
0
0
0
0
0
0
0
0
0
0
0
0
0
0
0
0
0
0
0
0
0
0
0
0
0
0
0
0
0
0
0
0
0
0
0
0
0
0
0
0
0
0
0
0
0
0
0
0
0
0
0
0
0
0
0
0
0
0
0
0
0
0
0
0
0
0
0
0
0
0
0
0
0
0
0
0
0
0
0
0
0
0
0
0
0
0
0
0
0
0
0
0
0
0
0
0
0
0
0
0
0
0
0
0
0
0
0
0
0
0
0
0
0
0
0
0
0
0
0
0
0
0
0
0
0
0
0
0
0
0
0
0
0
0
0
0
0
0
0
0
0
0
0
0
0
0
0
0
0
0
0
0
0
0
0
0
0
0
0
0
0
0
0
0
0
0
0
0
0
0
0
0
0
0
0
0
0
0
0
0
0
0
0
0
0
0
0
0
0
0
0
0
0
0
0
0
0
0
0
0
0
0
0
0
0
0
0
0
0
0
0
0
0
0
0
0
0
0
0
0
0
0
0
0
0
0
0
0
0
0
0
0
0
0
0
0
0
0
0
0
0
0
0
0
0
0
0
0
0
0
0
0
0
0
0
0
0
0
0
0
0
0
