Flow report for readout_card_stratix_iii
Tue Oct 21 13:04:48 2014
Quartus II 64-Bit Version 11.1 Build 259 01/25/2012 Service Pack 2 SJ Full Version


---------------------
; Table of Contents ;
---------------------
  1. Legal Notice
  2. Flow Summary
  3. Flow Settings
  4. Flow Non-Default Global Settings
  5. Flow Elapsed Time
  6. Flow OS Summary
  7. Flow Log



----------------
; Legal Notice ;
----------------
Copyright (C) 1991-2011 Altera Corporation
Your use of Altera Corporation's design tools, logic functions 
and other software and tools, and its AMPP partner logic 
functions, and any output files from any of the foregoing 
(including device programming or simulation files), and any 
associated documentation or information are expressly subject 
to the terms and conditions of the Altera Program License 
Subscription Agreement, Altera MegaCore Function License 
Agreement, or other applicable license agreement, including, 
without limitation, that your use is for the sole purpose of 
programming logic devices manufactured by Altera and sold by 
Altera or its authorized distributors.  Please refer to the 
applicable agreement for further details.



+--------------------------------------------------------------------------------+
; Flow Summary                                                                   ;
+-------------------------------+------------------------------------------------+
; Flow Status                   ; Successful - Tue Oct 21 13:04:48 2014          ;
; Quartus II 64-Bit Version     ; 11.1 Build 259 01/25/2012 SP 2 SJ Full Version ;
; Revision Name                 ; readout_card_stratix_iii                       ;
; Top-level Entity Name         ; readout_card_stratix_iii                       ;
; Family                        ; Stratix III                                    ;
; Device                        ; EP3SE50F780C4                                  ;
; Timing Models                 ; Final                                          ;
; Logic utilization             ; 85 %                                           ;
;     Combinational ALUTs       ; 23,123 / 38,000 ( 61 % )                       ;
;     Memory ALUTs              ; 0 / 19,000 ( 0 % )                             ;
;     Dedicated logic registers ; 16,690 / 38,000 ( 44 % )                       ;
; Total registers               ; 16690                                          ;
; Total pins                    ; 229 / 488 ( 47 % )                             ;
; Total virtual pins            ; 0                                              ;
; Total block memory bits       ; 1,444,388 / 5,455,872 ( 26 % )                 ;
; DSP block 18-bit elements     ; 68 / 384 ( 18 % )                              ;
; Total PLLs                    ; 3 / 4 ( 75 % )                                 ;
; Total DLLs                    ; 0 / 4 ( 0 % )                                  ;
+-------------------------------+------------------------------------------------+


+----------------------------------------------+
; Flow Settings                                ;
+-------------------+--------------------------+
; Option            ; Setting                  ;
+-------------------+--------------------------+
; Start date & time ; 10/21/2014 12:40:13      ;
; Main task         ; Compilation              ;
; Revision Name     ; readout_card_stratix_iii ;
+-------------------+--------------------------+


+----------------------------------------------------------------------------------------------------------------------------------------------------------------------------------------------------------------------------------------------------------+
; Flow Non-Default Global Settings                                                                                                                                                                                                                         ;
+-------------------------------------------------+---------------------------------------------------------------------------------------------------------+---------------------------------------------------------+-------------+----------------------+
; Assignment Name                                 ; Value                                                                                                   ; Default Value                                           ; Entity Name ; Section Id           ;
+-------------------------------------------------+---------------------------------------------------------------------------------------------------------+---------------------------------------------------------+-------------+----------------------+
; ADV_NETLIST_OPT_SYNTH_GATE_RETIME               ; On                                                                                                      ; Off                                                     ; --          ; --                   ;
; ADV_NETLIST_OPT_SYNTH_WYSIWYG_REMAP             ; On                                                                                                      ; Off                                                     ; --          ; --                   ;
; ALLOW_ANY_RAM_SIZE_FOR_RECOGNITION              ; On                                                                                                      ; Off                                                     ; --          ; --                   ;
; ALLOW_ANY_ROM_SIZE_FOR_RECOGNITION              ; On                                                                                                      ; Off                                                     ; --          ; --                   ;
; ASSG_RULE_MISSING_TIMING                        ; Off                                                                                                     ; On                                                      ; --          ; --                   ;
; AUTO_ENABLE_SMART_COMPILE                       ; Off                                                                                                     ; --                                                      ; --          ; --                   ;
; AUTO_GLOBAL_MEMORY_CONTROLS                     ; On                                                                                                      ; Off                                                     ; --          ; --                   ;
; AUTO_PACKED_REGISTERS                           ; Normal                                                                                                  ; Off                                                     ; --          ; --                   ;
; AUTO_PACKED_REGISTERS_CYCLONE                   ; Normal                                                                                                  ; Auto                                                    ; --          ; --                   ;
; AUTO_PACKED_REGISTERS_MAXII                     ; Normal                                                                                                  ; Auto                                                    ; --          ; --                   ;
; AUTO_PACKED_REGISTERS_STRATIX                   ; Normal                                                                                                  ; Auto                                                    ; --          ; --                   ;
; AUTO_PACKED_REGISTERS_STRATIXII                 ; Normal                                                                                                  ; Auto                                                    ; --          ; --                   ;
; COMPILER_SIGNATURE_ID                           ; 167739110428.141392041308860                                                                            ; --                                                      ; --          ; --                   ;
; EDA_INCLUDE_VHDL_CONFIGURATION_DECLARATION      ; On                                                                                                      ; --                                                      ; --          ; eda_simulation       ;
; EDA_INPUT_DATA_FORMAT                           ; Vhdl                                                                                                    ; --                                                      ; --          ; eda_design_synthesis ;
; EDA_OUTPUT_DATA_FORMAT                          ; Vhdl                                                                                                    ; --                                                      ; --          ; eda_simulation       ;
; EDA_SIMULATION_TOOL                             ; ModelSim-Altera (VHDL)                                                                                  ; <None>                                                  ; --          ; --                   ;
; ENABLE_BENEFICIAL_SKEW_OPTIMIZATION             ; Off                                                                                                     ; On                                                      ; --          ; --                   ;
; ENABLE_CLOCK_LATENCY                            ; On                                                                                                      ; Off                                                     ; --          ; --                   ;
; ENABLE_DRC_SETTINGS                             ; On                                                                                                      ; Off                                                     ; --          ; --                   ;
; ENABLE_SIGNALTAP                                ; Off                                                                                                     ; --                                                      ; --          ; --                   ;
; FITTER_EFFORT                                   ; Standard Fit                                                                                            ; Auto Fit                                                ; --          ; --                   ;
; FIT_ATTEMPTS_TO_SKIP                            ; 0                                                                                                       ; 0.0                                                     ; --          ; --                   ;
; FMAX_REQUIREMENT                                ; 50 MHz                                                                                                  ; --                                                      ; --          ; --                   ;
; IGNORE_LCELL_BUFFERS                            ; On                                                                                                      ; Off                                                     ; --          ; --                   ;
; INCREMENTAL_COMPILATION_EXPORT_NETLIST_TYPE     ; POST_FIT                                                                                                ; --                                                      ; --          ; --                   ;
; IP_TOOL_NAME                                    ; ALTPLL                                                                                                  ; --                                                      ; --          ; --                   ;
; IP_TOOL_NAME                                    ; LPM_ADD_SUB                                                                                             ; --                                                      ; --          ; --                   ;
; IP_TOOL_VERSION                                 ; 8.1                                                                                                     ; --                                                      ; --          ; --                   ;
; IP_TOOL_VERSION                                 ; 11.1                                                                                                    ; --                                                      ; --          ; --                   ;
; MAX_CLOCKS_ALLOWED                              ; -1                                                                                                      ; -1 (Unlimited)                                          ; --          ; --                   ;
; MAX_CORE_JUNCTION_TEMP                          ; 85                                                                                                      ; --                                                      ; --          ; --                   ;
; MAX_GLOBAL_CLOCKS_ALLOWED                       ; -1                                                                                                      ; -1 (Unlimited)                                          ; --          ; --                   ;
; MAX_PERIPHERY_CLOCKS_ALLOWED                    ; -1                                                                                                      ; -1 (Unlimited)                                          ; --          ; --                   ;
; MAX_REGIONAL_CLOCKS_ALLOWED                     ; -1                                                                                                      ; -1 (Unlimited)                                          ; --          ; --                   ;
; MIN_CORE_JUNCTION_TEMP                          ; 0                                                                                                       ; --                                                      ; --          ; --                   ;
; MISC_FILE                                       ; C:/mce/cards/readout_card/readout_card/synth/readout_card_stratix_iii.dpf                               ; --                                                      ; --          ; --                   ;
; MISC_FILE                                       ; C:/mce/cards/readout_card/readout_card/synth_stratix_iii/readout_card_stratix_iii.dpf                   ; --                                                      ; --          ; --                   ;
; MISC_FILE                                       ; ../../pll/source/rtl/rc_pll_stratix_iii.ppf                                                             ; --                                                      ; --          ; --                   ;
; MUX_RESTRUCTURE                                 ; Off                                                                                                     ; Auto                                                    ; --          ; --                   ;
; NOMINAL_CORE_SUPPLY_VOLTAGE                     ; 1.1V                                                                                                    ; --                                                      ; --          ; --                   ;
; NUMBER_OF_PATHS_TO_REPORT                       ; 500                                                                                                     ; 200                                                     ; --          ; --                   ;
; NUMBER_OF_REMOVED_REGISTERS_REPORTED            ; 100                                                                                                     ; 5000                                                    ; --          ; --                   ;
; NUM_PARALLEL_PROCESSORS                         ; 2                                                                                                       ; --                                                      ; --          ; --                   ;
; OPTIMIZE_FOR_METASTABILITY                      ; Off                                                                                                     ; On                                                      ; --          ; --                   ;
; OPTIMIZE_MULTI_CORNER_TIMING                    ; On                                                                                                      ; Off                                                     ; --          ; --                   ;
; OPTIMIZE_POWER_DURING_FITTING                   ; Extra effort                                                                                            ; Normal compilation                                      ; --          ; --                   ;
; OPTIMIZE_POWER_DURING_SYNTHESIS                 ; Off                                                                                                     ; Normal compilation                                      ; --          ; --                   ;
; PARALLEL_SYNTHESIS                              ; Off                                                                                                     ; On                                                      ; --          ; --                   ;
; PARTITION_COLOR                                 ; 2147039                                                                                                 ; --                                                      ; --          ; Top                  ;
; PARTITION_FITTER_PRESERVATION_LEVEL             ; PLACEMENT_AND_ROUTING                                                                                   ; --                                                      ; --          ; Top                  ;
; PARTITION_IMPORT_ASSIGNMENTS                    ; On                                                                                                      ; --                                                      ; --          ; Top                  ;
; PARTITION_IMPORT_EXISTING_ASSIGNMENTS           ; REPLACE_CONFLICTING                                                                                     ; --                                                      ; --          ; Top                  ;
; PARTITION_IMPORT_EXISTING_LOGICLOCK_REGIONS     ; REPLACE_CONFLICTING                                                                                     ; --                                                      ; --          ; Top                  ;
; PARTITION_IMPORT_PIN_ASSIGNMENTS                ; On                                                                                                      ; --                                                      ; --          ; Top                  ;
; PARTITION_IMPORT_PROMOTE_ASSIGNMENTS            ; On                                                                                                      ; --                                                      ; --          ; Top                  ;
; PARTITION_NETLIST_TYPE                          ; SOURCE                                                                                                  ; --                                                      ; --          ; Top                  ;
; PARTITION_TYPE                                  ; STANDARD_PARTITION                                                                                      ; --                                                      ; --          ; Top                  ;
; PHYSICAL_SYNTHESIS_COMBO_LOGIC                  ; On                                                                                                      ; Off                                                     ; --          ; --                   ;
; PHYSICAL_SYNTHESIS_EFFORT                       ; Extra                                                                                                   ; Normal                                                  ; --          ; --                   ;
; PHYSICAL_SYNTHESIS_MAP_LOGIC_TO_MEMORY_FOR_AREA ; On                                                                                                      ; Off                                                     ; --          ; --                   ;
; PHYSICAL_SYNTHESIS_REGISTER_DUPLICATION         ; On                                                                                                      ; Off                                                     ; --          ; --                   ;
; PHYSICAL_SYNTHESIS_REGISTER_RETIMING            ; On                                                                                                      ; Off                                                     ; --          ; --                   ;
; POWER_BOARD_THERMAL_MODEL                       ; None (CONSERVATIVE)                                                                                     ; --                                                      ; --          ; --                   ;
; POWER_PRESET_COOLING_SOLUTION                   ; 23 MM HEAT SINK WITH 200 LFPM AIRFLOW                                                                   ; --                                                      ; --          ; --                   ;
; PROGRAMMABLE_POWER_TECHNOLOGY_SETTING           ; Automatic                                                                                               ; Force All Tiles with Failing Timing Paths to High Speed ; --          ; --                   ;
; REMOVE_REDUNDANT_LOGIC_CELLS                    ; On                                                                                                      ; Off                                                     ; --          ; --                   ;
; RESET_RULE_COMB_ASYNCH_RESET                    ; Off                                                                                                     ; --                                                      ; --          ; --                   ;
; RESET_RULE_IMSYNCH_ASYNCH_DOMAIN                ; Off                                                                                                     ; --                                                      ; --          ; --                   ;
; RESET_RULE_IMSYNCH_EXRESET                      ; Off                                                                                                     ; --                                                      ; --          ; --                   ;
; RESET_RULE_UNSYNCH_ASYNCH_DOMAIN                ; Off                                                                                                     ; --                                                      ; --          ; --                   ;
; RESET_RULE_UNSYNCH_EXRESET                      ; Off                                                                                                     ; --                                                      ; --          ; --                   ;
; ROUTER_TIMING_OPTIMIZATION_LEVEL                ; MAXIMUM                                                                                                 ; Normal                                                  ; --          ; --                   ;
; SAFE_STATE_MACHINE                              ; On                                                                                                      ; Off                                                     ; --          ; --                   ;
; SAVE_DISK_SPACE                                 ; Off                                                                                                     ; On                                                      ; --          ; --                   ;
; SEARCH_PATH                                     ; c:\altera\81\ip\altera\ddr2_high_perf\lib/                                                              ; --                                                      ; --          ; --                   ;
; SEARCH_PATH                                     ; c:\altera\81\ip\altera\ddr2_high_perf\lib                                                               ; --                                                      ; --          ; --                   ;
; STATE_MACHINE_PROCESSING                        ; One-Hot                                                                                                 ; Auto                                                    ; --          ; --                   ;
; STRATIXII_OPTIMIZATION_TECHNIQUE                ; Speed                                                                                                   ; Balanced                                                ; --          ; --                   ;
; STRATIX_OPTIMIZATION_TECHNIQUE                  ; Speed                                                                                                   ; Balanced                                                ; --          ; --                   ;
; USE_GENERATED_PHYSICAL_CONSTRAINTS              ; Off                                                                                                     ; --                                                      ; --          ; eda_blast_fpga       ;
; USE_SIGNALTAP_FILE                              ; ../../../../../Documents and Settings/Bryce/Desktop/latest sofs/readout_card_stratix_iii_15 c0 -135.stp ; --                                                      ; --          ; --                   ;
; VHDL_SHOW_LMF_MAPPING_MESSAGES                  ; Off                                                                                                     ; --                                                      ; --          ; --                   ;
+-------------------------------------------------+---------------------------------------------------------------------------------------------------------+---------------------------------------------------------+-------------+----------------------+


+-------------------------------------------------------------------------------------------------------------------------------+
; Flow Elapsed Time                                                                                                             ;
+---------------------------+--------------+-------------------------+---------------------+------------------------------------+
; Module Name               ; Elapsed Time ; Average Processors Used ; Peak Virtual Memory ; Total CPU Time (on all processors) ;
+---------------------------+--------------+-------------------------+---------------------+------------------------------------+
; Analysis & Synthesis      ; 00:07:05     ; 1.0                     ; 1025 MB             ; 00:07:01                           ;
; Fitter                    ; 00:14:19     ; 1.3                     ; 1472 MB             ; 00:17:01                           ;
; Assembler                 ; 00:00:10     ; 1.0                     ; 676 MB              ; 00:00:10                           ;
; TimeQuest Timing Analyzer ; 00:00:40     ; 1.4                     ; 954 MB              ; 00:00:46                           ;
; Design Assistant          ; 00:00:23     ; 1.0                     ; 807 MB              ; 00:00:23                           ;
; EDA Netlist Writer        ; 00:01:19     ; 1.0                     ; 858 MB              ; 00:01:19                           ;
; Total                     ; 00:23:56     ; --                      ; --                  ; 00:26:40                           ;
+---------------------------+--------------+-------------------------+---------------------+------------------------------------+


+----------------------------------------------------------------------------------------+
; Flow OS Summary                                                                        ;
+---------------------------+------------------+-----------+------------+----------------+
; Module Name               ; Machine Hostname ; OS Name   ; OS Version ; Processor type ;
+---------------------------+------------------+-----------+------------+----------------+
; Analysis & Synthesis      ; Amiskwi          ; Windows 7 ; 6.1        ; x86_64         ;
; Fitter                    ; Amiskwi          ; Windows 7 ; 6.1        ; x86_64         ;
; Assembler                 ; Amiskwi          ; Windows 7 ; 6.1        ; x86_64         ;
; TimeQuest Timing Analyzer ; Amiskwi          ; Windows 7 ; 6.1        ; x86_64         ;
; Design Assistant          ; Amiskwi          ; Windows 7 ; 6.1        ; x86_64         ;
; EDA Netlist Writer        ; Amiskwi          ; Windows 7 ; 6.1        ; x86_64         ;
+---------------------------+------------------+-----------+------------+----------------+


------------
; Flow Log ;
------------
quartus_map --read_settings_files=on --write_settings_files=off readout_card_stratix_iii -c readout_card_stratix_iii
quartus_fit --read_settings_files=off --write_settings_files=off readout_card_stratix_iii -c readout_card_stratix_iii
quartus_asm --read_settings_files=off --write_settings_files=off readout_card_stratix_iii -c readout_card_stratix_iii
quartus_sta readout_card_stratix_iii -c readout_card_stratix_iii
quartus_drc --read_settings_files=off --write_settings_files=off readout_card_stratix_iii -c readout_card_stratix_iii
quartus_eda --read_settings_files=off --write_settings_files=off readout_card_stratix_iii -c readout_card_stratix_iii



