Design Assistant report for readout_card_stratix_iii
Thu Dec 03 17:02:59 2009
Quartus II Version 9.0 Build 235 06/17/2009 Service Pack 2 SJ Full Version


---------------------
; Table of Contents ;
---------------------
  1. Legal Notice
  2. Design Assistant Summary
  3. Design Assistant Settings
  4. Medium Violations
  5. Information only Violations
  6. Design Assistant Messages



----------------
; Legal Notice ;
----------------
Copyright (C) 1991-2009 Altera Corporation
Your use of Altera Corporation's design tools, logic functions 
and other software and tools, and its AMPP partner logic 
functions, and any output files from any of the foregoing 
(including device programming or simulation files), and any 
associated documentation or information are expressly subject 
to the terms and conditions of the Altera Program License 
Subscription Agreement, Altera MegaCore Function License 
Agreement, or other applicable license agreement, including, 
without limitation, that your use is for the sole purpose of 
programming logic devices manufactured by Altera and sold by 
Altera or its authorized distributors.  Please refer to the 
applicable agreement for further details.



+-------------------------------------------------------------------------+
; Design Assistant Summary                                                ;
+-----------------------------------+-------------------------------------+
; Design Assistant Status           ; Analyzed - Thu Dec 03 17:02:59 2009 ;
; Revision Name                     ; readout_card_stratix_iii            ;
; Top-level Entity Name             ; readout_card_stratix_iii            ;
; Family                            ; Stratix III                         ;
; Total Critical Violations         ; 0                                   ;
; Total High Violations             ; 0                                   ;
; Total Medium Violations           ; 1                                   ;
; - Rule C106                       ; 1                                   ;
; Total Information only Violations ; 132                                 ;
; - Rule T101                       ; 82                                  ;
; - Rule T102                       ; 50                                  ;
+-----------------------------------+-------------------------------------+


+--------------------------------------------------------------------------------------------------------------------------------------------------------------------------------------------------------------------------------------------------------------------------------------------------------------+
; Design Assistant Settings                                                                                                                                                                                                                                                                                    ;
+------------------------------------------------------------------------------------------------------------------------------------------------------------------------------------------------------------------------------------------------------------------------------------------+--------------+----+
; Option                                                                                                                                                                                                                                                                                   ; Setting      ; To ;
+------------------------------------------------------------------------------------------------------------------------------------------------------------------------------------------------------------------------------------------------------------------------------------------+--------------+----+
; Design Assistant mode                                                                                                                                                                                                                                                                    ; Post-Fitting ;    ;
; Threshold value for clock net not mapped to clock spines rule                                                                                                                                                                                                                            ; 25           ;    ;
; Minimum number of clock port feed by gated clocks                                                                                                                                                                                                                                        ; 30           ;    ;
; Minimum number of node fan-out                                                                                                                                                                                                                                                           ; 30           ;    ;
; Maximum number of nodes to report                                                                                                                                                                                                                                                        ; 50           ;    ;
; Rule C101: Gated clock should be implemented according to the Altera standard scheme                                                                                                                                                                                                     ; On           ;    ;
; Rule C102: Logic cell should not be used to generate inverted clock                                                                                                                                                                                                                      ; On           ;    ;
; Rule C103: Gated clock is not feeding at least a pre-defined number of clock port to effectively save power                                                                                                                                                                              ; On           ;    ;
; Rule C104: Clock signal source should drive only input clock ports                                                                                                                                                                                                                       ; On           ;    ;
; Rule C105: Clock signal should be a global signal (Rule applies during post-fitting analysis. This rule applies during both post-fitting analysis and post-synthesis analysis if the design targets a MAX 3000 or MAX 7000 device. For more information, see the Help for the rule.)     ; On           ;    ;
; Rule C106: Clock signal source should not drive registers that are triggered by different clock edges                                                                                                                                                                                    ; On           ;    ;
; Rule R101: Combinational logic used as a reset signal should be synchronized                                                                                                                                                                                                             ; Off          ;    ;
; Rule R102: External reset should be synchronized using two cascaded registers                                                                                                                                                                                                            ; Off          ;    ;
; Rule R103: External reset should be correctly synchronized                                                                                                                                                                                                                               ; Off          ;    ;
; Rule R104: The reset signal that is generated in one clock domain and is used in the other clock domain, should be correctly synchronized                                                                                                                                                ; Off          ;    ;
; Rule R105: The reset signal that is generated in one clock domain and is used in the other clock domain, should be synchronized                                                                                                                                                          ; Off          ;    ;
; Rule T101: Nodes with more than the specified number of fan-outs                                                                                                                                                                                                                         ; On           ;    ;
; Rule T102: Top nodes with the highest number of fan-outs                                                                                                                                                                                                                                 ; On           ;    ;
; Rule A101: Design should not contain combinational loops                                                                                                                                                                                                                                 ; On           ;    ;
; Rule A102: Register output should not drive its own control signal directly or through combinational logic                                                                                                                                                                               ; On           ;    ;
; Rule A103: Design should not contain delay chains                                                                                                                                                                                                                                        ; On           ;    ;
; Rule A104: Design should not contain ripple clock structures                                                                                                                                                                                                                             ; On           ;    ;
; Rule A105: Pulses should not be implemented asynchronously                                                                                                                                                                                                                               ; On           ;    ;
; Rule A106: Multiple pulses should not be generated in design                                                                                                                                                                                                                             ; On           ;    ;
; Rule A107: Design should not contain SR latches                                                                                                                                                                                                                                          ; On           ;    ;
; Rule A108: Design should not contain latches                                                                                                                                                                                                                                             ; On           ;    ;
; Rule A109: Combinational logic should not directly drive write enable signal of asynchronous RAM                                                                                                                                                                                         ; On           ;    ;
; Rule A110: Design should not contain asynchronous memory                                                                                                                                                                                                                                 ; On           ;    ;
; Rule S101: Output enable and input of the same tri-state node should not be driven by same signal source                                                                                                                                                                                 ; On           ;    ;
; Rule S102: Synchronous port and asynchronous port of the same register should not be driven by the same signal source                                                                                                                                                                    ; On           ;    ;
; Rule S103: More than one asynchronous signal port of the same register should not be driven by the same signal source                                                                                                                                                                    ; On           ;    ;
; Rule S104: Clock port and any other signal port of same register should not be driven by the same signal source                                                                                                                                                                          ; On           ;    ;
; Rule D101: Data bits are not synchronized when transferred between asynchronous clock domains                                                                                                                                                                                            ; On           ;    ;
; Rule D102: Multiple data bits that are transferred across asynchronous clock domains are synchronized, but not all bits may be aligned in the receiving clock domain                                                                                                                     ; On           ;    ;
; Rule D103: Data bits are not correctly synchronized when transferred between asynchronous clock domains                                                                                                                                                                                  ; On           ;    ;
; Rule H101: Only one VREF pin should be assigned to the HardCopy test pin in an I/O bank (Rule does not apply to all HardCopy and HardCopy Stratix devices. This rule is used to analyze a design only when the rule applies to the design's target HardCopy or HardCopy Stratix device.) ; On           ;    ;
; Rule H102: PLL clock output drives multiple clock network types (Rule does not apply to all HardCopy and HardCopy Stratix devices. This rule is used to analyze a design only when the rule applies to the design's target HardCopy or HardCopy Stratix device.)                         ; On           ;    ;
; Rule M101: Data bits are not synchronized when transferred to the state machine of asynchronous clock domains                                                                                                                                                                            ; Off          ;    ;
; Rule M102: No reset signal defined to initialize the state machine                                                                                                                                                                                                                       ; Off          ;    ;
; Rule M103: State machine should not contain an unreachable state                                                                                                                                                                                                                         ; Off          ;    ;
; Rule M104: State machine should not contain a deadlock state                                                                                                                                                                                                                             ; Off          ;    ;
; Rule M105: State machine should not contain a dead transition                                                                                                                                                                                                                            ; Off          ;    ;
+------------------------------------------------------------------------------------------------------------------------------------------------------------------------------------------------------------------------------------------------------------------------------------------+--------------+----+


+--------------------------------------------------------------------------------------------------------------------------------------------------------------------------------------------------------------------------------------------------------------------------------------------+
; Medium Violations                                                                                                                                                                                                                                                                          ;
+-------------------------------------------------------------------------------------------------------+------------------------------------------------------------------------------------------------------------------------------------------------------------------------------------+
; Rule name                                                                                             ; Name                                                                                                                                                                               ;
+-------------------------------------------------------------------------------------------------------+------------------------------------------------------------------------------------------------------------------------------------------------------------------------------------+
; Rule C106: Clock signal source should not drive registers that are triggered by different clock edges ; rc_pll_stratix_iii:i_rc_pll|altpll:altpll_component|altpll_2bo2:auto_generated|clk[0]                                                                                              ;
;  Positive edge destination node(s) list                                                               ; dispatch:i_dispatch|dispatch_reply_transmit:transmitter|lvds_tx:reply_tx_a|pres_state.SEND                                                                                         ;
;  Positive edge destination node(s) list                                                               ; dispatch:i_dispatch|dispatch_reply_transmit:transmitter|lvds_tx:reply_tx_a|shift_reg:tx_buffer|reg[0]                                                                              ;
;  Positive edge destination node(s) list                                                               ; dispatch:i_dispatch|dispatch_reply_transmit:transmitter|lvds_tx:reply_tx_a|counter:bit_counter|count[6]                                                                            ;
;  Positive edge destination node(s) list                                                               ; dispatch:i_dispatch|dispatch_reply_transmit:transmitter|lvds_tx:reply_tx_a|pres_state.SETUP                                                                                        ;
;  Positive edge destination node(s) list                                                               ; dispatch:i_dispatch|dispatch_reply_transmit:transmitter|lvds_tx:reply_tx_a|counter:bit_counter|count[0]                                                                            ;
;  Positive edge destination node(s) list                                                               ; dispatch:i_dispatch|dispatch_reply_transmit:transmitter|lvds_tx:reply_tx_a|pres_state.IDLE                                                                                         ;
;  Positive edge destination node(s) list                                                               ; dispatch:i_dispatch|dispatch_reply_transmit:transmitter|lvds_tx:reply_tx_a|counter:bit_counter|count[4]                                                                            ;
;  Positive edge destination node(s) list                                                               ; dispatch:i_dispatch|dispatch_reply_transmit:transmitter|lvds_tx:reply_tx_a|counter:bit_counter|count[5]                                                                            ;
;  Positive edge destination node(s) list                                                               ; dispatch:i_dispatch|dispatch_reply_transmit:transmitter|lvds_tx:reply_tx_a|counter:bit_counter|count[3]                                                                            ;
;  Positive edge destination node(s) list                                                               ; dispatch:i_dispatch|dispatch_reply_transmit:transmitter|lvds_tx:reply_tx_a|counter:bit_counter|count[2]                                                                            ;
;  Negative edge destination node(s) list                                                               ; dispatch:i_dispatch|dispatch_reply_transmit:transmitter|lvds_tx:reply_tx_a|fifo:data_buffer|altsyncram:fifo_storage|altsyncram_iii1:auto_generated|ram_block1a0~portb_address_reg0 ;
;  Negative edge destination node(s) list                                                               ; dispatch:i_dispatch|dispatch_reply_transmit:transmitter|lvds_tx:reply_tx_b|fifo:data_buffer|altsyncram:fifo_storage|altsyncram_iii1:auto_generated|ram_block1a0~portb_address_reg0 ;
+-------------------------------------------------------------------------------------------------------+------------------------------------------------------------------------------------------------------------------------------------------------------------------------------------+


+------------------------------------------------------------------------------------------------------------------------------------------------------------------------------------------------------+
; Information only Violations                                                                                                                                                                          ;
+------------------------------------------------------------------+-------------------------------------------------------------------------------------------------------------------------+---------+
; Rule name                                                        ; Name                                                                                                                    ; Fan-Out ;
+------------------------------------------------------------------+-------------------------------------------------------------------------------------------------------------------------+---------+
; Rule T101: Nodes with more than the specified number of fan-outs ; rc_pll_stratix_iii:i_rc_pll|altpll:altpll_component|altpll_2bo2:auto_generated|clk[0]~clkctrl                           ; 1267    ;
; Rule T101: Nodes with more than the specified number of fan-outs ; rst~clkctrl                                                                                                             ; 1214    ;
; Rule T101: Nodes with more than the specified number of fan-outs ; dispatch:i_dispatch|dispatch_reply_transmit:transmitter|lvds_tx:reply_tx_a|shift_reg:tx_buffer|reg[1]_OTERM205          ; 32      ;
; Rule T101: Nodes with more than the specified number of fan-outs ; dispatch:i_dispatch|dispatch_reply_transmit:transmitter|lvds_tx:reply_tx_a|shift_reg:tx_buffer|reg[1]_OTERM207          ; 32      ;
; Rule T101: Nodes with more than the specified number of fan-outs ; dispatch:i_dispatch|dispatch_cmd_receive:receiver|lvds_rx:cmd_rx|shift_reg:rx_sample|reg[2]~_wirecell                   ; 181     ;
; Rule T101: Nodes with more than the specified number of fan-outs ; dispatch:i_dispatch|dispatch_reply_transmit:transmitter|lvds_tx:reply_tx_a|shift_reg:tx_buffer|reg[1]_OTERM209_OTERM463 ; 32      ;
; Rule T101: Nodes with more than the specified number of fan-outs ; dispatch:i_dispatch|dispatch_reply_transmit:transmitter|lvds_tx:reply_tx_a|shift_reg:tx_buffer|reg[1]_OTERM209_OTERM467 ; 32      ;
; Rule T101: Nodes with more than the specified number of fan-outs ; dispatch:i_dispatch|dispatch_reply_transmit:transmitter|lvds_tx:reply_tx_a|shift_reg:tx_buffer|reg[1]_OTERM209_OTERM465 ; 32      ;
; Rule T101: Nodes with more than the specified number of fan-outs ; dispatch:i_dispatch|dispatch_reply_transmit:transmitter|toggle_state                                                    ; 55      ;
; Rule T101: Nodes with more than the specified number of fan-outs ; dispatch:i_dispatch|dispatch_reply_transmit:transmitter|lvds_tx_rdy_a~3                                                 ; 105     ;
; Rule T101: Nodes with more than the specified number of fan-outs ; dispatch:i_dispatch|dispatch_reply_transmit:transmitter|Selector76~0                                                    ; 64      ;
; Rule T101: Nodes with more than the specified number of fan-outs ; dispatch:i_dispatch|dispatch_reply_transmit:transmitter|Selector76~4DUPLICATE                                           ; 31      ;
; Rule T101: Nodes with more than the specified number of fan-outs ; dispatch:i_dispatch|dispatch_reply_transmit:transmitter|Selector76~3DUPLICATE                                           ; 53      ;
; Rule T101: Nodes with more than the specified number of fan-outs ; dispatch:i_dispatch|dispatch_reply_transmit:transmitter|Selector76~4                                                    ; 33      ;
; Rule T101: Nodes with more than the specified number of fan-outs ; dispatch:i_dispatch|dispatch_reply_transmit:transmitter|pres_state.IDLE                                                 ; 64      ;
; Rule T101: Nodes with more than the specified number of fan-outs ; dispatch:i_dispatch|dispatch_reply_transmit:transmitter|parallel_crc:crc_calc|crc_reg~64                                ; 33      ;
; Rule T101: Nodes with more than the specified number of fan-outs ; dispatch:i_dispatch|dispatch_reply_transmit:transmitter|pres_state.TX_DATA                                              ; 111     ;
; Rule T101: Nodes with more than the specified number of fan-outs ; dispatch:i_dispatch|dispatch_reply_transmit:transmitter|pres_state.TX_HDR                                               ; 49      ;
; Rule T101: Nodes with more than the specified number of fan-outs ; dispatch:i_dispatch|reg:hdr0|reg_o[11]                                                                                  ; 158     ;
; Rule T101: Nodes with more than the specified number of fan-outs ; dispatch:i_dispatch|dispatch_reply_transmit:transmitter|lvds_tx_rdy_b~3                                                 ; 84      ;
; Rule T101: Nodes with more than the specified number of fan-outs ; dispatch:i_dispatch|dispatch_cmd_receive:receiver|pres_state.DONE                                                       ; 37      ;
; Rule T101: Nodes with more than the specified number of fan-outs ; dispatch:i_dispatch|pres_state.FETCH                                                                                    ; 76      ;
; Rule T101: Nodes with more than the specified number of fan-outs ; dispatch:i_dispatch|dispatch_reply_transmit:transmitter|lvds_tx:reply_tx_b|fifo:data_buffer|write_nread                 ; 31      ;
; Rule T101: Nodes with more than the specified number of fan-outs ; dispatch:i_dispatch|dispatch_cmd_receive:receiver|cmd_valid~15                                                          ; 33      ;
; Rule T101: Nodes with more than the specified number of fan-outs ; dispatch:i_dispatch|dispatch_cmd_receive:receiver|Equal0~2                                                              ; 33      ;
; Rule T101: Nodes with more than the specified number of fan-outs ; dispatch:i_dispatch|pres_state.EXECUTE                                                                                  ; 37      ;
; Rule T101: Nodes with more than the specified number of fan-outs ; dispatch:i_dispatch|dispatch_cmd_receive:receiver|lvds_rx:cmd_rx|data_ready                                             ; 45      ;
; Rule T101: Nodes with more than the specified number of fan-outs ; dispatch:i_dispatch|dispatch_wishbone:wishbone|pres_state.WB_CYCLE                                                      ; 188     ;
; Rule T101: Nodes with more than the specified number of fan-outs ; dispatch:i_dispatch|dispatch_cmd_receive:receiver|pres_state.RX_DATA                                                    ; 36      ;
; Rule T101: Nodes with more than the specified number of fan-outs ; dispatch:i_dispatch|dispatch_wishbone:wishbone|addr[0]                                                                  ; 46      ;
; Rule T101: Nodes with more than the specified number of fan-outs ; dispatch:i_dispatch|dispatch_wishbone:wishbone|addr[1]                                                                  ; 78      ;
; Rule T101: Nodes with more than the specified number of fan-outs ; dispatch:i_dispatch|dispatch_wishbone:wishbone|addr[2]                                                                  ; 78      ;
; Rule T101: Nodes with more than the specified number of fan-outs ; dispatch:i_dispatch|reg:hdr1|reg_o[18]                                                                                  ; 41      ;
; Rule T101: Nodes with more than the specified number of fan-outs ; dispatch:i_dispatch|dispatch_wishbone:wishbone|addr_o[2]~11                                                             ; 42      ;
; Rule T101: Nodes with more than the specified number of fan-outs ; dispatch:i_dispatch|dispatch_wishbone:wishbone|addr_o[5]~12                                                             ; 42      ;
; Rule T101: Nodes with more than the specified number of fan-outs ; frame_timing:i_frame_timing|frame_timing_wbs:wbi|Mux31~0                                                                ; 32      ;
; Rule T101: Nodes with more than the specified number of fan-outs ; dispatch:i_dispatch|dispatch_cmd_receive:receiver|pres_state.IDLE                                                       ; 52      ;
; Rule T101: Nodes with more than the specified number of fan-outs ; dispatch:i_dispatch|reg:hdr1|reg_o[17]                                                                                  ; 44      ;
; Rule T101: Nodes with more than the specified number of fan-outs ; dispatch:i_dispatch|reg:hdr1|reg_o[16]                                                                                  ; 41      ;
; Rule T101: Nodes with more than the specified number of fan-outs ; dispatch:i_dispatch|reg:hdr1|reg_o[19]                                                                                  ; 40      ;
; Rule T101: Nodes with more than the specified number of fan-outs ; Mux23~56                                                                                                                ; 38      ;
; Rule T101: Nodes with more than the specified number of fan-outs ; fpga_thermo:i_fpga_thermo|Equal0~2                                                                                      ; 62      ;
; Rule T101: Nodes with more than the specified number of fan-outs ; fpga_thermo:i_fpga_thermo|Equal0~3                                                                                      ; 62      ;
; Rule T101: Nodes with more than the specified number of fan-outs ; fpga_thermo:i_fpga_thermo|Equal0~1                                                                                      ; 39      ;
; Rule T101: Nodes with more than the specified number of fan-outs ; rc_pll_stratix_iii:i_rc_pll|altpll:altpll_component|altpll_2bo2:auto_generated|clk[2]~clkctrl                           ; 77      ;
; Rule T101: Nodes with more than the specified number of fan-outs ; frame_timing:i_frame_timing|frame_timing_wbs:wbi|num_rows_to_read_wren~10                                               ; 32      ;
; Rule T101: Nodes with more than the specified number of fan-outs ; frame_timing:i_frame_timing|frame_timing_wbs:wbi|fltr_rst_req_data~65                                                   ; 32      ;
; Rule T101: Nodes with more than the specified number of fan-outs ; dispatch:i_dispatch|dispatch_wishbone:wishbone|addr_o[1]~14                                                             ; 101     ;
; Rule T101: Nodes with more than the specified number of fan-outs ; dispatch:i_dispatch|dispatch_wishbone:wishbone|addr_o[0]~13                                                             ; 97      ;
; Rule T101: Nodes with more than the specified number of fan-outs ; frame_timing:i_frame_timing|frame_timing_wbs:wbi|num_cols_to_read_wren~12                                               ; 32      ;
; Rule T101: Nodes with more than the specified number of fan-outs ; id_thermo:i_id_thermo|wb_ps.SEND_ID                                                                                     ; 35      ;
; Rule T101: Nodes with more than the specified number of fan-outs ; fpga_thermo:i_fpga_thermo|reg_wren~0                                                                                    ; 31      ;
; Rule T101: Nodes with more than the specified number of fan-outs ; dispatch:i_dispatch|dispatch_cmd_receive:receiver|lvds_rx:cmd_rx|lvds_receiving                                         ; 46      ;
; Rule T101: Nodes with more than the specified number of fan-outs ; dispatch:i_dispatch|dispatch_cmd_receive:receiver|lvds_rx:cmd_rx|shift_reg:rx_buffer|reg~136                            ; 33      ;
; Rule T101: Nodes with more than the specified number of fan-outs ; all_cards:i_all_cards|Mux13~0                                                                                           ; 32      ;
; Rule T101: Nodes with more than the specified number of fan-outs ; all_cards:i_all_cards|Mux15~0                                                                                           ; 32      ;
; Rule T101: Nodes with more than the specified number of fan-outs ; all_cards:i_all_cards|Mux14~1                                                                                           ; 32      ;
; Rule T101: Nodes with more than the specified number of fan-outs ; all_cards:i_all_cards|Mux12~0                                                                                           ; 32      ;
; Rule T101: Nodes with more than the specified number of fan-outs ; frame_timing:i_frame_timing|frame_timing_core:ftc|current_state.GOT_SYNC                                                ; 74      ;
; Rule T101: Nodes with more than the specified number of fan-outs ; frame_timing:i_frame_timing|frame_timing_core:ftc|current_init_win_state.RESET_HOLD                                     ; 37      ;
; Rule T101: Nodes with more than the specified number of fan-outs ; frame_timing:i_frame_timing|frame_timing_wbs:wbi|sample_delay_wren~3                                                    ; 32      ;
; Rule T101: Nodes with more than the specified number of fan-outs ; frame_timing:i_frame_timing|frame_timing_wbs:wbi|num_rows_wren~2                                                        ; 32      ;
; Rule T101: Nodes with more than the specified number of fan-outs ; frame_timing:i_frame_timing|frame_timing_wbs:wbi|sample_num_wren~4                                                      ; 32      ;
; Rule T101: Nodes with more than the specified number of fan-outs ; frame_timing:i_frame_timing|frame_timing_wbs:wbi|row_length_wren~1                                                      ; 32      ;
; Rule T101: Nodes with more than the specified number of fan-outs ; frame_timing:i_frame_timing|frame_timing_wbs:wbi|init_window_req_data~65                                                ; 32      ;
; Rule T101: Nodes with more than the specified number of fan-outs ; frame_timing:i_frame_timing|frame_timing_wbs:wbi|address_on_delay_wren~6                                                ; 32      ;
; Rule T101: Nodes with more than the specified number of fan-outs ; frame_timing:i_frame_timing|frame_timing_wbs:wbi|resync_req_wren~7                                                      ; 32      ;
; Rule T101: Nodes with more than the specified number of fan-outs ; frame_timing:i_frame_timing|frame_timing_wbs:wbi|feedback_delay_wren~5                                                  ; 32      ;
; Rule T101: Nodes with more than the specified number of fan-outs ; fpga_thermo:i_fpga_thermo|current_state.WR                                                                              ; 35      ;
; Rule T101: Nodes with more than the specified number of fan-outs ; all_cards:i_all_cards|Mux11~0                                                                                           ; 32      ;
; Rule T101: Nodes with more than the specified number of fan-outs ; all_cards:i_all_cards|Mux9~0                                                                                            ; 32      ;
; Rule T101: Nodes with more than the specified number of fan-outs ; all_cards:i_all_cards|Mux8~0                                                                                            ; 32      ;
; Rule T101: Nodes with more than the specified number of fan-outs ; frame_timing:i_frame_timing|frame_timing_core:ftc|current_init_win_state.INIT_HOLD                                      ; 37      ;
; Rule T101: Nodes with more than the specified number of fan-outs ; dispatch:i_dispatch|dispatch_cmd_receive:receiver|parallel_crc:crc_calc|crc_reg~65                                      ; 36      ;
; Rule T101: Nodes with more than the specified number of fan-outs ; fpga_thermo:i_fpga_thermo|smb_master:master2|us_timer:smb_timer|Equal0~1                                                ; 33      ;
; Rule T101: Nodes with more than the specified number of fan-outs ; fpga_thermo:i_fpga_thermo|us_timer:timeout_timer|Equal0~1                                                               ; 33      ;
; Rule T101: Nodes with more than the specified number of fan-outs ; dispatch:i_dispatch|dispatch_reply_transmit:transmitter|lvds_tx:reply_tx_b|shift_reg:tx_buffer|reg[1]_OTERM195          ; 32      ;
; Rule T101: Nodes with more than the specified number of fan-outs ; dispatch:i_dispatch|dispatch_reply_transmit:transmitter|lvds_tx:reply_tx_b|shift_reg:tx_buffer|reg[1]_OTERM197          ; 32      ;
; Rule T101: Nodes with more than the specified number of fan-outs ; dispatch:i_dispatch|dispatch_reply_transmit:transmitter|lvds_tx:reply_tx_b|shift_reg:tx_buffer|reg[1]_OTERM199_OTERM475 ; 32      ;
; Rule T101: Nodes with more than the specified number of fan-outs ; dispatch:i_dispatch|dispatch_reply_transmit:transmitter|lvds_tx:reply_tx_b|shift_reg:tx_buffer|reg[1]_OTERM199_OTERM473 ; 32      ;
; Rule T101: Nodes with more than the specified number of fan-outs ; dispatch:i_dispatch|dispatch_reply_transmit:transmitter|lvds_tx:reply_tx_b|shift_reg:tx_buffer|reg[1]_OTERM199_OTERM471 ; 32      ;
; Rule T101: Nodes with more than the specified number of fan-outs ; dispatch:i_dispatch|dispatch_wishbone:wishbone|us_timer:wdt|Equal0~1                                                    ; 33      ;
; Rule T102: Top nodes with the highest number of fan-outs         ; rc_pll_stratix_iii:i_rc_pll|altpll:altpll_component|altpll_2bo2:auto_generated|clk[0]~clkctrl                           ; 1267    ;
; Rule T102: Top nodes with the highest number of fan-outs         ; rst~clkctrl                                                                                                             ; 1214    ;
; Rule T102: Top nodes with the highest number of fan-outs         ; dispatch:i_dispatch|dispatch_wishbone:wishbone|pres_state.WB_CYCLE                                                      ; 188     ;
; Rule T102: Top nodes with the highest number of fan-outs         ; dispatch:i_dispatch|dispatch_cmd_receive:receiver|lvds_rx:cmd_rx|shift_reg:rx_sample|reg[2]~_wirecell                   ; 181     ;
; Rule T102: Top nodes with the highest number of fan-outs         ; dispatch:i_dispatch|reg:hdr0|reg_o[11]                                                                                  ; 158     ;
; Rule T102: Top nodes with the highest number of fan-outs         ; dispatch:i_dispatch|dispatch_reply_transmit:transmitter|pres_state.TX_DATA                                              ; 111     ;
; Rule T102: Top nodes with the highest number of fan-outs         ; dispatch:i_dispatch|dispatch_reply_transmit:transmitter|lvds_tx_rdy_a~3                                                 ; 105     ;
; Rule T102: Top nodes with the highest number of fan-outs         ; dispatch:i_dispatch|dispatch_wishbone:wishbone|addr_o[1]~14                                                             ; 101     ;
; Rule T102: Top nodes with the highest number of fan-outs         ; dispatch:i_dispatch|dispatch_wishbone:wishbone|addr_o[0]~13                                                             ; 97      ;
; Rule T102: Top nodes with the highest number of fan-outs         ; dispatch:i_dispatch|dispatch_reply_transmit:transmitter|lvds_tx_rdy_b~3                                                 ; 84      ;
; Rule T102: Top nodes with the highest number of fan-outs         ; dispatch:i_dispatch|dispatch_wishbone:wishbone|addr[1]                                                                  ; 78      ;
; Rule T102: Top nodes with the highest number of fan-outs         ; dispatch:i_dispatch|dispatch_wishbone:wishbone|addr[2]                                                                  ; 78      ;
; Rule T102: Top nodes with the highest number of fan-outs         ; rc_pll_stratix_iii:i_rc_pll|altpll:altpll_component|altpll_2bo2:auto_generated|clk[2]~clkctrl                           ; 77      ;
; Rule T102: Top nodes with the highest number of fan-outs         ; dispatch:i_dispatch|pres_state.FETCH                                                                                    ; 76      ;
; Rule T102: Top nodes with the highest number of fan-outs         ; frame_timing:i_frame_timing|frame_timing_core:ftc|current_state.GOT_SYNC                                                ; 74      ;
; Rule T102: Top nodes with the highest number of fan-outs         ; dispatch:i_dispatch|dispatch_reply_transmit:transmitter|Selector76~0                                                    ; 64      ;
; Rule T102: Top nodes with the highest number of fan-outs         ; dispatch:i_dispatch|dispatch_reply_transmit:transmitter|pres_state.IDLE                                                 ; 64      ;
; Rule T102: Top nodes with the highest number of fan-outs         ; fpga_thermo:i_fpga_thermo|Equal0~3                                                                                      ; 62      ;
; Rule T102: Top nodes with the highest number of fan-outs         ; fpga_thermo:i_fpga_thermo|Equal0~2                                                                                      ; 62      ;
; Rule T102: Top nodes with the highest number of fan-outs         ; dispatch:i_dispatch|dispatch_reply_transmit:transmitter|toggle_state                                                    ; 55      ;
; Rule T102: Top nodes with the highest number of fan-outs         ; dispatch:i_dispatch|dispatch_reply_transmit:transmitter|Selector76~3DUPLICATE                                           ; 53      ;
; Rule T102: Top nodes with the highest number of fan-outs         ; dispatch:i_dispatch|dispatch_cmd_receive:receiver|pres_state.IDLE                                                       ; 52      ;
; Rule T102: Top nodes with the highest number of fan-outs         ; dispatch:i_dispatch|dispatch_reply_transmit:transmitter|pres_state.TX_HDR                                               ; 49      ;
; Rule T102: Top nodes with the highest number of fan-outs         ; dispatch:i_dispatch|dispatch_wishbone:wishbone|addr[0]                                                                  ; 46      ;
; Rule T102: Top nodes with the highest number of fan-outs         ; dispatch:i_dispatch|dispatch_cmd_receive:receiver|lvds_rx:cmd_rx|lvds_receiving                                         ; 46      ;
; Rule T102: Top nodes with the highest number of fan-outs         ; dispatch:i_dispatch|dispatch_cmd_receive:receiver|lvds_rx:cmd_rx|data_ready                                             ; 45      ;
; Rule T102: Top nodes with the highest number of fan-outs         ; dispatch:i_dispatch|reg:hdr1|reg_o[17]                                                                                  ; 44      ;
; Rule T102: Top nodes with the highest number of fan-outs         ; dispatch:i_dispatch|dispatch_wishbone:wishbone|addr_o[2]~11                                                             ; 42      ;
; Rule T102: Top nodes with the highest number of fan-outs         ; dispatch:i_dispatch|dispatch_wishbone:wishbone|addr_o[5]~12                                                             ; 42      ;
; Rule T102: Top nodes with the highest number of fan-outs         ; dispatch:i_dispatch|reg:hdr1|reg_o[18]                                                                                  ; 41      ;
; Rule T102: Top nodes with the highest number of fan-outs         ; dispatch:i_dispatch|reg:hdr1|reg_o[16]                                                                                  ; 41      ;
; Rule T102: Top nodes with the highest number of fan-outs         ; dispatch:i_dispatch|reg:hdr1|reg_o[19]                                                                                  ; 40      ;
; Rule T102: Top nodes with the highest number of fan-outs         ; fpga_thermo:i_fpga_thermo|Equal0~1                                                                                      ; 39      ;
; Rule T102: Top nodes with the highest number of fan-outs         ; Mux23~56                                                                                                                ; 38      ;
; Rule T102: Top nodes with the highest number of fan-outs         ; dispatch:i_dispatch|pres_state.EXECUTE                                                                                  ; 37      ;
; Rule T102: Top nodes with the highest number of fan-outs         ; dispatch:i_dispatch|dispatch_cmd_receive:receiver|pres_state.DONE                                                       ; 37      ;
; Rule T102: Top nodes with the highest number of fan-outs         ; frame_timing:i_frame_timing|frame_timing_core:ftc|current_init_win_state.INIT_HOLD                                      ; 37      ;
; Rule T102: Top nodes with the highest number of fan-outs         ; frame_timing:i_frame_timing|frame_timing_core:ftc|current_init_win_state.RESET_HOLD                                     ; 37      ;
; Rule T102: Top nodes with the highest number of fan-outs         ; dispatch:i_dispatch|dispatch_cmd_receive:receiver|pres_state.RX_DATA                                                    ; 36      ;
; Rule T102: Top nodes with the highest number of fan-outs         ; dispatch:i_dispatch|dispatch_cmd_receive:receiver|parallel_crc:crc_calc|crc_reg~65                                      ; 36      ;
; Rule T102: Top nodes with the highest number of fan-outs         ; id_thermo:i_id_thermo|wb_ps.SEND_ID                                                                                     ; 35      ;
; Rule T102: Top nodes with the highest number of fan-outs         ; fpga_thermo:i_fpga_thermo|current_state.WR                                                                              ; 35      ;
; Rule T102: Top nodes with the highest number of fan-outs         ; dispatch:i_dispatch|dispatch_reply_transmit:transmitter|Selector76~4                                                    ; 33      ;
; Rule T102: Top nodes with the highest number of fan-outs         ; dispatch:i_dispatch|dispatch_cmd_receive:receiver|lvds_rx:cmd_rx|shift_reg:rx_buffer|reg~136                            ; 33      ;
; Rule T102: Top nodes with the highest number of fan-outs         ; dispatch:i_dispatch|dispatch_cmd_receive:receiver|Equal0~2                                                              ; 33      ;
; Rule T102: Top nodes with the highest number of fan-outs         ; dispatch:i_dispatch|dispatch_reply_transmit:transmitter|parallel_crc:crc_calc|crc_reg~64                                ; 33      ;
; Rule T102: Top nodes with the highest number of fan-outs         ; dispatch:i_dispatch|dispatch_wishbone:wishbone|us_timer:wdt|Equal0~1                                                    ; 33      ;
; Rule T102: Top nodes with the highest number of fan-outs         ; fpga_thermo:i_fpga_thermo|us_timer:timeout_timer|Equal0~1                                                               ; 33      ;
; Rule T102: Top nodes with the highest number of fan-outs         ; fpga_thermo:i_fpga_thermo|smb_master:master2|us_timer:smb_timer|Equal0~1                                                ; 33      ;
; Rule T102: Top nodes with the highest number of fan-outs         ; dispatch:i_dispatch|dispatch_cmd_receive:receiver|cmd_valid~15                                                          ; 33      ;
+------------------------------------------------------------------+-------------------------------------------------------------------------------------------------------------------------+---------+


+---------------------------+
; Design Assistant Messages ;
+---------------------------+
Info: *******************************************************************
Info: Running Quartus II Design Assistant
    Info: Version 9.0 Build 235 06/17/2009 Service Pack 2 SJ Full Version
    Info: Processing started: Thu Dec 03 17:02:55 2009
Info: Command: quartus_drc --read_settings_files=off --write_settings_files=off readout_card_stratix_iii -c readout_card_stratix_iii
Info: Using INI file C:/mce/cards/readout_card/readout_card/synth_stratix_iii/quartus.ini
Warning: Old Design Assistant assignment is used to turn ON/OFF rule. ENABLE_DA_RULE or DISABLE_DA_RULE assignment should be used to turn ON/OFF Design Assistant rule.
    Warning: RESET_RULE_COMB_ASYNCH_RESET
    Warning: RESET_RULE_UNSYNCH_EXRESET
    Warning: RESET_RULE_IMSYNCH_EXRESET
    Warning: RESET_RULE_IMSYNCH_ASYNCH_DOMAIN
    Warning: RESET_RULE_UNSYNCH_ASYNCH_DOMAIN
Info: Reading SDC File: '../../ddr2_sdram_ctrl/source/rtl/micron_ctrl_example_top.sdc'
Warning: At least one of the filters had some problems and could not be matched.
    Warning: pnf could not be matched with a port.
Warning: Ignored assignment: set_false_path -to [get_ports {pnf}]
    Warning: Argument -to with value [get_ports {pnf}] contains zero elements
Warning: At least one of the filters had some problems and could not be matched.
    Warning: test_complete could not be matched with a port.
Warning: Ignored assignment: set_false_path -to [get_ports {test_complete}]
    Warning: Argument -to with value [get_ports {test_complete}] contains zero elements
Warning: At least one of the filters had some problems and could not be matched.
    Warning: pnf_per_byte[*] could not be matched with a port.
Warning: Ignored assignment: set_false_path -to [get_ports {pnf_per_byte[*]}]
    Warning: Argument -to with value [get_ports {pnf_per_byte[*]}] contains zero elements
Info: Reading SDC File: '../../ddr2_sdram_ctrl/source/rtl/micron_ctrl_phy_ddr_timing.sdc'
Warning: At least one of the filters had some problems and could not be matched.
    Warning: micron_ctrl_phy:*|* could not be matched with a keeper.
Info: Reading SDC File: 'readout_card_stratix_iii.sdc'
Info: Deriving PLL Clocks
    Info: create_clock -period 40.000 -waveform {0.000 20.000} -name inclk inclk
    Info: create_clock -period 40.000 -waveform {0.000 20.000} -name inclk6 inclk6
    Info: create_generated_clock -source {i_adc_clk_pll|altpll_component|auto_generated|pll1|inclk[0]} -multiply_by 2 -duty_cycle 50.00 -name {adc_clk_pll_stratix_iii:i_adc_clk_pll|altpll:altpll_component|adc_clk_pll_stratix_iii_altpll:auto_generated|wire_pll1_clk[0]} {i_adc_clk_pll|altpll_component|auto_generated|pll1|clk[0]}
    Info: create_generated_clock -source {i_rc_pll|altpll_component|auto_generated|pll1|inclk[0]} -multiply_by 2 -duty_cycle 50.00 -name {rc_pll_stratix_iii:i_rc_pll|altpll:altpll_component|altpll_2bo2:auto_generated|clk[0]} {i_rc_pll|altpll_component|auto_generated|pll1|clk[0]}
    Info: create_generated_clock -source {i_rc_pll|altpll_component|auto_generated|pll1|inclk[0]} -multiply_by 4 -duty_cycle 50.00 -name {rc_pll_stratix_iii:i_rc_pll|altpll:altpll_component|altpll_2bo2:auto_generated|clk[2]} {i_rc_pll|altpll_component|auto_generated|pll1|clk[2]}
    Info: create_generated_clock -source {i_rc_pll|altpll_component|auto_generated|pll1|inclk[0]} -multiply_by 2 -phase 180.00 -duty_cycle 50.00 -name {rc_pll_stratix_iii:i_rc_pll|altpll:altpll_component|altpll_2bo2:auto_generated|clk[4]} {i_rc_pll|altpll_component|auto_generated|pll1|clk[4]}
Warning: Overwriting existing clock: inclk
Critical Warning: The following clock transfers have no clock uncertainty assignment. For more accurate results, apply clock uncertainty assignments or use the derive_clock_uncertainty command.
    Critical Warning: From rc_pll_stratix_iii:i_rc_pll|altpll:altpll_component|altpll_2bo2:auto_generated|clk[0] (Rise) to rc_pll_stratix_iii:i_rc_pll|altpll:altpll_component|altpll_2bo2:auto_generated|clk[0] (Rise) (setup and hold)
    Critical Warning: From rc_pll_stratix_iii:i_rc_pll|altpll:altpll_component|altpll_2bo2:auto_generated|clk[0] (Fall) to rc_pll_stratix_iii:i_rc_pll|altpll:altpll_component|altpll_2bo2:auto_generated|clk[0] (Rise) (setup and hold)
    Critical Warning: From rc_pll_stratix_iii:i_rc_pll|altpll:altpll_component|altpll_2bo2:auto_generated|clk[2] (Rise) to rc_pll_stratix_iii:i_rc_pll|altpll:altpll_component|altpll_2bo2:auto_generated|clk[0] (Rise) (setup and hold)
    Critical Warning: From rc_pll_stratix_iii:i_rc_pll|altpll:altpll_component|altpll_2bo2:auto_generated|clk[4] (Rise) to rc_pll_stratix_iii:i_rc_pll|altpll:altpll_component|altpll_2bo2:auto_generated|clk[0] (Rise) (setup and hold)
    Critical Warning: From rc_pll_stratix_iii:i_rc_pll|altpll:altpll_component|altpll_2bo2:auto_generated|clk[0] (Rise) to rc_pll_stratix_iii:i_rc_pll|altpll:altpll_component|altpll_2bo2:auto_generated|clk[0] (Fall) (setup and hold)
    Critical Warning: From rc_pll_stratix_iii:i_rc_pll|altpll:altpll_component|altpll_2bo2:auto_generated|clk[0] (Rise) to rc_pll_stratix_iii:i_rc_pll|altpll:altpll_component|altpll_2bo2:auto_generated|clk[2] (Rise) (setup and hold)
    Critical Warning: From rc_pll_stratix_iii:i_rc_pll|altpll:altpll_component|altpll_2bo2:auto_generated|clk[2] (Rise) to rc_pll_stratix_iii:i_rc_pll|altpll:altpll_component|altpll_2bo2:auto_generated|clk[2] (Rise) (setup and hold)
Warning: (Medium) Rule C106: Clock signal source should not drive registers that are triggered by different clock edges. Found 1 node(s) related to this rule.
    Warning: Node  "rc_pll_stratix_iii:i_rc_pll|altpll:altpll_component|altpll_2bo2:auto_generated|clk[0]"
Info: (Information) Rule T101: Nodes with more than the specified number of fan-outs. (Value defined:30). Found 82 node(s) with highest fan-out.
    Info: Node  "rc_pll_stratix_iii:i_rc_pll|altpll:altpll_component|altpll_2bo2:auto_generated|clk[0]~clkctrl"
    Info: Node  "rst~clkctrl"
    Info: Node  "dispatch:i_dispatch|dispatch_reply_transmit:transmitter|lvds_tx:reply_tx_a|shift_reg:tx_buffer|reg[1]_OTERM205"
    Info: Node  "dispatch:i_dispatch|dispatch_reply_transmit:transmitter|lvds_tx:reply_tx_a|shift_reg:tx_buffer|reg[1]_OTERM207"
    Info: Node  "dispatch:i_dispatch|dispatch_cmd_receive:receiver|lvds_rx:cmd_rx|shift_reg:rx_sample|reg[2]~_wirecell"
    Info: Node  "dispatch:i_dispatch|dispatch_reply_transmit:transmitter|lvds_tx:reply_tx_a|shift_reg:tx_buffer|reg[1]_OTERM209_OTERM463"
    Info: Node  "dispatch:i_dispatch|dispatch_reply_transmit:transmitter|lvds_tx:reply_tx_a|shift_reg:tx_buffer|reg[1]_OTERM209_OTERM467"
    Info: Node  "dispatch:i_dispatch|dispatch_reply_transmit:transmitter|lvds_tx:reply_tx_a|shift_reg:tx_buffer|reg[1]_OTERM209_OTERM465"
    Info: Node  "dispatch:i_dispatch|dispatch_reply_transmit:transmitter|toggle_state"
    Info: Node  "dispatch:i_dispatch|dispatch_reply_transmit:transmitter|lvds_tx_rdy_a~3"
    Info: Node  "dispatch:i_dispatch|dispatch_reply_transmit:transmitter|Selector76~0"
    Info: Node  "dispatch:i_dispatch|dispatch_reply_transmit:transmitter|Selector76~4DUPLICATE"
    Info: Node  "dispatch:i_dispatch|dispatch_reply_transmit:transmitter|Selector76~3DUPLICATE"
    Info: Node  "dispatch:i_dispatch|dispatch_reply_transmit:transmitter|Selector76~4"
    Info: Node  "dispatch:i_dispatch|dispatch_reply_transmit:transmitter|pres_state.IDLE"
    Info: Node  "dispatch:i_dispatch|dispatch_reply_transmit:transmitter|parallel_crc:crc_calc|crc_reg~64"
    Info: Node  "dispatch:i_dispatch|dispatch_reply_transmit:transmitter|pres_state.TX_DATA"
    Info: Node  "dispatch:i_dispatch|dispatch_reply_transmit:transmitter|pres_state.TX_HDR"
    Info: Node  "dispatch:i_dispatch|reg:hdr0|reg_o[11]"
    Info: Node  "dispatch:i_dispatch|dispatch_reply_transmit:transmitter|lvds_tx_rdy_b~3"
    Info: Node  "dispatch:i_dispatch|dispatch_cmd_receive:receiver|pres_state.DONE"
    Info: Node  "dispatch:i_dispatch|pres_state.FETCH"
    Info: Node  "dispatch:i_dispatch|dispatch_reply_transmit:transmitter|lvds_tx:reply_tx_b|fifo:data_buffer|write_nread"
    Info: Node  "dispatch:i_dispatch|dispatch_cmd_receive:receiver|cmd_valid~15"
    Info: Node  "dispatch:i_dispatch|dispatch_cmd_receive:receiver|Equal0~2"
    Info: Node  "dispatch:i_dispatch|pres_state.EXECUTE"
    Info: Node  "dispatch:i_dispatch|dispatch_cmd_receive:receiver|lvds_rx:cmd_rx|data_ready"
    Info: Node  "dispatch:i_dispatch|dispatch_wishbone:wishbone|pres_state.WB_CYCLE"
    Info: Node  "dispatch:i_dispatch|dispatch_cmd_receive:receiver|pres_state.RX_DATA"
    Info: Node  "dispatch:i_dispatch|dispatch_wishbone:wishbone|addr[0]"
    Info: Truncated list of Design Assistant messages to 30 messages. Go to sections under Design Assistant section of Compilation Report for complete lists of Design Assistant messages generated.
Info: (Information) Rule T102: Top nodes with the highest number of fan-outs. (Value defined:50). Found 50 node(s) with highest fan-out.
    Info: Node  "rc_pll_stratix_iii:i_rc_pll|altpll:altpll_component|altpll_2bo2:auto_generated|clk[0]~clkctrl"
    Info: Node  "rst~clkctrl"
    Info: Node  "dispatch:i_dispatch|dispatch_wishbone:wishbone|pres_state.WB_CYCLE"
    Info: Node  "dispatch:i_dispatch|dispatch_cmd_receive:receiver|lvds_rx:cmd_rx|shift_reg:rx_sample|reg[2]~_wirecell"
    Info: Node  "dispatch:i_dispatch|reg:hdr0|reg_o[11]"
    Info: Node  "dispatch:i_dispatch|dispatch_reply_transmit:transmitter|pres_state.TX_DATA"
    Info: Node  "dispatch:i_dispatch|dispatch_reply_transmit:transmitter|lvds_tx_rdy_a~3"
    Info: Node  "dispatch:i_dispatch|dispatch_wishbone:wishbone|addr_o[1]~14"
    Info: Node  "dispatch:i_dispatch|dispatch_wishbone:wishbone|addr_o[0]~13"
    Info: Node  "dispatch:i_dispatch|dispatch_reply_transmit:transmitter|lvds_tx_rdy_b~3"
    Info: Node  "dispatch:i_dispatch|dispatch_wishbone:wishbone|addr[1]"
    Info: Node  "dispatch:i_dispatch|dispatch_wishbone:wishbone|addr[2]"
    Info: Node  "rc_pll_stratix_iii:i_rc_pll|altpll:altpll_component|altpll_2bo2:auto_generated|clk[2]~clkctrl"
    Info: Node  "dispatch:i_dispatch|pres_state.FETCH"
    Info: Node  "frame_timing:i_frame_timing|frame_timing_core:ftc|current_state.GOT_SYNC"
    Info: Node  "dispatch:i_dispatch|dispatch_reply_transmit:transmitter|Selector76~0"
    Info: Node  "dispatch:i_dispatch|dispatch_reply_transmit:transmitter|pres_state.IDLE"
    Info: Node  "fpga_thermo:i_fpga_thermo|Equal0~3"
    Info: Node  "fpga_thermo:i_fpga_thermo|Equal0~2"
    Info: Node  "dispatch:i_dispatch|dispatch_reply_transmit:transmitter|toggle_state"
    Info: Node  "dispatch:i_dispatch|dispatch_reply_transmit:transmitter|Selector76~3DUPLICATE"
    Info: Node  "dispatch:i_dispatch|dispatch_cmd_receive:receiver|pres_state.IDLE"
    Info: Node  "dispatch:i_dispatch|dispatch_reply_transmit:transmitter|pres_state.TX_HDR"
    Info: Node  "dispatch:i_dispatch|dispatch_wishbone:wishbone|addr[0]"
    Info: Node  "dispatch:i_dispatch|dispatch_cmd_receive:receiver|lvds_rx:cmd_rx|lvds_receiving"
    Info: Node  "dispatch:i_dispatch|dispatch_cmd_receive:receiver|lvds_rx:cmd_rx|data_ready"
    Info: Node  "dispatch:i_dispatch|reg:hdr1|reg_o[17]"
    Info: Node  "dispatch:i_dispatch|dispatch_wishbone:wishbone|addr_o[2]~11"
    Info: Node  "dispatch:i_dispatch|dispatch_wishbone:wishbone|addr_o[5]~12"
    Info: Node  "dispatch:i_dispatch|reg:hdr1|reg_o[18]"
    Info: Truncated list of Design Assistant messages to 30 messages. Go to sections under Design Assistant section of Compilation Report for complete lists of Design Assistant messages generated.
Info: Design Assistant information: finished post-fitting analysis of current design -- generated 132 information messages and 1 warning messages
Info: Quartus II Design Assistant was successful. 0 errors, 31 warnings
    Info: Peak virtual memory: 158 megabytes
    Info: Processing ended: Thu Dec 03 17:02:59 2009
    Info: Elapsed time: 00:00:04
    Info: Total CPU time (on all processors): 00:00:04


