Flow report for addr_card
Thu Jan 20 11:38:14 2005
Version 4.1 Build 208 09/10/2004 Service Pack 2 SJ Full Version


---------------------
; Table of Contents ;
---------------------
  1. Legal Notice
  2. Flow Summary
  3. Flow Settings
  4. Flow Elapsed Time
  5. Flow Log



----------------
; Legal Notice ;
----------------
Copyright (C) 1991-2004 Altera Corporation
Any  megafunction  design,  and related netlist (encrypted  or  decrypted),
support information,  device programming or simulation file,  and any other
associated  documentation or information  provided by  Altera  or a partner
under  Altera's   Megafunction   Partnership   Program  may  be  used  only
to program  PLD  devices (but not masked  PLD  devices) from  Altera.   Any
other  use  of such  megafunction  design,  netlist,  support  information,
device programming or simulation file,  or any other  related documentation
or information  is prohibited  for  any  other purpose,  including, but not
limited to  modification,  reverse engineering,  de-compiling, or use  with
any other  silicon devices,  unless such use is  explicitly  licensed under
a separate agreement with  Altera  or a megafunction partner.  Title to the
intellectual property,  including patents,  copyrights,  trademarks,  trade
secrets,  or maskworks,  embodied in any such megafunction design, netlist,
support  information,  device programming or simulation file,  or any other
related documentation or information provided by  Altera  or a megafunction
partner, remains with Altera, the megafunction partner, or their respective
licensors. No other licenses, including any licenses needed under any third
party's intellectual property, are provided herein.



+--------------------------------------------------------------------------+
; Flow Summary                                                             ;
+--------------------------+-----------------------------------------------+
; Flow Status              ; Successful - Thu Jan 20 11:38:14 2005         ;
; Quartus II Version       ; 4.1 Build 208 09/10/2004 SP 2 SJ Full Version ;
; Revision Name            ; addr_card                                     ;
; Top-level Entity Name    ; addr_card                                     ;
; Family                   ; Stratix                                       ;
; Device                   ; EP1S10F780C5                                  ;
; Timing Models            ; Production                                    ;
; Total logic elements     ; 2,177 / 10,570 ( 20 % )                       ;
; Total pins               ; 275 / 427 ( 64 % )                            ;
; Total memory bits        ; 12,928 / 920,448 ( 1 % )                      ;
; DSP block 9-bit elements ; 8 / 48 ( 16 % )                               ;
; Total PLLs               ; 1 / 6 ( 16 % )                                ;
; Total DLLs               ; 0 / 2 ( 0 % )                                 ;
+--------------------------+-----------------------------------------------+


+-----------------------------------------+
; Flow Settings                           ;
+-------------------+---------------------+
; Option            ; Setting             ;
+-------------------+---------------------+
; Start date & time ; 01/20/2005 11:31:31 ;
; Main task         ; Compilation         ;
; Revision Name     ; addr_card           ;
+-------------------+---------------------+


+-------------------------------------+
; Flow Elapsed Time                   ;
+----------------------+--------------+
; Module Name          ; Elapsed Time ;
+----------------------+--------------+
; Analysis & Synthesis ; 00:00:56     ;
; Fitter               ; 00:05:29     ;
; Assembler            ; 00:00:04     ;
; Timing Analyzer      ; 00:00:03     ;
; Design Assistant     ; 00:00:04     ;
; Total                ; 00:06:36     ;
+----------------------+--------------+


------------
; Flow Log ;
------------
quartus_map --import_settings_files=on --export_settings_files=off addr_card -c addr_card
quartus_fit --import_settings_files=off --export_settings_files=off addr_card -c addr_card
quartus_asm --import_settings_files=off --export_settings_files=off addr_card -c addr_card
quartus_tan --import_settings_files=off --export_settings_files=off addr_card -c addr_card --timing_analysis_only
quartus_drc --import_settings_files=off --export_settings_files=off addr_card -c addr_card



